<?xml version="1.0" encoding="UTF-8"?>
<testsuite name="com.example.Schedulle.SchedulleApplicationTests" tests="1" skipped="0" failures="0" errors="0" timestamp="2021-03-05T04:20:28" hostname="DESKTOP-QAD0F6A" time="0.123">
  <properties/>
  <testcase name="contextLoads()" classname="com.example.Schedulle.SchedulleApplicationTests" time="0.123"/>
  <system-out><![CDATA[13:20:24.454 [Test worker] DEBUG org.springframework.test.context.BootstrapUtils - Instantiating CacheAwareContextLoaderDelegate from class [org.springframework.test.context.cache.DefaultCacheAwareContextLoaderDelegate]
13:20:24.463 [Test worker] DEBUG org.springframework.test.context.BootstrapUtils - Instantiating BootstrapContext using constructor [public org.springframework.test.context.support.DefaultBootstrapContext(java.lang.Class,org.springframework.test.context.CacheAwareContextLoaderDelegate)]
13:20:24.484 [Test worker] DEBUG org.springframework.test.context.BootstrapUtils - Instantiating TestContextBootstrapper for test class [com.example.Schedulle.SchedulleApplicationTests] from class [org.springframework.boot.test.context.SpringBootTestContextBootstrapper]
13:20:24.491 [Test worker] INFO org.springframework.boot.test.context.SpringBootTestContextBootstrapper - Neither @ContextConfiguration nor @ContextHierarchy found for test class [com.example.Schedulle.SchedulleApplicationTests], using SpringBootContextLoader
13:20:24.494 [Test worker] DEBUG org.springframework.test.context.support.AbstractContextLoader - Did not detect default resource location for test class [com.example.Schedulle.SchedulleApplicationTests]: class path resource [com/example/Schedulle/SchedulleApplicationTests-context.xml] does not exist
13:20:24.494 [Test worker] DEBUG org.springframework.test.context.support.AbstractContextLoader - Did not detect default resource location for test class [com.example.Schedulle.SchedulleApplicationTests]: class path resource [com/example/Schedulle/SchedulleApplicationTestsContext.groovy] does not exist
13:20:24.494 [Test worker] INFO org.springframework.test.context.support.AbstractContextLoader - Could not detect default resource locations for test class [com.example.Schedulle.SchedulleApplicationTests]: no resource found for suffixes {-context.xml, Context.groovy}.
13:20:24.495 [Test worker] INFO org.springframework.test.context.support.AnnotationConfigContextLoaderUtils - Could not detect default configuration classes for test class [com.example.Schedulle.SchedulleApplicationTests]: SchedulleApplicationTests does not declare any static, non-private, non-final, nested classes annotated with @Configuration.
13:20:24.521 [Test worker] DEBUG org.springframework.test.context.support.ActiveProfilesUtils - Could not find an 'annotation declaring class' for annotation type [org.springframework.test.context.ActiveProfiles] and class [com.example.Schedulle.SchedulleApplicationTests]
13:20:24.559 [Test worker] DEBUG org.springframework.context.annotation.ClassPathScanningCandidateComponentProvider - Identified candidate component class: file [C:\workspace\workspace_eclipse\SpringBoot\practice\Schedulle\build\classes\java\main\com\example\Schedulle\SchedulleApplication.class]
13:20:24.560 [Test worker] INFO org.springframework.boot.test.context.SpringBootTestContextBootstrapper - Found @SpringBootConfiguration com.example.Schedulle.SchedulleApplication for test class com.example.Schedulle.SchedulleApplicationTests
13:20:24.626 [Test worker] DEBUG org.springframework.boot.test.context.SpringBootTestContextBootstrapper - @TestExecutionListeners is not present for class [com.example.Schedulle.SchedulleApplicationTests]: using defaults.
13:20:24.627 [Test worker] INFO org.springframework.boot.test.context.SpringBootTestContextBootstrapper - Loaded default TestExecutionListener class names from location [META-INF/spring.factories]: [org.springframework.security.test.context.support.WithSecurityContextTestExecutionListener, org.springframework.security.test.context.support.ReactorContextTestExecutionListener, org.springframework.boot.test.autoconfigure.restdocs.RestDocsTestExecutionListener, org.springframework.boot.test.autoconfigure.web.client.MockRestServiceServerResetTestExecutionListener, org.springframework.boot.test.autoconfigure.web.servlet.MockMvcPrintOnlyOnFailureTestExecutionListener, org.springframework.boot.test.autoconfigure.web.servlet.WebDriverTestExecutionListener, org.springframework.boot.test.autoconfigure.webservices.client.MockWebServiceServerTestExecutionListener, org.springframework.boot.test.mock.mockito.MockitoTestExecutionListener, org.springframework.boot.test.mock.mockito.ResetMocksTestExecutionListener, org.springframework.test.context.web.ServletTestExecutionListener, org.springframework.test.context.support.DirtiesContextBeforeModesTestExecutionListener, org.springframework.test.context.event.ApplicationEventsTestExecutionListener, org.springframework.test.context.support.DependencyInjectionTestExecutionListener, org.springframework.test.context.support.DirtiesContextTestExecutionListener, org.springframework.test.context.transaction.TransactionalTestExecutionListener, org.springframework.test.context.jdbc.SqlScriptsTestExecutionListener, org.springframework.test.context.event.EventPublishingTestExecutionListener]
13:20:24.640 [Test worker] INFO org.springframework.boot.test.context.SpringBootTestContextBootstrapper - Using TestExecutionListeners: [org.springframework.test.context.web.ServletTestExecutionListener@4cf7ebb9, org.springframework.test.context.support.DirtiesContextBeforeModesTestExecutionListener@47653a29, org.springframework.test.context.event.ApplicationEventsTestExecutionListener@1806b722, org.springframework.boot.test.mock.mockito.MockitoTestExecutionListener@58d29595, org.springframework.boot.test.autoconfigure.SpringBootDependencyInjectionTestExecutionListener@2b8b1715, org.springframework.test.context.support.DirtiesContextTestExecutionListener@45d1c43f, org.springframework.test.context.transaction.TransactionalTestExecutionListener@6843d400, org.springframework.test.context.jdbc.SqlScriptsTestExecutionListener@24f19aa0, org.springframework.security.test.context.support.WithSecurityContextTestExecutionListener@57310294, org.springframework.test.context.event.EventPublishingTestExecutionListener@1c0ac471, org.springframework.security.test.context.support.ReactorContextTestExecutionListener@6a9fe024, org.springframework.boot.test.autoconfigure.restdocs.RestDocsTestExecutionListener@4293434d, org.springframework.boot.test.autoconfigure.web.client.MockRestServiceServerResetTestExecutionListener@1d69dc29, org.springframework.boot.test.autoconfigure.web.servlet.MockMvcPrintOnlyOnFailureTestExecutionListener@578abab9, org.springframework.boot.test.autoconfigure.web.servlet.WebDriverTestExecutionListener@4201feac, org.springframework.boot.test.autoconfigure.webservices.client.MockWebServiceServerTestExecutionListener@1ad0448a, org.springframework.boot.test.mock.mockito.ResetMocksTestExecutionListener@490b4b6d]
13:20:24.642 [Test worker] DEBUG org.springframework.test.context.support.AbstractDirtiesContextTestExecutionListener - Before test class: context [DefaultTestContext@20e9477f testClass = SchedulleApplicationTests, testInstance = [null], testMethod = [null], testException = [null], mergedContextConfiguration = [WebMergedContextConfiguration@46a25ddf testClass = SchedulleApplicationTests, locations = '{}', classes = '{class com.example.Schedulle.SchedulleApplication}', contextInitializerClasses = '[]', activeProfiles = '{}', propertySourceLocations = '{}', propertySourceProperties = '{org.springframework.boot.test.context.SpringBootTestContextBootstrapper=true}', contextCustomizers = set[org.springframework.boot.test.autoconfigure.actuate.metrics.MetricsExportContextCustomizerFactory$DisableMetricExportContextCustomizer@1d9d76af, org.springframework.boot.test.autoconfigure.properties.PropertyMappingContextCustomizer@0, org.springframework.boot.test.autoconfigure.web.servlet.WebDriverContextCustomizerFactory$Customizer@260e1381, org.springframework.boot.test.context.filter.ExcludeFilterContextCustomizer@7c86f69, org.springframework.boot.test.json.DuplicateJsonObjectContextCustomizerFactory$DuplicateJsonObjectContextCustomizer@cde4049, org.springframework.boot.test.mock.mockito.MockitoContextCustomizer@0, org.springframework.boot.test.web.client.TestRestTemplateContextCustomizer@43dae147, org.springframework.boot.test.context.SpringBootTestArgs@1, org.springframework.boot.test.context.SpringBootTestWebEnvironment@1f4456ac], resourceBasePath = 'src/main/webapp', contextLoader = 'org.springframework.boot.test.context.SpringBootContextLoader', parent = [null]], attributes = map['org.springframework.test.context.web.ServletTestExecutionListener.activateListener' -> true]], class annotated with @DirtiesContext [false] with mode [null].
13:20:24.664 [Test worker] DEBUG org.springframework.test.context.support.TestPropertySourceUtils - Adding inlined properties to environment: {spring.jmx.enabled=false, org.springframework.boot.test.context.SpringBootTestContextBootstrapper=true}

  .   ____          _            __ _ _
 /\\ / ___'_ __ _ _(_)_ __  __ _ \ \ \ \
( ( )\___ | '_ | '_| | '_ \/ _` | \ \ \ \
 \\/  ___)| |_)| | | | | || (_| |  ) ) ) )
  '  |____| .__|_| |_|_| |_\__, | / / / /
 =========|_|==============|___/=/_/_/_/
 :: Spring Boot ::                (v2.4.3)

2021-03-05 13:20:24.838  INFO 21816 --- [    Test worker] c.e.Schedulle.SchedulleApplicationTests  : Starting SchedulleApplicationTests using Java 15.0.2 on DESKTOP-QAD0F6A with PID 21816 (started by kaoru in C:\workspace\workspace_eclipse\SpringBoot\practice\Schedulle)
2021-03-05 13:20:24.838 DEBUG 21816 --- [    Test worker] c.e.Schedulle.SchedulleApplicationTests  : Running with Spring Boot v2.4.3, Spring v5.3.4
2021-03-05 13:20:24.839  INFO 21816 --- [    Test worker] c.e.Schedulle.SchedulleApplicationTests  : No active profile set, falling back to default profiles: default
2021-03-05 13:20:24.839 DEBUG 21816 --- [    Test worker] o.s.boot.SpringApplication               : Loading source class com.example.Schedulle.SchedulleApplication
2021-03-05 13:20:24.860 DEBUG 21816 --- [    Test worker] o.s.w.c.s.GenericWebApplicationContext   : Refreshing org.springframework.web.context.support.GenericWebApplicationContext@57c0baab
2021-03-05 13:20:24.875 DEBUG 21816 --- [    Test worker] o.s.b.f.s.DefaultListableBeanFactory     : Creating shared instance of singleton bean 'org.springframework.context.annotation.internalConfigurationAnnotationProcessor'
2021-03-05 13:20:24.884 DEBUG 21816 --- [    Test worker] o.s.b.f.s.DefaultListableBeanFactory     : Creating shared instance of singleton bean 'org.springframework.boot.autoconfigure.internalCachingMetadataReaderFactory'
2021-03-05 13:20:24.917 DEBUG 21816 --- [    Test worker] o.s.c.a.ClassPathBeanDefinitionScanner   : Identified candidate component class: file [C:\workspace\workspace_eclipse\SpringBoot\practice\Schedulle\build\classes\java\main\com\example\Schedulle\Config\SchedulleRegistController.class]
2021-03-05 13:20:24.919 DEBUG 21816 --- [    Test worker] o.s.c.a.ClassPathBeanDefinitionScanner   : Identified candidate component class: file [C:\workspace\workspace_eclipse\SpringBoot\practice\Schedulle\build\classes\java\main\com\example\Schedulle\Config\WebSecurityConfig.class]
2021-03-05 13:20:24.921 DEBUG 21816 --- [    Test worker] o.s.c.a.ClassPathBeanDefinitionScanner   : Identified candidate component class: file [C:\workspace\workspace_eclipse\SpringBoot\practice\Schedulle\build\classes\java\main\com\example\Schedulle\auth\LoginController.class]
2021-03-05 13:20:24.924 DEBUG 21816 --- [    Test worker] o.s.c.a.ClassPathBeanDefinitionScanner   : Identified candidate component class: file [C:\workspace\workspace_eclipse\SpringBoot\practice\Schedulle\build\classes\java\main\com\example\Schedulle\auth\UserService.class]
2021-03-05 13:20:24.925 DEBUG 21816 --- [    Test worker] o.s.c.a.ClassPathBeanDefinitionScanner   : Identified candidate component class: file [C:\workspace\workspace_eclipse\SpringBoot\practice\Schedulle\build\classes\java\main\com\example\Schedulle\auth\account\ProfileEditController.class]
2021-03-05 13:20:24.926 DEBUG 21816 --- [    Test worker] o.s.c.a.ClassPathBeanDefinitionScanner   : Identified candidate component class: file [C:\workspace\workspace_eclipse\SpringBoot\practice\Schedulle\build\classes\java\main\com\example\Schedulle\auth\account\ProfileEditService.class]
2021-03-05 13:20:24.927 DEBUG 21816 --- [    Test worker] o.s.c.a.ClassPathBeanDefinitionScanner   : Identified candidate component class: file [C:\workspace\workspace_eclipse\SpringBoot\practice\Schedulle\build\classes\java\main\com\example\Schedulle\common\MypageController.class]
2021-03-05 13:20:24.928 DEBUG 21816 --- [    Test worker] o.s.c.a.ClassPathBeanDefinitionScanner   : Identified candidate component class: file [C:\workspace\workspace_eclipse\SpringBoot\practice\Schedulle\build\classes\java\main\com\example\Schedulle\common\schedulle\MonthBaseService.class]
2021-03-05 13:20:24.929 DEBUG 21816 --- [    Test worker] o.s.c.a.ClassPathBeanDefinitionScanner   : Identified candidate component class: file [C:\workspace\workspace_eclipse\SpringBoot\practice\Schedulle\build\classes\java\main\com\example\Schedulle\common\schedulle\SchedulleService.class]
2021-03-05 13:20:25.061 DEBUG 21816 --- [    Test worker] o.s.c.e.PropertySourcesPropertyResolver  : Found key 'spring.jmx.enabled' in PropertySource 'configurationProperties' with value of type String
2021-03-05 13:20:25.096 DEBUG 21816 --- [    Test worker] o.s.c.e.PropertySourcesPropertyResolver  : Found key 'spring.jmx.enabled' in PropertySource 'configurationProperties' with value of type String
2021-03-05 13:20:25.096 DEBUG 21816 --- [    Test worker] o.s.c.e.PropertySourcesPropertyResolver  : Found key 'spring.datasource.url' in PropertySource 'configurationProperties' with value of type String
2021-03-05 13:20:25.271  INFO 21816 --- [    Test worker] .s.d.r.c.RepositoryConfigurationDelegate : Bootstrapping Spring Data JPA repositories in DEFAULT mode.
2021-03-05 13:20:25.275 DEBUG 21816 --- [    Test worker] o.s.b.f.s.DefaultListableBeanFactory     : Creating shared instance of singleton bean 'org.springframework.boot.autoconfigure.AutoConfigurationPackages'
2021-03-05 13:20:25.276 DEBUG 21816 --- [    Test worker] .s.d.r.c.RepositoryConfigurationDelegate : Scanning for JPA repositories in packages com.example.Schedulle.
2021-03-05 13:20:25.283 DEBUG 21816 --- [    Test worker] o.s.d.r.c.RepositoryComponentProvider    : Identified candidate component class: file [C:\workspace\workspace_eclipse\SpringBoot\practice\Schedulle\build\classes\java\main\com\example\Schedulle\auth\UserRepostitory.class]
2021-03-05 13:20:25.284 DEBUG 21816 --- [    Test worker] o.s.d.r.c.RepositoryComponentProvider    : Identified candidate component class: file [C:\workspace\workspace_eclipse\SpringBoot\practice\Schedulle\build\classes\java\main\com\example\Schedulle\common\schedulle\SchedulleRepository.class]
2021-03-05 13:20:25.312  INFO 21816 --- [    Test worker] .s.d.r.c.RepositoryConfigurationDelegate : Finished Spring Data repository scanning in 35 ms. Found 2 JPA repository interfaces.
2021-03-05 13:20:25.436 DEBUG 21816 --- [    Test worker] o.s.b.f.s.DefaultListableBeanFactory     : Creating shared instance of singleton bean 'propertySourcesPlaceholderConfigurer'
2021-03-05 13:20:25.439 DEBUG 21816 --- [    Test worker] o.s.b.f.s.DefaultListableBeanFactory     : Creating shared instance of singleton bean 'org.springframework.boot.test.mock.mockito.MockitoPostProcessor'
2021-03-05 13:20:25.444 DEBUG 21816 --- [    Test worker] o.s.b.f.s.DefaultListableBeanFactory     : Creating shared instance of singleton bean 'emBeanDefinitionRegistrarPostProcessor'
2021-03-05 13:20:25.463 DEBUG 21816 --- [    Test worker] o.s.b.f.s.DefaultListableBeanFactory     : Creating shared instance of singleton bean 'org.springframework.context.event.internalEventListenerProcessor'
2021-03-05 13:20:25.464 DEBUG 21816 --- [    Test worker] o.s.b.f.s.DefaultListableBeanFactory     : Creating shared instance of singleton bean 'preserveErrorControllerTargetClassPostProcessor'
2021-03-05 13:20:25.464 DEBUG 21816 --- [    Test worker] o.s.b.f.s.DefaultListableBeanFactory     : Creating shared instance of singleton bean 'conversionServicePostProcessor'
2021-03-05 13:20:25.466 DEBUG 21816 --- [    Test worker] o.s.b.f.s.DefaultListableBeanFactory     : Creating shared instance of singleton bean 'org.springframework.context.event.internalEventListenerFactory'
2021-03-05 13:20:25.467 DEBUG 21816 --- [    Test worker] o.s.b.f.s.DefaultListableBeanFactory     : Creating shared instance of singleton bean 'org.springframework.transaction.config.internalTransactionalEventListenerFactory'
2021-03-05 13:20:25.477 DEBUG 21816 --- [    Test worker] o.s.b.f.s.DefaultListableBeanFactory     : Creating shared instance of singleton bean 'org.springframework.boot.test.mock.mockito.MockitoPostProcessor$SpyPostProcessor'
2021-03-05 13:20:25.478 DEBUG 21816 --- [    Test worker] o.s.b.f.s.DefaultListableBeanFactory     : Creating shared instance of singleton bean 'org.springframework.context.annotation.internalAutowiredAnnotationProcessor'
2021-03-05 13:20:25.479 DEBUG 21816 --- [    Test worker] o.s.b.f.s.DefaultListableBeanFactory     : Creating shared instance of singleton bean 'org.springframework.context.annotation.internalCommonAnnotationProcessor'
2021-03-05 13:20:25.481 DEBUG 21816 --- [    Test worker] o.s.b.f.s.DefaultListableBeanFactory     : Creating shared instance of singleton bean 'org.springframework.context.annotation.internalPersistenceAnnotationProcessor'
2021-03-05 13:20:25.482 DEBUG 21816 --- [    Test worker] o.s.b.f.s.DefaultListableBeanFactory     : Creating shared instance of singleton bean 'org.springframework.boot.context.properties.ConfigurationPropertiesBindingPostProcessor'
2021-03-05 13:20:25.482 DEBUG 21816 --- [    Test worker] o.s.b.f.s.DefaultListableBeanFactory     : Creating shared instance of singleton bean 'org.springframework.boot.context.internalConfigurationPropertiesBinder'
2021-03-05 13:20:25.482 DEBUG 21816 --- [    Test worker] o.s.b.f.s.DefaultListableBeanFactory     : Creating shared instance of singleton bean 'org.springframework.boot.context.internalConfigurationPropertiesBinderFactory'
2021-03-05 13:20:25.484 DEBUG 21816 --- [    Test worker] o.s.b.f.s.DefaultListableBeanFactory     : Creating shared instance of singleton bean 'org.springframework.aop.config.internalAutoProxyCreator'
2021-03-05 13:20:25.505 DEBUG 21816 --- [    Test worker] o.s.b.f.s.DefaultListableBeanFactory     : Creating shared instance of singleton bean 'dataSourceInitializerPostProcessor'
2021-03-05 13:20:25.508 DEBUG 21816 --- [    Test worker] o.s.b.f.s.DefaultListableBeanFactory     : Creating shared instance of singleton bean 'persistenceExceptionTranslationPostProcessor'
2021-03-05 13:20:25.516 DEBUG 21816 --- [    Test worker] o.s.b.f.s.DefaultListableBeanFactory     : Autowiring by type from bean name 'persistenceExceptionTranslationPostProcessor' via factory method to bean named 'environment'
2021-03-05 13:20:25.523 DEBUG 21816 --- [    Test worker] o.s.b.f.s.DefaultListableBeanFactory     : Creating shared instance of singleton bean 'webServerFactoryCustomizerBeanPostProcessor'
2021-03-05 13:20:25.525 DEBUG 21816 --- [    Test worker] o.s.b.f.s.DefaultListableBeanFactory     : Creating shared instance of singleton bean 'errorPageRegistrarBeanPostProcessor'
2021-03-05 13:20:25.527 DEBUG 21816 --- [    Test worker] o.s.b.f.s.DefaultListableBeanFactory     : Creating shared instance of singleton bean 'dataSourceInitializedPublisher'
2021-03-05 13:20:25.530 DEBUG 21816 --- [    Test worker] o.s.b.f.s.DefaultListableBeanFactory     : Creating shared instance of singleton bean 'projectingArgumentResolverBeanPostProcessor'
2021-03-05 13:20:25.531 DEBUG 21816 --- [    Test worker] o.s.b.f.s.DefaultListableBeanFactory     : Creating shared instance of singleton bean 'org.springframework.transaction.config.internalTransactionAdvisor'
2021-03-05 13:20:25.531 DEBUG 21816 --- [    Test worker] o.s.b.f.s.DefaultListableBeanFactory     : Creating shared instance of singleton bean 'org.springframework.transaction.annotation.ProxyTransactionManagementConfiguration'
2021-03-05 13:20:25.539 DEBUG 21816 --- [    Test worker] o.s.b.f.s.DefaultListableBeanFactory     : Creating shared instance of singleton bean 'transactionAttributeSource'
2021-03-05 13:20:25.542 DEBUG 21816 --- [    Test worker] o.s.b.f.s.DefaultListableBeanFactory     : Creating shared instance of singleton bean 'transactionInterceptor'
2021-03-05 13:20:25.543 DEBUG 21816 --- [    Test worker] o.s.b.f.s.DefaultListableBeanFactory     : Autowiring by type from bean name 'transactionInterceptor' via factory method to bean named 'transactionAttributeSource'
2021-03-05 13:20:25.551 DEBUG 21816 --- [    Test worker] o.s.b.f.s.DefaultListableBeanFactory     : Autowiring by type from bean name 'org.springframework.transaction.config.internalTransactionAdvisor' via factory method to bean named 'transactionAttributeSource'
2021-03-05 13:20:25.551 DEBUG 21816 --- [    Test worker] o.s.b.f.s.DefaultListableBeanFactory     : Autowiring by type from bean name 'org.springframework.transaction.config.internalTransactionAdvisor' via factory method to bean named 'transactionInterceptor'
2021-03-05 13:20:25.573 DEBUG 21816 --- [    Test worker] o.s.u.c.s.UiApplicationContextUtils      : Unable to locate ThemeSource with name 'themeSource': using default [org.springframework.ui.context.support.ResourceBundleThemeSource@337ecec5]
2021-03-05 13:20:25.574 DEBUG 21816 --- [    Test worker] o.s.b.f.s.DefaultListableBeanFactory     : Creating shared instance of singleton bean 'entityManagerFactory'
2021-03-05 13:20:25.574 DEBUG 21816 --- [    Test worker] o.s.b.f.s.DefaultListableBeanFactory     : Creating shared instance of singleton bean 'org.springframework.boot.autoconfigure.orm.jpa.HibernateJpaConfiguration'
2021-03-05 13:20:25.575 DEBUG 21816 --- [    Test worker] o.s.b.f.s.DefaultListableBeanFactory     : Creating shared instance of singleton bean 'dataSource'
2021-03-05 13:20:25.575 DEBUG 21816 --- [    Test worker] o.s.b.f.s.DefaultListableBeanFactory     : Creating shared instance of singleton bean 'org.springframework.boot.autoconfigure.jdbc.DataSourceConfiguration$Hikari'
2021-03-05 13:20:25.576 DEBUG 21816 --- [    Test worker] o.s.b.f.s.DefaultListableBeanFactory     : Creating shared instance of singleton bean 'spring.datasource-org.springframework.boot.autoconfigure.jdbc.DataSourceProperties'
2021-03-05 13:20:25.583 DEBUG 21816 --- [    Test worker] o.s.b.f.s.DefaultListableBeanFactory     : Creating shared instance of singleton bean 'org.springframework.boot.context.properties.BoundConfigurationProperties'
2021-03-05 13:20:25.593 DEBUG 21816 --- [    Test worker] o.s.b.f.s.DefaultListableBeanFactory     : Autowiring by type from bean name 'dataSource' via factory method to bean named 'spring.datasource-org.springframework.boot.autoconfigure.jdbc.DataSourceProperties'
2021-03-05 13:20:25.605 DEBUG 21816 --- [    Test worker] com.zaxxer.hikari.HikariConfig           : Driver class org.postgresql.Driver found in Thread context class loader jdk.internal.loader.ClassLoaders$AppClassLoader@6d06d69c
2021-03-05 13:20:25.625 DEBUG 21816 --- [    Test worker] o.s.b.f.s.DefaultListableBeanFactory     : Creating shared instance of singleton bean 'org.springframework.boot.autoconfigure.jdbc.DataSourceInitializerInvoker'
2021-03-05 13:20:25.626 DEBUG 21816 --- [    Test worker] o.s.b.f.s.DefaultListableBeanFactory     : Autowiring by type from bean name 'org.springframework.boot.autoconfigure.jdbc.DataSourceInitializerInvoker' via constructor to bean named 'spring.datasource-org.springframework.boot.autoconfigure.jdbc.DataSourceProperties'
2021-03-05 13:20:25.626 DEBUG 21816 --- [    Test worker] o.s.b.f.s.DefaultListableBeanFactory     : Autowiring by type from bean name 'org.springframework.boot.autoconfigure.jdbc.DataSourceInitializerInvoker' via constructor to bean named 'org.springframework.web.context.support.GenericWebApplicationContext@57c0baab'
2021-03-05 13:20:25.633 DEBUG 21816 --- [    Test worker] o.s.b.f.s.DefaultListableBeanFactory     : Creating shared instance of singleton bean 'spring.jpa-org.springframework.boot.autoconfigure.orm.jpa.JpaProperties'
2021-03-05 13:20:25.638 DEBUG 21816 --- [    Test worker] o.s.b.f.s.DefaultListableBeanFactory     : Creating shared instance of singleton bean 'spring.jpa.hibernate-org.springframework.boot.autoconfigure.orm.jpa.HibernateProperties'
2021-03-05 13:20:25.642 DEBUG 21816 --- [    Test worker] o.s.b.f.s.DefaultListableBeanFactory     : Autowiring by type from bean name 'org.springframework.boot.autoconfigure.orm.jpa.HibernateJpaConfiguration' via constructor to bean named 'dataSource'
2021-03-05 13:20:25.642 DEBUG 21816 --- [    Test worker] o.s.b.f.s.DefaultListableBeanFactory     : Autowiring by type from bean name 'org.springframework.boot.autoconfigure.orm.jpa.HibernateJpaConfiguration' via constructor to bean named 'spring.jpa-org.springframework.boot.autoconfigure.orm.jpa.JpaProperties'
2021-03-05 13:20:25.642 DEBUG 21816 --- [    Test worker] o.s.b.f.s.DefaultListableBeanFactory     : Autowiring by type from bean name 'org.springframework.boot.autoconfigure.orm.jpa.HibernateJpaConfiguration' via constructor to bean named 'org.springframework.beans.factory.support.DefaultListableBeanFactory@741405dd'
2021-03-05 13:20:25.642 DEBUG 21816 --- [    Test worker] o.s.b.f.s.DefaultListableBeanFactory     : Autowiring by type from bean name 'org.springframework.boot.autoconfigure.orm.jpa.HibernateJpaConfiguration' via constructor to bean named 'spring.jpa.hibernate-org.springframework.boot.autoconfigure.orm.jpa.HibernateProperties'
2021-03-05 13:20:25.644 DEBUG 21816 --- [    Test worker] o.s.b.f.s.DefaultListableBeanFactory     : Creating shared instance of singleton bean 'hikariPoolDataSourceMetadataProvider'
2021-03-05 13:20:25.644 DEBUG 21816 --- [    Test worker] o.s.b.f.s.DefaultListableBeanFactory     : Creating shared instance of singleton bean 'org.springframework.boot.autoconfigure.jdbc.metadata.DataSourcePoolMetadataProvidersConfiguration$HikariPoolDataSourceMetadataProviderConfiguration'
2021-03-05 13:20:25.652 DEBUG 21816 --- [    Test worker] o.s.b.f.s.DefaultListableBeanFactory     : Creating shared instance of singleton bean 'entityManagerFactoryBuilder'
2021-03-05 13:20:25.653 DEBUG 21816 --- [    Test worker] o.s.b.f.s.DefaultListableBeanFactory     : Creating shared instance of singleton bean 'jpaVendorAdapter'
2021-03-05 13:20:25.685 DEBUG 21816 --- [    Test worker] org.jboss.logging                        : Logging Provider: org.jboss.logging.Log4j2LoggerProvider
2021-03-05 13:20:25.691 DEBUG 21816 --- [    Test worker] o.s.b.f.s.DefaultListableBeanFactory     : Autowiring by type from bean name 'entityManagerFactoryBuilder' via factory method to bean named 'jpaVendorAdapter'
2021-03-05 13:20:25.694 DEBUG 21816 --- [    Test worker] o.s.b.f.s.DefaultListableBeanFactory     : Autowiring by type from bean name 'entityManagerFactory' via factory method to bean named 'entityManagerFactoryBuilder'
2021-03-05 13:20:25.723 DEBUG 21816 --- [    Test worker] j.LocalContainerEntityManagerFactoryBean : Building JPA container EntityManagerFactory for persistence unit 'default'
2021-03-05 13:20:25.736 DEBUG 21816 --- [    Test worker] o.hibernate.jpa.internal.util.LogHelper  : PersistenceUnitInfo [
	name: default
	persistence provider classname: null
	classloader: jdk.internal.loader.ClassLoaders$AppClassLoader@6d06d69c
	excludeUnlistedClasses: true
	JTA datasource: null
	Non JTA datasource: HikariDataSource (null)
	Transaction type: RESOURCE_LOCAL
	PU root URL: file:/C:/workspace/workspace_eclipse/SpringBoot/practice/Schedulle/build/classes/java/test/
	Shared Cache Mode: UNSPECIFIED
	Validation Mode: AUTO
	Jar files URLs []
	Managed classes names [
		com.example.Schedulle.BaseEntity
		com.example.Schedulle.auth.UserEntity
		com.example.Schedulle.common.schedulle.SchedulleEntity]
	Mapping files names []
	Properties []
2021-03-05 13:20:25.745 DEBUG 21816 --- [    Test worker] o.h.i.internal.IntegratorServiceImpl     : Adding Integrator [org.hibernate.cfg.beanvalidation.BeanValidationIntegrator].
2021-03-05 13:20:25.746 DEBUG 21816 --- [    Test worker] o.h.i.internal.IntegratorServiceImpl     : Adding Integrator [org.hibernate.secure.spi.JaccIntegrator].
2021-03-05 13:20:25.748 DEBUG 21816 --- [    Test worker] o.h.i.internal.IntegratorServiceImpl     : Adding Integrator [org.hibernate.cache.internal.CollectionCacheInvalidator].
2021-03-05 13:20:25.778  INFO 21816 --- [    Test worker] org.hibernate.Version                    : HHH000412: Hibernate ORM core version 5.4.28.Final
2021-03-05 13:20:25.779 DEBUG 21816 --- [    Test worker] org.hibernate.cfg.Environment            : HHH000206: hibernate.properties not found
2021-03-05 13:20:25.861 DEBUG 21816 --- [    Test worker] o.hibernate.service.spi.ServiceBinding   : Overriding existing service binding [org.hibernate.secure.spi.JaccService]
2021-03-05 13:20:25.869 DEBUG 21816 --- [    Test worker] o.h.c.internal.RegionFactoryInitiator    : Cannot default RegionFactory based on registered strategies as `[]` RegionFactory strategies were registered
2021-03-05 13:20:25.870 DEBUG 21816 --- [    Test worker] o.h.c.internal.RegionFactoryInitiator    : Cache region factory : org.hibernate.cache.internal.NoCachingRegionFactory
2021-03-05 13:20:25.882  INFO 21816 --- [    Test worker] o.hibernate.annotations.common.Version   : HCANN000001: Hibernate Commons Annotations {5.1.2.Final}
2021-03-05 13:20:25.904 DEBUG 21816 --- [    Test worker] org.hibernate.type.BasicTypeRegistry     : Adding type registration boolean -> org.hibernate.type.BooleanType@3faf967d
2021-03-05 13:20:25.904 DEBUG 21816 --- [    Test worker] org.hibernate.type.BasicTypeRegistry     : Adding type registration boolean -> org.hibernate.type.BooleanType@3faf967d
2021-03-05 13:20:25.904 DEBUG 21816 --- [    Test worker] org.hibernate.type.BasicTypeRegistry     : Adding type registration java.lang.Boolean -> org.hibernate.type.BooleanType@3faf967d
2021-03-05 13:20:25.905 DEBUG 21816 --- [    Test worker] org.hibernate.type.BasicTypeRegistry     : Adding type registration numeric_boolean -> org.hibernate.type.NumericBooleanType@16006dfe
2021-03-05 13:20:25.905 DEBUG 21816 --- [    Test worker] org.hibernate.type.BasicTypeRegistry     : Adding type registration true_false -> org.hibernate.type.TrueFalseType@7ca2fee7
2021-03-05 13:20:25.906 DEBUG 21816 --- [    Test worker] org.hibernate.type.BasicTypeRegistry     : Adding type registration yes_no -> org.hibernate.type.YesNoType@179ca64f
2021-03-05 13:20:25.906 DEBUG 21816 --- [    Test worker] org.hibernate.type.BasicTypeRegistry     : Adding type registration byte -> org.hibernate.type.ByteType@456b4eb6
2021-03-05 13:20:25.906 DEBUG 21816 --- [    Test worker] org.hibernate.type.BasicTypeRegistry     : Adding type registration byte -> org.hibernate.type.ByteType@456b4eb6
2021-03-05 13:20:25.907 DEBUG 21816 --- [    Test worker] org.hibernate.type.BasicTypeRegistry     : Adding type registration java.lang.Byte -> org.hibernate.type.ByteType@456b4eb6
2021-03-05 13:20:25.907 DEBUG 21816 --- [    Test worker] org.hibernate.type.BasicTypeRegistry     : Adding type registration character -> org.hibernate.type.CharacterType@1e70b2ab
2021-03-05 13:20:25.907 DEBUG 21816 --- [    Test worker] org.hibernate.type.BasicTypeRegistry     : Adding type registration char -> org.hibernate.type.CharacterType@1e70b2ab
2021-03-05 13:20:25.907 DEBUG 21816 --- [    Test worker] org.hibernate.type.BasicTypeRegistry     : Adding type registration java.lang.Character -> org.hibernate.type.CharacterType@1e70b2ab
2021-03-05 13:20:25.908 DEBUG 21816 --- [    Test worker] org.hibernate.type.BasicTypeRegistry     : Adding type registration short -> org.hibernate.type.ShortType@4db06aa1
2021-03-05 13:20:25.908 DEBUG 21816 --- [    Test worker] org.hibernate.type.BasicTypeRegistry     : Adding type registration short -> org.hibernate.type.ShortType@4db06aa1
2021-03-05 13:20:25.908 DEBUG 21816 --- [    Test worker] org.hibernate.type.BasicTypeRegistry     : Adding type registration java.lang.Short -> org.hibernate.type.ShortType@4db06aa1
2021-03-05 13:20:25.909 DEBUG 21816 --- [    Test worker] org.hibernate.type.BasicTypeRegistry     : Adding type registration integer -> org.hibernate.type.IntegerType@65a05257
2021-03-05 13:20:25.909 DEBUG 21816 --- [    Test worker] org.hibernate.type.BasicTypeRegistry     : Adding type registration int -> org.hibernate.type.IntegerType@65a05257
2021-03-05 13:20:25.909 DEBUG 21816 --- [    Test worker] org.hibernate.type.BasicTypeRegistry     : Adding type registration java.lang.Integer -> org.hibernate.type.IntegerType@65a05257
2021-03-05 13:20:25.910 DEBUG 21816 --- [    Test worker] org.hibernate.type.BasicTypeRegistry     : Adding type registration long -> org.hibernate.type.LongType@2ea6cc14
2021-03-05 13:20:25.910 DEBUG 21816 --- [    Test worker] org.hibernate.type.BasicTypeRegistry     : Adding type registration long -> org.hibernate.type.LongType@2ea6cc14
2021-03-05 13:20:25.910 DEBUG 21816 --- [    Test worker] org.hibernate.type.BasicTypeRegistry     : Adding type registration java.lang.Long -> org.hibernate.type.LongType@2ea6cc14
2021-03-05 13:20:25.911 DEBUG 21816 --- [    Test worker] org.hibernate.type.BasicTypeRegistry     : Adding type registration float -> org.hibernate.type.FloatType@557a155f
2021-03-05 13:20:25.911 DEBUG 21816 --- [    Test worker] org.hibernate.type.BasicTypeRegistry     : Adding type registration float -> org.hibernate.type.FloatType@557a155f
2021-03-05 13:20:25.911 DEBUG 21816 --- [    Test worker] org.hibernate.type.BasicTypeRegistry     : Adding type registration java.lang.Float -> org.hibernate.type.FloatType@557a155f
2021-03-05 13:20:25.911 DEBUG 21816 --- [    Test worker] org.hibernate.type.BasicTypeRegistry     : Adding type registration double -> org.hibernate.type.DoubleType@43a16901
2021-03-05 13:20:25.912 DEBUG 21816 --- [    Test worker] org.hibernate.type.BasicTypeRegistry     : Adding type registration double -> org.hibernate.type.DoubleType@43a16901
2021-03-05 13:20:25.912 DEBUG 21816 --- [    Test worker] org.hibernate.type.BasicTypeRegistry     : Adding type registration java.lang.Double -> org.hibernate.type.DoubleType@43a16901
2021-03-05 13:20:25.912 DEBUG 21816 --- [    Test worker] org.hibernate.type.BasicTypeRegistry     : Adding type registration big_decimal -> org.hibernate.type.BigDecimalType@53fe0182
2021-03-05 13:20:25.912 DEBUG 21816 --- [    Test worker] org.hibernate.type.BasicTypeRegistry     : Adding type registration java.math.BigDecimal -> org.hibernate.type.BigDecimalType@53fe0182
2021-03-05 13:20:25.913 DEBUG 21816 --- [    Test worker] org.hibernate.type.BasicTypeRegistry     : Adding type registration big_integer -> org.hibernate.type.BigIntegerType@71894793
2021-03-05 13:20:25.913 DEBUG 21816 --- [    Test worker] org.hibernate.type.BasicTypeRegistry     : Adding type registration java.math.BigInteger -> org.hibernate.type.BigIntegerType@71894793
2021-03-05 13:20:25.914 DEBUG 21816 --- [    Test worker] org.hibernate.type.BasicTypeRegistry     : Adding type registration string -> org.hibernate.type.StringType@8ac30fd
2021-03-05 13:20:25.914 DEBUG 21816 --- [    Test worker] org.hibernate.type.BasicTypeRegistry     : Adding type registration java.lang.String -> org.hibernate.type.StringType@8ac30fd
2021-03-05 13:20:25.915 DEBUG 21816 --- [    Test worker] org.hibernate.type.BasicTypeRegistry     : Adding type registration nstring -> org.hibernate.type.StringNVarcharType@6e2ae014
2021-03-05 13:20:25.915 DEBUG 21816 --- [    Test worker] org.hibernate.type.BasicTypeRegistry     : Adding type registration ncharacter -> org.hibernate.type.CharacterNCharType@572139f3
2021-03-05 13:20:25.916 DEBUG 21816 --- [    Test worker] org.hibernate.type.BasicTypeRegistry     : Adding type registration url -> org.hibernate.type.UrlType@3f763c61
2021-03-05 13:20:25.916 DEBUG 21816 --- [    Test worker] org.hibernate.type.BasicTypeRegistry     : Adding type registration java.net.URL -> org.hibernate.type.UrlType@3f763c61
2021-03-05 13:20:25.916 DEBUG 21816 --- [    Test worker] org.hibernate.type.BasicTypeRegistry     : Adding type registration Duration -> org.hibernate.type.DurationType@390614f4
2021-03-05 13:20:25.916 DEBUG 21816 --- [    Test worker] org.hibernate.type.BasicTypeRegistry     : Adding type registration java.time.Duration -> org.hibernate.type.DurationType@390614f4
2021-03-05 13:20:25.917 DEBUG 21816 --- [    Test worker] org.hibernate.type.BasicTypeRegistry     : Adding type registration Instant -> org.hibernate.type.InstantType@f9fd381
2021-03-05 13:20:25.917 DEBUG 21816 --- [    Test worker] org.hibernate.type.BasicTypeRegistry     : Adding type registration java.time.Instant -> org.hibernate.type.InstantType@f9fd381
2021-03-05 13:20:25.918 DEBUG 21816 --- [    Test worker] org.hibernate.type.BasicTypeRegistry     : Adding type registration LocalDateTime -> org.hibernate.type.LocalDateTimeType@319dcda5
2021-03-05 13:20:25.918 DEBUG 21816 --- [    Test worker] org.hibernate.type.BasicTypeRegistry     : Adding type registration java.time.LocalDateTime -> org.hibernate.type.LocalDateTimeType@319dcda5
2021-03-05 13:20:25.919 DEBUG 21816 --- [    Test worker] org.hibernate.type.BasicTypeRegistry     : Adding type registration LocalDate -> org.hibernate.type.LocalDateType@1da6e348
2021-03-05 13:20:25.919 DEBUG 21816 --- [    Test worker] org.hibernate.type.BasicTypeRegistry     : Adding type registration java.time.LocalDate -> org.hibernate.type.LocalDateType@1da6e348
2021-03-05 13:20:25.919 DEBUG 21816 --- [    Test worker] org.hibernate.type.BasicTypeRegistry     : Adding type registration LocalTime -> org.hibernate.type.LocalTimeType@4569d98b
2021-03-05 13:20:25.919 DEBUG 21816 --- [    Test worker] org.hibernate.type.BasicTypeRegistry     : Adding type registration java.time.LocalTime -> org.hibernate.type.LocalTimeType@4569d98b
2021-03-05 13:20:25.920 DEBUG 21816 --- [    Test worker] org.hibernate.type.BasicTypeRegistry     : Adding type registration OffsetDateTime -> org.hibernate.type.OffsetDateTimeType@3f3fbc6e
2021-03-05 13:20:25.920 DEBUG 21816 --- [    Test worker] org.hibernate.type.BasicTypeRegistry     : Adding type registration java.time.OffsetDateTime -> org.hibernate.type.OffsetDateTimeType@3f3fbc6e
2021-03-05 13:20:25.921 DEBUG 21816 --- [    Test worker] org.hibernate.type.BasicTypeRegistry     : Adding type registration OffsetTime -> org.hibernate.type.OffsetTimeType@6d76b9d5
2021-03-05 13:20:25.921 DEBUG 21816 --- [    Test worker] org.hibernate.type.BasicTypeRegistry     : Adding type registration java.time.OffsetTime -> org.hibernate.type.OffsetTimeType@6d76b9d5
2021-03-05 13:20:25.922 DEBUG 21816 --- [    Test worker] org.hibernate.type.BasicTypeRegistry     : Adding type registration ZonedDateTime -> org.hibernate.type.ZonedDateTimeType@74d637f2
2021-03-05 13:20:25.922 DEBUG 21816 --- [    Test worker] org.hibernate.type.BasicTypeRegistry     : Adding type registration java.time.ZonedDateTime -> org.hibernate.type.ZonedDateTimeType@74d637f2
2021-03-05 13:20:25.923 DEBUG 21816 --- [    Test worker] org.hibernate.type.BasicTypeRegistry     : Adding type registration date -> org.hibernate.type.DateType@4ff2b7f3
2021-03-05 13:20:25.923 DEBUG 21816 --- [    Test worker] org.hibernate.type.BasicTypeRegistry     : Adding type registration java.sql.Date -> org.hibernate.type.DateType@4ff2b7f3
2021-03-05 13:20:25.923 DEBUG 21816 --- [    Test worker] org.hibernate.type.BasicTypeRegistry     : Adding type registration time -> org.hibernate.type.TimeType@27490c7d
2021-03-05 13:20:25.923 DEBUG 21816 --- [    Test worker] org.hibernate.type.BasicTypeRegistry     : Adding type registration java.sql.Time -> org.hibernate.type.TimeType@27490c7d
2021-03-05 13:20:25.924 DEBUG 21816 --- [    Test worker] org.hibernate.type.BasicTypeRegistry     : Adding type registration timestamp -> org.hibernate.type.TimestampType@352ac9a4
2021-03-05 13:20:25.924 DEBUG 21816 --- [    Test worker] org.hibernate.type.BasicTypeRegistry     : Adding type registration java.sql.Timestamp -> org.hibernate.type.TimestampType@352ac9a4
2021-03-05 13:20:25.924 DEBUG 21816 --- [    Test worker] org.hibernate.type.BasicTypeRegistry     : Adding type registration java.util.Date -> org.hibernate.type.TimestampType@352ac9a4
2021-03-05 13:20:25.925 DEBUG 21816 --- [    Test worker] org.hibernate.type.BasicTypeRegistry     : Adding type registration dbtimestamp -> org.hibernate.type.DbTimestampType@38eef7e5
2021-03-05 13:20:25.926 DEBUG 21816 --- [    Test worker] org.hibernate.type.BasicTypeRegistry     : Adding type registration calendar -> org.hibernate.type.CalendarType@1fc47d59
2021-03-05 13:20:25.926 DEBUG 21816 --- [    Test worker] org.hibernate.type.BasicTypeRegistry     : Adding type registration java.util.Calendar -> org.hibernate.type.CalendarType@1fc47d59
2021-03-05 13:20:25.926 DEBUG 21816 --- [    Test worker] org.hibernate.type.BasicTypeRegistry     : Adding type registration java.util.GregorianCalendar -> org.hibernate.type.CalendarType@1fc47d59
2021-03-05 13:20:25.927 DEBUG 21816 --- [    Test worker] org.hibernate.type.BasicTypeRegistry     : Adding type registration calendar_date -> org.hibernate.type.CalendarDateType@2e74b5a3
2021-03-05 13:20:25.927 DEBUG 21816 --- [    Test worker] org.hibernate.type.BasicTypeRegistry     : Adding type registration calendar_time -> org.hibernate.type.CalendarTimeType@521d34e3
2021-03-05 13:20:25.928 DEBUG 21816 --- [    Test worker] org.hibernate.type.BasicTypeRegistry     : Adding type registration locale -> org.hibernate.type.LocaleType@b6a286a
2021-03-05 13:20:25.928 DEBUG 21816 --- [    Test worker] org.hibernate.type.BasicTypeRegistry     : Adding type registration java.util.Locale -> org.hibernate.type.LocaleType@b6a286a
2021-03-05 13:20:25.928 DEBUG 21816 --- [    Test worker] org.hibernate.type.BasicTypeRegistry     : Adding type registration currency -> org.hibernate.type.CurrencyType@78238174
2021-03-05 13:20:25.929 DEBUG 21816 --- [    Test worker] org.hibernate.type.BasicTypeRegistry     : Adding type registration java.util.Currency -> org.hibernate.type.CurrencyType@78238174
2021-03-05 13:20:25.929 DEBUG 21816 --- [    Test worker] org.hibernate.type.BasicTypeRegistry     : Adding type registration timezone -> org.hibernate.type.TimeZoneType@4c11244a
2021-03-05 13:20:25.929 DEBUG 21816 --- [    Test worker] org.hibernate.type.BasicTypeRegistry     : Adding type registration java.util.TimeZone -> org.hibernate.type.TimeZoneType@4c11244a
2021-03-05 13:20:25.930 DEBUG 21816 --- [    Test worker] org.hibernate.type.BasicTypeRegistry     : Adding type registration class -> org.hibernate.type.ClassType@717c6ae0
2021-03-05 13:20:25.930 DEBUG 21816 --- [    Test worker] org.hibernate.type.BasicTypeRegistry     : Adding type registration java.lang.Class -> org.hibernate.type.ClassType@717c6ae0
2021-03-05 13:20:25.931 DEBUG 21816 --- [    Test worker] org.hibernate.type.BasicTypeRegistry     : Adding type registration uuid-binary -> org.hibernate.type.UUIDBinaryType@7f56a8d4
2021-03-05 13:20:25.931 DEBUG 21816 --- [    Test worker] org.hibernate.type.BasicTypeRegistry     : Adding type registration java.util.UUID -> org.hibernate.type.UUIDBinaryType@7f56a8d4
2021-03-05 13:20:25.931 DEBUG 21816 --- [    Test worker] org.hibernate.type.BasicTypeRegistry     : Adding type registration uuid-char -> org.hibernate.type.UUIDCharType@1b570e4f
2021-03-05 13:20:25.932 DEBUG 21816 --- [    Test worker] org.hibernate.type.BasicTypeRegistry     : Adding type registration binary -> org.hibernate.type.BinaryType@65d031f1
2021-03-05 13:20:25.932 DEBUG 21816 --- [    Test worker] org.hibernate.type.BasicTypeRegistry     : Adding type registration byte[] -> org.hibernate.type.BinaryType@65d031f1
2021-03-05 13:20:25.932 DEBUG 21816 --- [    Test worker] org.hibernate.type.BasicTypeRegistry     : Adding type registration [B -> org.hibernate.type.BinaryType@65d031f1
2021-03-05 13:20:25.933 DEBUG 21816 --- [    Test worker] org.hibernate.type.BasicTypeRegistry     : Adding type registration wrapper-binary -> org.hibernate.type.WrapperBinaryType@59884abb
2021-03-05 13:20:25.933 DEBUG 21816 --- [    Test worker] org.hibernate.type.BasicTypeRegistry     : Adding type registration Byte[] -> org.hibernate.type.WrapperBinaryType@59884abb
2021-03-05 13:20:25.933 DEBUG 21816 --- [    Test worker] org.hibernate.type.BasicTypeRegistry     : Adding type registration [Ljava.lang.Byte; -> org.hibernate.type.WrapperBinaryType@59884abb
2021-03-05 13:20:25.935 DEBUG 21816 --- [    Test worker] org.hibernate.type.BasicTypeRegistry     : Adding type registration row_version -> org.hibernate.type.RowVersionType@3904a45b
2021-03-05 13:20:25.935 DEBUG 21816 --- [    Test worker] org.hibernate.type.BasicTypeRegistry     : Adding type registration image -> org.hibernate.type.ImageType@59ca12ff
2021-03-05 13:20:25.936 DEBUG 21816 --- [    Test worker] org.hibernate.type.BasicTypeRegistry     : Adding type registration characters -> org.hibernate.type.CharArrayType@5d95c78d
2021-03-05 13:20:25.936 DEBUG 21816 --- [    Test worker] org.hibernate.type.BasicTypeRegistry     : Adding type registration char[] -> org.hibernate.type.CharArrayType@5d95c78d
2021-03-05 13:20:25.936 DEBUG 21816 --- [    Test worker] org.hibernate.type.BasicTypeRegistry     : Adding type registration [C -> org.hibernate.type.CharArrayType@5d95c78d
2021-03-05 13:20:25.937 DEBUG 21816 --- [    Test worker] org.hibernate.type.BasicTypeRegistry     : Adding type registration wrapper-characters -> org.hibernate.type.CharacterArrayType@37410b2f
2021-03-05 13:20:25.937 DEBUG 21816 --- [    Test worker] org.hibernate.type.BasicTypeRegistry     : Adding type registration [Ljava.lang.Character; -> org.hibernate.type.CharacterArrayType@37410b2f
2021-03-05 13:20:25.937 DEBUG 21816 --- [    Test worker] org.hibernate.type.BasicTypeRegistry     : Adding type registration Character[] -> org.hibernate.type.CharacterArrayType@37410b2f
2021-03-05 13:20:25.937 DEBUG 21816 --- [    Test worker] org.hibernate.type.BasicTypeRegistry     : Adding type registration text -> org.hibernate.type.TextType@1e580128
2021-03-05 13:20:25.937 DEBUG 21816 --- [    Test worker] org.hibernate.type.BasicTypeRegistry     : Adding type registration ntext -> org.hibernate.type.NTextType@2355d568
2021-03-05 13:20:25.939 DEBUG 21816 --- [    Test worker] org.hibernate.type.BasicTypeRegistry     : Adding type registration blob -> org.hibernate.type.BlobType@3aa16003
2021-03-05 13:20:25.939 DEBUG 21816 --- [    Test worker] org.hibernate.type.BasicTypeRegistry     : Adding type registration java.sql.Blob -> org.hibernate.type.BlobType@3aa16003
2021-03-05 13:20:25.940 DEBUG 21816 --- [    Test worker] org.hibernate.type.BasicTypeRegistry     : Adding type registration materialized_blob -> org.hibernate.type.MaterializedBlobType@2819ad86
2021-03-05 13:20:25.940 DEBUG 21816 --- [    Test worker] org.hibernate.type.BasicTypeRegistry     : Adding type registration clob -> org.hibernate.type.ClobType@39f2cb00
2021-03-05 13:20:25.941 DEBUG 21816 --- [    Test worker] org.hibernate.type.BasicTypeRegistry     : Adding type registration java.sql.Clob -> org.hibernate.type.ClobType@39f2cb00
2021-03-05 13:20:25.942 DEBUG 21816 --- [    Test worker] org.hibernate.type.BasicTypeRegistry     : Adding type registration nclob -> org.hibernate.type.NClobType@50d4d09e
2021-03-05 13:20:25.942 DEBUG 21816 --- [    Test worker] org.hibernate.type.BasicTypeRegistry     : Adding type registration java.sql.NClob -> org.hibernate.type.NClobType@50d4d09e
2021-03-05 13:20:25.943 DEBUG 21816 --- [    Test worker] org.hibernate.type.BasicTypeRegistry     : Adding type registration materialized_clob -> org.hibernate.type.MaterializedClobType@79498d04
2021-03-05 13:20:25.943 DEBUG 21816 --- [    Test worker] org.hibernate.type.BasicTypeRegistry     : Adding type registration materialized_nclob -> org.hibernate.type.MaterializedNClobType@3ed6e3b
2021-03-05 13:20:25.944 DEBUG 21816 --- [    Test worker] org.hibernate.type.BasicTypeRegistry     : Adding type registration serializable -> org.hibernate.type.SerializableType@42b35b51
2021-03-05 13:20:25.946 DEBUG 21816 --- [    Test worker] org.hibernate.type.BasicTypeRegistry     : Adding type registration object -> org.hibernate.type.ObjectType@5c1c89ee
2021-03-05 13:20:25.946 DEBUG 21816 --- [    Test worker] org.hibernate.type.BasicTypeRegistry     : Adding type registration java.lang.Object -> org.hibernate.type.ObjectType@5c1c89ee
2021-03-05 13:20:25.947 DEBUG 21816 --- [    Test worker] org.hibernate.type.BasicTypeRegistry     : Adding type registration imm_date -> org.hibernate.type.AdaptedImmutableType@54c7e585
2021-03-05 13:20:25.947 DEBUG 21816 --- [    Test worker] org.hibernate.type.BasicTypeRegistry     : Adding type registration imm_time -> org.hibernate.type.AdaptedImmutableType@3698b914
2021-03-05 13:20:25.947 DEBUG 21816 --- [    Test worker] org.hibernate.type.BasicTypeRegistry     : Adding type registration imm_timestamp -> org.hibernate.type.AdaptedImmutableType@7131cc57
2021-03-05 13:20:25.947 DEBUG 21816 --- [    Test worker] org.hibernate.type.BasicTypeRegistry     : Adding type registration imm_dbtimestamp -> org.hibernate.type.AdaptedImmutableType@7f83841c
2021-03-05 13:20:25.947 DEBUG 21816 --- [    Test worker] org.hibernate.type.BasicTypeRegistry     : Adding type registration imm_calendar -> org.hibernate.type.AdaptedImmutableType@1483ada4
2021-03-05 13:20:25.947 DEBUG 21816 --- [    Test worker] org.hibernate.type.BasicTypeRegistry     : Adding type registration imm_calendar_date -> org.hibernate.type.AdaptedImmutableType@6720f639
2021-03-05 13:20:25.948 DEBUG 21816 --- [    Test worker] org.hibernate.type.BasicTypeRegistry     : Adding type registration imm_binary -> org.hibernate.type.AdaptedImmutableType@180cddfe
2021-03-05 13:20:25.948 DEBUG 21816 --- [    Test worker] org.hibernate.type.BasicTypeRegistry     : Adding type registration imm_serializable -> org.hibernate.type.AdaptedImmutableType@7bcc1987
2021-03-05 13:20:25.955 DEBUG 21816 --- [    Test worker] o.h.boot.internal.BootstrapContextImpl   : Injecting JPA temp ClassLoader [org.springframework.instrument.classloading.SimpleThrowawayClassLoader@52dd3882] into BootstrapContext; was [null]
2021-03-05 13:20:25.955 DEBUG 21816 --- [    Test worker] o.h.boot.internal.ClassLoaderAccessImpl  : ClassLoaderAccessImpl#injectTempClassLoader(org.springframework.instrument.classloading.SimpleThrowawayClassLoader@52dd3882) [was null]
2021-03-05 13:20:25.956 DEBUG 21816 --- [    Test worker] o.h.boot.internal.BootstrapContextImpl   : Injecting ScanEnvironment [org.hibernate.jpa.boot.internal.StandardJpaScanEnvironmentImpl@439417cb] into BootstrapContext; was [null]
2021-03-05 13:20:25.956 DEBUG 21816 --- [    Test worker] o.h.boot.internal.BootstrapContextImpl   : Injecting ScanOptions [org.hibernate.boot.archive.scan.internal.StandardScanOptions@d8b60a] into BootstrapContext; was [org.hibernate.boot.archive.scan.internal.StandardScanOptions@7c5d1abb]
2021-03-05 13:20:25.966 DEBUG 21816 --- [    Test worker] o.h.boot.internal.BootstrapContextImpl   : Injecting JPA temp ClassLoader [null] into BootstrapContext; was [org.springframework.instrument.classloading.SimpleThrowawayClassLoader@52dd3882]
2021-03-05 13:20:25.966 DEBUG 21816 --- [    Test worker] o.h.boot.internal.ClassLoaderAccessImpl  : ClassLoaderAccessImpl#injectTempClassLoader(null) [was org.springframework.instrument.classloading.SimpleThrowawayClassLoader@52dd3882]
2021-03-05 13:20:25.972 DEBUG 21816 --- [    Test worker] .i.f.i.DefaultIdentifierGeneratorFactory : Registering IdentifierGenerator strategy [uuid2] -> [org.hibernate.id.UUIDGenerator]
2021-03-05 13:20:25.973 DEBUG 21816 --- [    Test worker] .i.f.i.DefaultIdentifierGeneratorFactory : Registering IdentifierGenerator strategy [guid] -> [org.hibernate.id.GUIDGenerator]
2021-03-05 13:20:25.973 DEBUG 21816 --- [    Test worker] .i.f.i.DefaultIdentifierGeneratorFactory : Registering IdentifierGenerator strategy [uuid] -> [org.hibernate.id.UUIDHexGenerator]
2021-03-05 13:20:25.973 DEBUG 21816 --- [    Test worker] .i.f.i.DefaultIdentifierGeneratorFactory : Registering IdentifierGenerator strategy [uuid.hex] -> [org.hibernate.id.UUIDHexGenerator]
2021-03-05 13:20:25.974 DEBUG 21816 --- [    Test worker] .i.f.i.DefaultIdentifierGeneratorFactory : Registering IdentifierGenerator strategy [assigned] -> [org.hibernate.id.Assigned]
2021-03-05 13:20:25.974 DEBUG 21816 --- [    Test worker] .i.f.i.DefaultIdentifierGeneratorFactory : Registering IdentifierGenerator strategy [identity] -> [org.hibernate.id.IdentityGenerator]
2021-03-05 13:20:25.974 DEBUG 21816 --- [    Test worker] .i.f.i.DefaultIdentifierGeneratorFactory : Registering IdentifierGenerator strategy [select] -> [org.hibernate.id.SelectGenerator]
2021-03-05 13:20:25.975 DEBUG 21816 --- [    Test worker] .i.f.i.DefaultIdentifierGeneratorFactory : Registering IdentifierGenerator strategy [sequence] -> [org.hibernate.id.enhanced.SequenceStyleGenerator]
2021-03-05 13:20:25.976 DEBUG 21816 --- [    Test worker] .i.f.i.DefaultIdentifierGeneratorFactory : Registering IdentifierGenerator strategy [seqhilo] -> [org.hibernate.id.SequenceHiLoGenerator]
2021-03-05 13:20:25.976 DEBUG 21816 --- [    Test worker] .i.f.i.DefaultIdentifierGeneratorFactory : Registering IdentifierGenerator strategy [increment] -> [org.hibernate.id.IncrementGenerator]
2021-03-05 13:20:25.976 DEBUG 21816 --- [    Test worker] .i.f.i.DefaultIdentifierGeneratorFactory : Registering IdentifierGenerator strategy [foreign] -> [org.hibernate.id.ForeignGenerator]
2021-03-05 13:20:25.977 DEBUG 21816 --- [    Test worker] .i.f.i.DefaultIdentifierGeneratorFactory : Registering IdentifierGenerator strategy [sequence-identity] -> [org.hibernate.id.SequenceIdentityGenerator]
2021-03-05 13:20:25.977 DEBUG 21816 --- [    Test worker] .i.f.i.DefaultIdentifierGeneratorFactory : Registering IdentifierGenerator strategy [enhanced-sequence] -> [org.hibernate.id.enhanced.SequenceStyleGenerator]
2021-03-05 13:20:25.977 DEBUG 21816 --- [    Test worker] .i.f.i.DefaultIdentifierGeneratorFactory : Registering IdentifierGenerator strategy [enhanced-table] -> [org.hibernate.id.enhanced.TableGenerator]
2021-03-05 13:20:25.981 DEBUG 21816 --- [    Test worker] com.zaxxer.hikari.HikariConfig           : HikariPool-1 - configuration:
2021-03-05 13:20:25.982 DEBUG 21816 --- [    Test worker] com.zaxxer.hikari.HikariConfig           : allowPoolSuspension.............false
2021-03-05 13:20:25.982 DEBUG 21816 --- [    Test worker] com.zaxxer.hikari.HikariConfig           : autoCommit......................true
2021-03-05 13:20:25.982 DEBUG 21816 --- [    Test worker] com.zaxxer.hikari.HikariConfig           : catalog.........................none
2021-03-05 13:20:25.983 DEBUG 21816 --- [    Test worker] com.zaxxer.hikari.HikariConfig           : connectionInitSql...............none
2021-03-05 13:20:25.983 DEBUG 21816 --- [    Test worker] com.zaxxer.hikari.HikariConfig           : connectionTestQuery.............none
2021-03-05 13:20:25.983 DEBUG 21816 --- [    Test worker] com.zaxxer.hikari.HikariConfig           : connectionTimeout...............30000
2021-03-05 13:20:25.983 DEBUG 21816 --- [    Test worker] com.zaxxer.hikari.HikariConfig           : dataSource......................none
2021-03-05 13:20:25.983 DEBUG 21816 --- [    Test worker] com.zaxxer.hikari.HikariConfig           : dataSourceClassName.............none
2021-03-05 13:20:25.983 DEBUG 21816 --- [    Test worker] com.zaxxer.hikari.HikariConfig           : dataSourceJNDI..................none
2021-03-05 13:20:25.983 DEBUG 21816 --- [    Test worker] com.zaxxer.hikari.HikariConfig           : dataSourceProperties............{password=<masked>}
2021-03-05 13:20:25.983 DEBUG 21816 --- [    Test worker] com.zaxxer.hikari.HikariConfig           : driverClassName................."org.postgresql.Driver"
2021-03-05 13:20:25.983 DEBUG 21816 --- [    Test worker] com.zaxxer.hikari.HikariConfig           : exceptionOverrideClassName......none
2021-03-05 13:20:25.983 DEBUG 21816 --- [    Test worker] com.zaxxer.hikari.HikariConfig           : healthCheckProperties...........{}
2021-03-05 13:20:25.983 DEBUG 21816 --- [    Test worker] com.zaxxer.hikari.HikariConfig           : healthCheckRegistry.............none
2021-03-05 13:20:25.984 DEBUG 21816 --- [    Test worker] com.zaxxer.hikari.HikariConfig           : idleTimeout.....................600000
2021-03-05 13:20:25.984 DEBUG 21816 --- [    Test worker] com.zaxxer.hikari.HikariConfig           : initializationFailTimeout.......1
2021-03-05 13:20:25.984 DEBUG 21816 --- [    Test worker] com.zaxxer.hikari.HikariConfig           : isolateInternalQueries..........false
2021-03-05 13:20:25.984 DEBUG 21816 --- [    Test worker] com.zaxxer.hikari.HikariConfig           : jdbcUrl.........................jdbc:postgresql://localhost:5432/Schedulle
2021-03-05 13:20:25.984 DEBUG 21816 --- [    Test worker] com.zaxxer.hikari.HikariConfig           : leakDetectionThreshold..........0
2021-03-05 13:20:25.984 DEBUG 21816 --- [    Test worker] com.zaxxer.hikari.HikariConfig           : maxLifetime.....................1800000
2021-03-05 13:20:25.984 DEBUG 21816 --- [    Test worker] com.zaxxer.hikari.HikariConfig           : maximumPoolSize.................10
2021-03-05 13:20:25.984 DEBUG 21816 --- [    Test worker] com.zaxxer.hikari.HikariConfig           : metricRegistry..................none
2021-03-05 13:20:25.984 DEBUG 21816 --- [    Test worker] com.zaxxer.hikari.HikariConfig           : metricsTrackerFactory...........none
2021-03-05 13:20:25.984 DEBUG 21816 --- [    Test worker] com.zaxxer.hikari.HikariConfig           : minimumIdle.....................10
2021-03-05 13:20:25.984 DEBUG 21816 --- [    Test worker] com.zaxxer.hikari.HikariConfig           : password........................<masked>
2021-03-05 13:20:25.984 DEBUG 21816 --- [    Test worker] com.zaxxer.hikari.HikariConfig           : poolName........................"HikariPool-1"
2021-03-05 13:20:25.984 DEBUG 21816 --- [    Test worker] com.zaxxer.hikari.HikariConfig           : readOnly........................false
2021-03-05 13:20:25.985 DEBUG 21816 --- [    Test worker] com.zaxxer.hikari.HikariConfig           : registerMbeans..................false
2021-03-05 13:20:25.985 DEBUG 21816 --- [    Test worker] com.zaxxer.hikari.HikariConfig           : scheduledExecutor...............none
2021-03-05 13:20:25.985 DEBUG 21816 --- [    Test worker] com.zaxxer.hikari.HikariConfig           : schema..........................none
2021-03-05 13:20:25.985 DEBUG 21816 --- [    Test worker] com.zaxxer.hikari.HikariConfig           : threadFactory...................internal
2021-03-05 13:20:25.985 DEBUG 21816 --- [    Test worker] com.zaxxer.hikari.HikariConfig           : transactionIsolation............default
2021-03-05 13:20:25.985 DEBUG 21816 --- [    Test worker] com.zaxxer.hikari.HikariConfig           : username........................"postgres"
2021-03-05 13:20:25.985 DEBUG 21816 --- [    Test worker] com.zaxxer.hikari.HikariConfig           : validationTimeout...............5000
2021-03-05 13:20:25.985  INFO 21816 --- [    Test worker] com.zaxxer.hikari.HikariDataSource       : HikariPool-1 - Starting...
2021-03-05 13:20:25.994 DEBUG 21816 --- [    Test worker] org.postgresql.Driver                    : Loading driver configuration via classloader jdk.internal.loader.ClassLoaders$AppClassLoader@6d06d69c
2021-03-05 13:20:25.994 DEBUG 21816 --- [    Test worker] org.postgresql.Driver                    : Connecting with URL: jdbc:postgresql://localhost:5432/Schedulle
2021-03-05 13:20:25.999 DEBUG 21816 --- [    Test worker] org.postgresql.jdbc.PgConnection         : PostgreSQL JDBC Driver 42.2.18
2021-03-05 13:20:26.000 DEBUG 21816 --- [    Test worker] org.postgresql.jdbc.PgConnection         :   setDefaultFetchSize = 0
2021-03-05 13:20:26.000 DEBUG 21816 --- [    Test worker] org.postgresql.jdbc.PgConnection         :   setPrepareThreshold = 5
2021-03-05 13:20:26.006 DEBUG 21816 --- [    Test worker] o.p.core.v3.ConnectionFactoryImpl        : Trying to establish a protocol version 3 connection to localhost:5432
2021-03-05 13:20:26.017 DEBUG 21816 --- [    Test worker] o.p.core.v3.ConnectionFactoryImpl        : Receive Buffer Size is 65,536
2021-03-05 13:20:26.017 DEBUG 21816 --- [    Test worker] o.p.core.v3.ConnectionFactoryImpl        : Send Buffer Size is 65,536
2021-03-05 13:20:26.126 DEBUG 21816 --- [    Test worker] com.zaxxer.hikari.pool.HikariPool        : HikariPool-1 - Added connection org.postgresql.jdbc.PgConnection@31eace0
2021-03-05 13:20:26.127  INFO 21816 --- [    Test worker] com.zaxxer.hikari.HikariDataSource       : HikariPool-1 - Start completed.
2021-03-05 13:20:26.132 DEBUG 21816 --- [    Test worker] o.h.e.j.e.i.JdbcEnvironmentInitiator     : Database ->
       name : PostgreSQL
    version : 13.2
      major : 13
      minor : 2
2021-03-05 13:20:26.132 DEBUG 21816 --- [    Test worker] o.h.e.j.e.i.JdbcEnvironmentInitiator     : Driver ->
       name : PostgreSQL JDBC Driver
    version : 42.2.18
      major : 42
      minor : 2
2021-03-05 13:20:26.133 DEBUG 21816 --- [    Test worker] o.h.e.j.e.i.JdbcEnvironmentInitiator     : JDBC version : 4.2
2021-03-05 13:20:26.141  INFO 21816 --- [    Test worker] org.hibernate.dialect.Dialect            : HHH000400: Using dialect: org.hibernate.dialect.PostgreSQL95Dialect
2021-03-05 13:20:26.150 DEBUG 21816 --- [    Test worker] o.h.e.j.env.spi.IdentifierHelperBuilder  : JDBC driver metadata reported database stores quoted identifiers in neither upper, lower nor mixed case
2021-03-05 13:20:26.230 DEBUG 21816 --- [l-1 housekeeper] com.zaxxer.hikari.pool.HikariPool        : HikariPool-1 - Pool stats (total=1, active=1, idle=0, waiting=0)
2021-03-05 13:20:26.231 DEBUG 21816 --- [onnection adder] org.postgresql.Driver                    : Connecting with URL: jdbc:postgresql://localhost:5432/Schedulle
2021-03-05 13:20:26.231 DEBUG 21816 --- [onnection adder] org.postgresql.jdbc.PgConnection         : PostgreSQL JDBC Driver 42.2.18
2021-03-05 13:20:26.231 DEBUG 21816 --- [onnection adder] org.postgresql.jdbc.PgConnection         :   setDefaultFetchSize = 0
2021-03-05 13:20:26.231 DEBUG 21816 --- [onnection adder] org.postgresql.jdbc.PgConnection         :   setPrepareThreshold = 5
2021-03-05 13:20:26.231 DEBUG 21816 --- [onnection adder] o.p.core.v3.ConnectionFactoryImpl        : Trying to establish a protocol version 3 connection to localhost:5432
2021-03-05 13:20:26.232 DEBUG 21816 --- [onnection adder] o.p.core.v3.ConnectionFactoryImpl        : Receive Buffer Size is 65,536
2021-03-05 13:20:26.232 DEBUG 21816 --- [onnection adder] o.p.core.v3.ConnectionFactoryImpl        : Send Buffer Size is 65,536
2021-03-05 13:20:26.261 DEBUG 21816 --- [onnection adder] com.zaxxer.hikari.pool.HikariPool        : HikariPool-1 - Added connection org.postgresql.jdbc.PgConnection@783cc75e
2021-03-05 13:20:26.261 DEBUG 21816 --- [onnection adder] org.postgresql.Driver                    : Connecting with URL: jdbc:postgresql://localhost:5432/Schedulle
2021-03-05 13:20:26.261 DEBUG 21816 --- [onnection adder] org.postgresql.jdbc.PgConnection         : PostgreSQL JDBC Driver 42.2.18
2021-03-05 13:20:26.261 DEBUG 21816 --- [onnection adder] org.postgresql.jdbc.PgConnection         :   setDefaultFetchSize = 0
2021-03-05 13:20:26.261 DEBUG 21816 --- [onnection adder] org.postgresql.jdbc.PgConnection         :   setPrepareThreshold = 5
2021-03-05 13:20:26.261 DEBUG 21816 --- [onnection adder] o.p.core.v3.ConnectionFactoryImpl        : Trying to establish a protocol version 3 connection to localhost:5432
2021-03-05 13:20:26.262 DEBUG 21816 --- [onnection adder] o.p.core.v3.ConnectionFactoryImpl        : Receive Buffer Size is 65,536
2021-03-05 13:20:26.262 DEBUG 21816 --- [onnection adder] o.p.core.v3.ConnectionFactoryImpl        : Send Buffer Size is 65,536
2021-03-05 13:20:26.264 DEBUG 21816 --- [    Test worker] o.h.boot.model.relational.Namespace      : Created database namespace [logicalName=Name{catalog=null, schema=null}, physicalName=Name{catalog=null, schema=null}]
2021-03-05 13:20:26.265 DEBUG 21816 --- [    Test worker] org.hibernate.type.BasicTypeRegistry     : Adding type registration pg-uuid -> org.hibernate.type.PostgresUUIDType@5c091af0
2021-03-05 13:20:26.266 DEBUG 21816 --- [    Test worker] org.hibernate.type.BasicTypeRegistry     : Adding type registration java.util.UUID -> org.hibernate.type.PostgresUUIDType@5c091af0
2021-03-05 13:20:26.266 DEBUG 21816 --- [    Test worker] org.hibernate.type.BasicTypeRegistry     : HHH000270: Type registration [java.util.UUID] overrides previous : org.hibernate.type.UUIDBinaryType@7f56a8d4
2021-03-05 13:20:26.267 DEBUG 21816 --- [    Test worker] o.h.type.spi.TypeConfiguration$Scope     : Scoping TypeConfiguration [org.hibernate.type.spi.TypeConfiguration@468c2e82] to MetadataBuildingContext [org.hibernate.boot.internal.MetadataBuildingContextRootImpl@754bfdcb]
2021-03-05 13:20:26.293 DEBUG 21816 --- [onnection adder] com.zaxxer.hikari.pool.HikariPool        : HikariPool-1 - Added connection org.postgresql.jdbc.PgConnection@3d3e463d
2021-03-05 13:20:26.293 DEBUG 21816 --- [onnection adder] org.postgresql.Driver                    : Connecting with URL: jdbc:postgresql://localhost:5432/Schedulle
2021-03-05 13:20:26.293 DEBUG 21816 --- [onnection adder] org.postgresql.jdbc.PgConnection         : PostgreSQL JDBC Driver 42.2.18
2021-03-05 13:20:26.293 DEBUG 21816 --- [onnection adder] org.postgresql.jdbc.PgConnection         :   setDefaultFetchSize = 0
2021-03-05 13:20:26.293 DEBUG 21816 --- [onnection adder] org.postgresql.jdbc.PgConnection         :   setPrepareThreshold = 5
2021-03-05 13:20:26.294 DEBUG 21816 --- [onnection adder] o.p.core.v3.ConnectionFactoryImpl        : Trying to establish a protocol version 3 connection to localhost:5432
2021-03-05 13:20:26.294 DEBUG 21816 --- [onnection adder] o.p.core.v3.ConnectionFactoryImpl        : Receive Buffer Size is 65,536
2021-03-05 13:20:26.295 DEBUG 21816 --- [onnection adder] o.p.core.v3.ConnectionFactoryImpl        : Send Buffer Size is 65,536
2021-03-05 13:20:26.302 DEBUG 21816 --- [    Test worker] org.hibernate.cfg.AnnotationBinder       : Binding entity from annotated class: com.example.Schedulle.auth.UserEntity
2021-03-05 13:20:26.311 DEBUG 21816 --- [    Test worker] org.hibernate.cfg.Ejb3Column             : Binding column: Ejb3DiscriminatorColumn{logicalColumnName'DTYPE', discriminatorTypeName='string'}
2021-03-05 13:20:26.315 DEBUG 21816 --- [    Test worker] o.h.cfg.annotations.EntityBinder         : Import with entity name UserEntity
2021-03-05 13:20:26.316 DEBUG 21816 --- [    Test worker] o.h.boot.model.relational.Namespace      : Created database namespace [logicalName=Name{catalog=null, schema=public}, physicalName=Name{catalog=null, schema=public}]
2021-03-05 13:20:26.317 DEBUG 21816 --- [    Test worker] o.h.cfg.annotations.EntityBinder         : Bind entity com.example.Schedulle.auth.UserEntity on table user
2021-03-05 13:20:26.323 DEBUG 21816 --- [onnection adder] com.zaxxer.hikari.pool.HikariPool        : HikariPool-1 - Added connection org.postgresql.jdbc.PgConnection@12d11abb
2021-03-05 13:20:26.324 DEBUG 21816 --- [onnection adder] org.postgresql.Driver                    : Connecting with URL: jdbc:postgresql://localhost:5432/Schedulle
2021-03-05 13:20:26.324 DEBUG 21816 --- [onnection adder] org.postgresql.jdbc.PgConnection         : PostgreSQL JDBC Driver 42.2.18
2021-03-05 13:20:26.324 DEBUG 21816 --- [onnection adder] org.postgresql.jdbc.PgConnection         :   setDefaultFetchSize = 0
2021-03-05 13:20:26.324 DEBUG 21816 --- [onnection adder] org.postgresql.jdbc.PgConnection         :   setPrepareThreshold = 5
2021-03-05 13:20:26.324 DEBUG 21816 --- [onnection adder] o.p.core.v3.ConnectionFactoryImpl        : Trying to establish a protocol version 3 connection to localhost:5432
2021-03-05 13:20:26.325 DEBUG 21816 --- [onnection adder] o.p.core.v3.ConnectionFactoryImpl        : Receive Buffer Size is 65,536
2021-03-05 13:20:26.325 DEBUG 21816 --- [onnection adder] o.p.core.v3.ConnectionFactoryImpl        : Send Buffer Size is 65,536
2021-03-05 13:20:26.331 DEBUG 21816 --- [    Test worker] org.hibernate.cfg.Ejb3Column             : Binding column: Ejb3Column{table=org.hibernate.mapping.Table(public.user), mappingColumn=id, insertable=true, updatable=true, unique=false}
2021-03-05 13:20:26.333 DEBUG 21816 --- [    Test worker] o.h.boot.internal.ClassLoaderAccessImpl  : Not known whether passed class name [com.example.Schedulle.auth.UserEntity] is safe
2021-03-05 13:20:26.333 DEBUG 21816 --- [    Test worker] o.h.boot.internal.ClassLoaderAccessImpl  : No temp ClassLoader provided; using live ClassLoader for loading potentially unsafe class : com.example.Schedulle.auth.UserEntity
2021-03-05 13:20:26.334 DEBUG 21816 --- [    Test worker] o.h.cfg.annotations.PropertyBinder       : MetadataSourceProcessor property id with lazy=false
2021-03-05 13:20:26.335 DEBUG 21816 --- [    Test worker] o.hibernate.cfg.AbstractPropertyHolder   : Attempting to locate auto-apply AttributeConverter for property [com.example.Schedulle.auth.UserEntity:id]
2021-03-05 13:20:26.336 DEBUG 21816 --- [    Test worker] o.h.cfg.annotations.SimpleValueBinder    : building SimpleValue for id
2021-03-05 13:20:26.338 DEBUG 21816 --- [    Test worker] o.h.cfg.annotations.PropertyBinder       : Building property id
2021-03-05 13:20:26.340 DEBUG 21816 --- [    Test worker] org.hibernate.cfg.BinderHelper           : #makeIdGenerator(org.hibernate.mapping.SimpleValue([org.hibernate.mapping.Column(id)]), id, identity, , ...)
2021-03-05 13:20:26.340 DEBUG 21816 --- [    Test worker] org.hibernate.cfg.Ejb3Column             : Binding column: Ejb3Column{table=org.hibernate.mapping.Table(public.user), mappingColumn=created_at, insertable=true, updatable=true, unique=false}
2021-03-05 13:20:26.340 DEBUG 21816 --- [    Test worker] o.h.cfg.annotations.PropertyBinder       : MetadataSourceProcessor property createdAt with lazy=false
2021-03-05 13:20:26.340 DEBUG 21816 --- [    Test worker] o.hibernate.cfg.AbstractPropertyHolder   : Attempting to locate auto-apply AttributeConverter for property [com.example.Schedulle.auth.UserEntity:createdAt]
2021-03-05 13:20:26.341 DEBUG 21816 --- [    Test worker] o.h.cfg.annotations.SimpleValueBinder    : building SimpleValue for createdAt
2021-03-05 13:20:26.341 DEBUG 21816 --- [    Test worker] o.h.cfg.annotations.PropertyBinder       : Building property createdAt
2021-03-05 13:20:26.341 DEBUG 21816 --- [    Test worker] org.hibernate.cfg.Ejb3Column             : Binding column: Ejb3Column{table=org.hibernate.mapping.Table(public.user), mappingColumn=file_name, insertable=true, updatable=true, unique=false}
2021-03-05 13:20:26.341 DEBUG 21816 --- [    Test worker] o.h.cfg.annotations.PropertyBinder       : MetadataSourceProcessor property fileName with lazy=false
2021-03-05 13:20:26.341 DEBUG 21816 --- [    Test worker] o.hibernate.cfg.AbstractPropertyHolder   : Attempting to locate auto-apply AttributeConverter for property [com.example.Schedulle.auth.UserEntity:fileName]
2021-03-05 13:20:26.341 DEBUG 21816 --- [    Test worker] o.h.cfg.annotations.SimpleValueBinder    : building SimpleValue for fileName
2021-03-05 13:20:26.341 DEBUG 21816 --- [    Test worker] o.h.cfg.annotations.PropertyBinder       : Building property fileName
2021-03-05 13:20:26.342 DEBUG 21816 --- [    Test worker] org.hibernate.cfg.Ejb3Column             : Binding column: Ejb3Column{table=org.hibernate.mapping.Table(public.user), mappingColumn=mail, insertable=true, updatable=true, unique=false}
2021-03-05 13:20:26.342 DEBUG 21816 --- [    Test worker] o.h.cfg.annotations.PropertyBinder       : MetadataSourceProcessor property mail with lazy=false
2021-03-05 13:20:26.342 DEBUG 21816 --- [    Test worker] o.hibernate.cfg.AbstractPropertyHolder   : Attempting to locate auto-apply AttributeConverter for property [com.example.Schedulle.auth.UserEntity:mail]
2021-03-05 13:20:26.342 DEBUG 21816 --- [    Test worker] o.h.cfg.annotations.SimpleValueBinder    : building SimpleValue for mail
2021-03-05 13:20:26.342 DEBUG 21816 --- [    Test worker] o.h.cfg.annotations.PropertyBinder       : Building property mail
2021-03-05 13:20:26.342 DEBUG 21816 --- [    Test worker] org.hibernate.cfg.Ejb3Column             : Binding column: Ejb3Column{table=org.hibernate.mapping.Table(public.user), mappingColumn=name, insertable=true, updatable=true, unique=false}
2021-03-05 13:20:26.342 DEBUG 21816 --- [    Test worker] o.h.cfg.annotations.PropertyBinder       : MetadataSourceProcessor property name with lazy=false
2021-03-05 13:20:26.343 DEBUG 21816 --- [    Test worker] o.hibernate.cfg.AbstractPropertyHolder   : Attempting to locate auto-apply AttributeConverter for property [com.example.Schedulle.auth.UserEntity:name]
2021-03-05 13:20:26.343 DEBUG 21816 --- [    Test worker] o.h.cfg.annotations.SimpleValueBinder    : building SimpleValue for name
2021-03-05 13:20:26.343 DEBUG 21816 --- [    Test worker] o.h.cfg.annotations.PropertyBinder       : Building property name
2021-03-05 13:20:26.343 DEBUG 21816 --- [    Test worker] org.hibernate.cfg.Ejb3Column             : Binding column: Ejb3Column{table=org.hibernate.mapping.Table(public.user), mappingColumn=password, insertable=true, updatable=true, unique=false}
2021-03-05 13:20:26.343 DEBUG 21816 --- [    Test worker] o.h.cfg.annotations.PropertyBinder       : MetadataSourceProcessor property password with lazy=false
2021-03-05 13:20:26.343 DEBUG 21816 --- [    Test worker] o.hibernate.cfg.AbstractPropertyHolder   : Attempting to locate auto-apply AttributeConverter for property [com.example.Schedulle.auth.UserEntity:password]
2021-03-05 13:20:26.343 DEBUG 21816 --- [    Test worker] o.h.cfg.annotations.SimpleValueBinder    : building SimpleValue for password
2021-03-05 13:20:26.343 DEBUG 21816 --- [    Test worker] o.h.cfg.annotations.PropertyBinder       : Building property password
2021-03-05 13:20:26.344 DEBUG 21816 --- [    Test worker] org.hibernate.cfg.AnnotationBinder       : Binding entity from annotated class: com.example.Schedulle.common.schedulle.SchedulleEntity
2021-03-05 13:20:26.345 DEBUG 21816 --- [    Test worker] org.hibernate.cfg.Ejb3Column             : Binding column: Ejb3DiscriminatorColumn{logicalColumnName'DTYPE', discriminatorTypeName='string'}
2021-03-05 13:20:26.345 DEBUG 21816 --- [    Test worker] o.h.cfg.annotations.EntityBinder         : Import with entity name SchedulleEntity
2021-03-05 13:20:26.345 DEBUG 21816 --- [    Test worker] o.h.cfg.annotations.EntityBinder         : Bind entity com.example.Schedulle.common.schedulle.SchedulleEntity on table schedulle
2021-03-05 13:20:26.347 DEBUG 21816 --- [    Test worker] org.hibernate.cfg.Ejb3Column             : Binding column: Ejb3Column{table=org.hibernate.mapping.Table(public.schedulle), mappingColumn=id, insertable=true, updatable=true, unique=false}
2021-03-05 13:20:26.347 DEBUG 21816 --- [    Test worker] o.h.boot.internal.ClassLoaderAccessImpl  : Not known whether passed class name [com.example.Schedulle.common.schedulle.SchedulleEntity] is safe
2021-03-05 13:20:26.347 DEBUG 21816 --- [    Test worker] o.h.boot.internal.ClassLoaderAccessImpl  : No temp ClassLoader provided; using live ClassLoader for loading potentially unsafe class : com.example.Schedulle.common.schedulle.SchedulleEntity
2021-03-05 13:20:26.347 DEBUG 21816 --- [    Test worker] o.h.cfg.annotations.PropertyBinder       : MetadataSourceProcessor property id with lazy=false
2021-03-05 13:20:26.347 DEBUG 21816 --- [    Test worker] o.hibernate.cfg.AbstractPropertyHolder   : Attempting to locate auto-apply AttributeConverter for property [com.example.Schedulle.common.schedulle.SchedulleEntity:id]
2021-03-05 13:20:26.347 DEBUG 21816 --- [    Test worker] o.h.cfg.annotations.SimpleValueBinder    : building SimpleValue for id
2021-03-05 13:20:26.347 DEBUG 21816 --- [    Test worker] o.h.cfg.annotations.PropertyBinder       : Building property id
2021-03-05 13:20:26.348 DEBUG 21816 --- [    Test worker] org.hibernate.cfg.BinderHelper           : #makeIdGenerator(org.hibernate.mapping.SimpleValue([org.hibernate.mapping.Column(id)]), id, identity, , ...)
2021-03-05 13:20:26.348 DEBUG 21816 --- [    Test worker] org.hibernate.cfg.Ejb3Column             : Binding column: Ejb3Column{table=org.hibernate.mapping.Table(public.schedulle), mappingColumn=date, insertable=true, updatable=true, unique=false}
2021-03-05 13:20:26.348 DEBUG 21816 --- [    Test worker] o.h.cfg.annotations.PropertyBinder       : MetadataSourceProcessor property date with lazy=false
2021-03-05 13:20:26.348 DEBUG 21816 --- [    Test worker] o.hibernate.cfg.AbstractPropertyHolder   : Attempting to locate auto-apply AttributeConverter for property [com.example.Schedulle.common.schedulle.SchedulleEntity:date]
2021-03-05 13:20:26.348 DEBUG 21816 --- [    Test worker] o.h.cfg.annotations.SimpleValueBinder    : building SimpleValue for date
2021-03-05 13:20:26.348 DEBUG 21816 --- [    Test worker] o.h.cfg.annotations.PropertyBinder       : Building property date
2021-03-05 13:20:26.348 DEBUG 21816 --- [    Test worker] org.hibernate.cfg.Ejb3Column             : Binding column: Ejb3Column{table=org.hibernate.mapping.Table(public.schedulle), mappingColumn=e_date, insertable=true, updatable=true, unique=false}
2021-03-05 13:20:26.348 DEBUG 21816 --- [    Test worker] o.h.cfg.annotations.PropertyBinder       : MetadataSourceProcessor property eDate with lazy=false
2021-03-05 13:20:26.348 DEBUG 21816 --- [    Test worker] o.hibernate.cfg.AbstractPropertyHolder   : Attempting to locate auto-apply AttributeConverter for property [com.example.Schedulle.common.schedulle.SchedulleEntity:eDate]
2021-03-05 13:20:26.349 DEBUG 21816 --- [    Test worker] o.h.cfg.annotations.SimpleValueBinder    : building SimpleValue for eDate
2021-03-05 13:20:26.349 DEBUG 21816 --- [    Test worker] o.h.cfg.annotations.PropertyBinder       : Building property eDate
2021-03-05 13:20:26.349 DEBUG 21816 --- [    Test worker] org.hibernate.cfg.Ejb3Column             : Binding column: Ejb3Column{table=org.hibernate.mapping.Table(public.schedulle), mappingColumn=month_value, insertable=true, updatable=true, unique=false}
2021-03-05 13:20:26.349 DEBUG 21816 --- [    Test worker] o.h.cfg.annotations.PropertyBinder       : MetadataSourceProcessor property monthValue with lazy=false
2021-03-05 13:20:26.349 DEBUG 21816 --- [    Test worker] o.hibernate.cfg.AbstractPropertyHolder   : Attempting to locate auto-apply AttributeConverter for property [com.example.Schedulle.common.schedulle.SchedulleEntity:monthValue]
2021-03-05 13:20:26.349 DEBUG 21816 --- [    Test worker] o.h.cfg.annotations.SimpleValueBinder    : building SimpleValue for monthValue
2021-03-05 13:20:26.349 DEBUG 21816 --- [    Test worker] o.h.cfg.annotations.PropertyBinder       : Building property monthValue
2021-03-05 13:20:26.350 DEBUG 21816 --- [    Test worker] org.hibernate.cfg.Ejb3Column             : Binding column: Ejb3Column{table=org.hibernate.mapping.Table(public.schedulle), mappingColumn=s_date, insertable=true, updatable=true, unique=false}
[...]
2021-03-05 13:20:28.190 DEBUG 21816 --- [    Test worker] org.springframework.test.context.cache   : Spring test ApplicationContext cache statistics: [DefaultContextCache@1b0efee6 size = 1, maxSize = 32, parentContextCount = 0, hitCount = 5, missCount = 1]
2021-03-05 13:20:28.196 DEBUG 21816 --- [    Test worker] c.DefaultCacheAwareContextLoaderDelegate : Retrieved ApplicationContext [1472248491] from cache with key [[WebMergedContextConfiguration@46a25ddf testClass = SchedulleApplicationTests, locations = '{}', classes = '{class com.example.Schedulle.SchedulleApplication}', contextInitializerClasses = '[]', activeProfiles = '{}', propertySourceLocations = '{}', propertySourceProperties = '{org.springframework.boot.test.context.SpringBootTestContextBootstrapper=true}', contextCustomizers = set[org.springframework.boot.test.autoconfigure.actuate.metrics.MetricsExportContextCustomizerFactory$DisableMetricExportContextCustomizer@1d9d76af, org.springframework.boot.test.autoconfigure.properties.PropertyMappingContextCustomizer@0, org.springframework.boot.test.autoconfigure.web.servlet.WebDriverContextCustomizerFactory$Customizer@260e1381, org.springframework.boot.test.context.filter.ExcludeFilterContextCustomizer@7c86f69, org.springframework.boot.test.json.DuplicateJsonObjectContextCustomizerFactory$DuplicateJsonObjectContextCustomizer@cde4049, org.springframework.boot.test.mock.mockito.MockitoContextCustomizer@0, org.springframework.boot.test.web.client.TestRestTemplateContextCustomizer@43dae147, org.springframework.boot.test.context.SpringBootTestArgs@1, org.springframework.boot.test.context.SpringBootTestWebEnvironment@1f4456ac], resourceBasePath = 'src/main/webapp', contextLoader = 'org.springframework.boot.test.context.SpringBootContextLoader', parent = [null]]]
2021-03-05 13:20:28.196 DEBUG 21816 --- [    Test worker] org.springframework.test.context.cache   : Spring test ApplicationContext cache statistics: [DefaultContextCache@1b0efee6 size = 1, maxSize = 32, parentContextCount = 0, hitCount = 6, missCount = 1]
2021-03-05 13:20:28.197 DEBUG 21816 --- [    Test worker] c.DefaultCacheAwareContextLoaderDelegate : Retrieved ApplicationContext [1472248491] from cache with key [[WebMergedContextConfiguration@46a25ddf testClass = SchedulleApplicationTests, locations = '{}', classes = '{class com.example.Schedulle.SchedulleApplication}', contextInitializerClasses = '[]', activeProfiles = '{}', propertySourceLocations = '{}', propertySourceProperties = '{org.springframework.boot.test.context.SpringBootTestContextBootstrapper=true}', contextCustomizers = set[org.springframework.boot.test.autoconfigure.actuate.metrics.MetricsExportContextCustomizerFactory$DisableMetricExportContextCustomizer@1d9d76af, org.springframework.boot.test.autoconfigure.properties.PropertyMappingContextCustomizer@0, org.springframework.boot.test.autoconfigure.web.servlet.WebDriverContextCustomizerFactory$Customizer@260e1381, org.springframework.boot.test.context.filter.ExcludeFilterContextCustomizer@7c86f69, org.springframework.boot.test.json.DuplicateJsonObjectContextCustomizerFactory$DuplicateJsonObjectContextCustomizer@cde4049, org.springframework.boot.test.mock.mockito.MockitoContextCustomizer@0, org.springframework.boot.test.web.client.TestRestTemplateContextCustomizer@43dae147, org.springframework.boot.test.context.SpringBootTestArgs@1, org.springframework.boot.test.context.SpringBootTestWebEnvironment@1f4456ac], resourceBasePath = 'src/main/webapp', contextLoader = 'org.springframework.boot.test.context.SpringBootContextLoader', parent = [null]]]
2021-03-05 13:20:28.197 DEBUG 21816 --- [    Test worker] org.springframework.test.context.cache   : Spring test ApplicationContext cache statistics: [DefaultContextCache@1b0efee6 size = 1, maxSize = 32, parentContextCount = 0, hitCount = 7, missCount = 1]
2021-03-05 13:20:28.198 DEBUG 21816 --- [    Test worker] c.DefaultCacheAwareContextLoaderDelegate : Retrieved ApplicationContext [1472248491] from cache with key [[WebMergedContextConfiguration@46a25ddf testClass = SchedulleApplicationTests, locations = '{}', classes = '{class com.example.Schedulle.SchedulleApplication}', contextInitializerClasses = '[]', activeProfiles = '{}', propertySourceLocations = '{}', propertySourceProperties = '{org.springframework.boot.test.context.SpringBootTestContextBootstrapper=true}', contextCustomizers = set[org.springframework.boot.test.autoconfigure.actuate.metrics.MetricsExportContextCustomizerFactory$DisableMetricExportContextCustomizer@1d9d76af, org.springframework.boot.test.autoconfigure.properties.PropertyMappingContextCustomizer@0, org.springframework.boot.test.autoconfigure.web.servlet.WebDriverContextCustomizerFactory$Customizer@260e1381, org.springframework.boot.test.context.filter.ExcludeFilterContextCustomizer@7c86f69, org.springframework.boot.test.json.DuplicateJsonObjectContextCustomizerFactory$DuplicateJsonObjectContextCustomizer@cde4049, org.springframework.boot.test.mock.mockito.MockitoContextCustomizer@0, org.springframework.boot.test.web.client.TestRestTemplateContextCustomizer@43dae147, org.springframework.boot.test.context.SpringBootTestArgs@1, org.springframework.boot.test.context.SpringBootTestWebEnvironment@1f4456ac], resourceBasePath = 'src/main/webapp', contextLoader = 'org.springframework.boot.test.context.SpringBootContextLoader', parent = [null]]]
2021-03-05 13:20:28.198 DEBUG 21816 --- [    Test worker] org.springframework.test.context.cache   : Spring test ApplicationContext cache statistics: [DefaultContextCache@1b0efee6 size = 1, maxSize = 32, parentContextCount = 0, hitCount = 8, missCount = 1]
2021-03-05 13:20:28.198 DEBUG 21816 --- [    Test worker] c.DefaultCacheAwareContextLoaderDelegate : Retrieved ApplicationContext [1472248491] from cache with key [[WebMergedContextConfiguration@46a25ddf testClass = SchedulleApplicationTests, locations = '{}', classes = '{class com.example.Schedulle.SchedulleApplication}', contextInitializerClasses = '[]', activeProfiles = '{}', propertySourceLocations = '{}', propertySourceProperties = '{org.springframework.boot.test.context.SpringBootTestContextBootstrapper=true}', contextCustomizers = set[org.springframework.boot.test.autoconfigure.actuate.metrics.MetricsExportContextCustomizerFactory$DisableMetricExportContextCustomizer@1d9d76af, org.springframework.boot.test.autoconfigure.properties.PropertyMappingContextCustomizer@0, org.springframework.boot.test.autoconfigure.web.servlet.WebDriverContextCustomizerFactory$Customizer@260e1381, org.springframework.boot.test.context.filter.ExcludeFilterContextCustomizer@7c86f69, org.springframework.boot.test.json.DuplicateJsonObjectContextCustomizerFactory$DuplicateJsonObjectContextCustomizer@cde4049, org.springframework.boot.test.mock.mockito.MockitoContextCustomizer@0, org.springframework.boot.test.web.client.TestRestTemplateContextCustomizer@43dae147, org.springframework.boot.test.context.SpringBootTestArgs@1, org.springframework.boot.test.context.SpringBootTestWebEnvironment@1f4456ac], resourceBasePath = 'src/main/webapp', contextLoader = 'org.springframework.boot.test.context.SpringBootContextLoader', parent = [null]]]
2021-03-05 13:20:28.198 DEBUG 21816 --- [    Test worker] org.springframework.test.context.cache   : Spring test ApplicationContext cache statistics: [DefaultContextCache@1b0efee6 size = 1, maxSize = 32, parentContextCount = 0, hitCount = 9, missCount = 1]
2021-03-05 13:20:28.199 DEBUG 21816 --- [    Test worker] c.DefaultCacheAwareContextLoaderDelegate : Retrieved ApplicationContext [1472248491] from cache with key [[WebMergedContextConfiguration@46a25ddf testClass = SchedulleApplicationTests, locations = '{}', classes = '{class com.example.Schedulle.SchedulleApplication}', contextInitializerClasses = '[]', activeProfiles = '{}', propertySourceLocations = '{}', propertySourceProperties = '{org.springframework.boot.test.context.SpringBootTestContextBootstrapper=true}', contextCustomizers = set[org.springframework.boot.test.autoconfigure.actuate.metrics.MetricsExportContextCustomizerFactory$DisableMetricExportContextCustomizer@1d9d76af, org.springframework.boot.test.autoconfigure.properties.PropertyMappingContextCustomizer@0, org.springframework.boot.test.autoconfigure.web.servlet.WebDriverContextCustomizerFactory$Customizer@260e1381, org.springframework.boot.test.context.filter.ExcludeFilterContextCustomizer@7c86f69, org.springframework.boot.test.json.DuplicateJsonObjectContextCustomizerFactory$DuplicateJsonObjectContextCustomizer@cde4049, org.springframework.boot.test.mock.mockito.MockitoContextCustomizer@0, org.springframework.boot.test.web.client.TestRestTemplateContextCustomizer@43dae147, org.springframework.boot.test.context.SpringBootTestArgs@1, org.springframework.boot.test.context.SpringBootTestWebEnvironment@1f4456ac], resourceBasePath = 'src/main/webapp', contextLoader = 'org.springframework.boot.test.context.SpringBootContextLoader', parent = [null]]]
2021-03-05 13:20:28.199 DEBUG 21816 --- [    Test worker] org.springframework.test.context.cache   : Spring test ApplicationContext cache statistics: [DefaultContextCache@1b0efee6 size = 1, maxSize = 32, parentContextCount = 0, hitCount = 10, missCount = 1]
2021-03-05 13:20:28.200 DEBUG 21816 --- [    Test worker] c.DefaultCacheAwareContextLoaderDelegate : Retrieved ApplicationContext [1472248491] from cache with key [[WebMergedContextConfiguration@46a25ddf testClass = SchedulleApplicationTests, locations = '{}', classes = '{class com.example.Schedulle.SchedulleApplication}', contextInitializerClasses = '[]', activeProfiles = '{}', propertySourceLocations = '{}', propertySourceProperties = '{org.springframework.boot.test.context.SpringBootTestContextBootstrapper=true}', contextCustomizers = set[org.springframework.boot.test.autoconfigure.actuate.metrics.MetricsExportContextCustomizerFactory$DisableMetricExportContextCustomizer@1d9d76af, org.springframework.boot.test.autoconfigure.properties.PropertyMappingContextCustomizer@0, org.springframework.boot.test.autoconfigure.web.servlet.WebDriverContextCustomizerFactory$Customizer@260e1381, org.springframework.boot.test.context.filter.ExcludeFilterContextCustomizer@7c86f69, org.springframework.boot.test.json.DuplicateJsonObjectContextCustomizerFactory$DuplicateJsonObjectContextCustomizer@cde4049, org.springframework.boot.test.mock.mockito.MockitoContextCustomizer@0, org.springframework.boot.test.web.client.TestRestTemplateContextCustomizer@43dae147, org.springframework.boot.test.context.SpringBootTestArgs@1, org.springframework.boot.test.context.SpringBootTestWebEnvironment@1f4456ac], resourceBasePath = 'src/main/webapp', contextLoader = 'org.springframework.boot.test.context.SpringBootContextLoader', parent = [null]]]
2021-03-05 13:20:28.200 DEBUG 21816 --- [    Test worker] org.springframework.test.context.cache   : Spring test ApplicationContext cache statistics: [DefaultContextCache@1b0efee6 size = 1, maxSize = 32, parentContextCount = 0, hitCount = 11, missCount = 1]
2021-03-05 13:20:28.201 DEBUG 21816 --- [    Test worker] tractDirtiesContextTestExecutionListener : After test method: context [DefaultTestContext@20e9477f testClass = SchedulleApplicationTests, testInstance = com.example.Schedulle.SchedulleApplicationTests@637bf8da, testMethod = contextLoads@SchedulleApplicationTests, testException = [null], mergedContextConfiguration = [WebMergedContextConfiguration@46a25ddf testClass = SchedulleApplicationTests, locations = '{}', classes = '{class com.example.Schedulle.SchedulleApplication}', contextInitializerClasses = '[]', activeProfiles = '{}', propertySourceLocations = '{}', propertySourceProperties = '{org.springframework.boot.test.context.SpringBootTestContextBootstrapper=true}', contextCustomizers = set[org.springframework.boot.test.autoconfigure.actuate.metrics.MetricsExportContextCustomizerFactory$DisableMetricExportContextCustomizer@1d9d76af, org.springframework.boot.test.autoconfigure.properties.PropertyMappingContextCustomizer@0, org.springframework.boot.test.autoconfigure.web.servlet.WebDriverContextCustomizerFactory$Customizer@260e1381, org.springframework.boot.test.context.filter.ExcludeFilterContextCustomizer@7c86f69, org.springframework.boot.test.json.DuplicateJsonObjectContextCustomizerFactory$DuplicateJsonObjectContextCustomizer@cde4049, org.springframework.boot.test.mock.mockito.MockitoContextCustomizer@0, org.springframework.boot.test.web.client.TestRestTemplateContextCustomizer@43dae147, org.springframework.boot.test.context.SpringBootTestArgs@1, org.springframework.boot.test.context.SpringBootTestWebEnvironment@1f4456ac], resourceBasePath = 'src/main/webapp', contextLoader = 'org.springframework.boot.test.context.SpringBootContextLoader', parent = [null]], attributes = map['org.springframework.test.context.web.ServletTestExecutionListener.activateListener' -> true, 'org.springframework.test.context.web.ServletTestExecutionListener.populatedRequestContextHolder' -> true, 'org.springframework.test.context.web.ServletTestExecutionListener.resetRequestContextHolder' -> true, 'org.springframework.test.context.event.ApplicationEventsTestExecutionListener.recordApplicationEvents' -> false]], class annotated with @DirtiesContext [false] with mode [null], method annotated with @DirtiesContext [false] with mode [null].
2021-03-05 13:20:28.201 DEBUG 21816 --- [    Test worker] o.s.t.c.w.ServletTestExecutionListener   : Resetting RequestContextHolder for test context [DefaultTestContext@20e9477f testClass = SchedulleApplicationTests, testInstance = com.example.Schedulle.SchedulleApplicationTests@637bf8da, testMethod = contextLoads@SchedulleApplicationTests, testException = [null], mergedContextConfiguration = [WebMergedContextConfiguration@46a25ddf testClass = SchedulleApplicationTests, locations = '{}', classes = '{class com.example.Schedulle.SchedulleApplication}', contextInitializerClasses = '[]', activeProfiles = '{}', propertySourceLocations = '{}', propertySourceProperties = '{org.springframework.boot.test.context.SpringBootTestContextBootstrapper=true}', contextCustomizers = set[org.springframework.boot.test.autoconfigure.actuate.metrics.MetricsExportContextCustomizerFactory$DisableMetricExportContextCustomizer@1d9d76af, org.springframework.boot.test.autoconfigure.properties.PropertyMappingContextCustomizer@0, org.springframework.boot.test.autoconfigure.web.servlet.WebDriverContextCustomizerFactory$Customizer@260e1381, org.springframework.boot.test.context.filter.ExcludeFilterContextCustomizer@7c86f69, org.springframework.boot.test.json.DuplicateJsonObjectContextCustomizerFactory$DuplicateJsonObjectContextCustomizer@cde4049, org.springframework.boot.test.mock.mockito.MockitoContextCustomizer@0, org.springframework.boot.test.web.client.TestRestTemplateContextCustomizer@43dae147, org.springframework.boot.test.context.SpringBootTestArgs@1, org.springframework.boot.test.context.SpringBootTestWebEnvironment@1f4456ac], resourceBasePath = 'src/main/webapp', contextLoader = 'org.springframework.boot.test.context.SpringBootContextLoader', parent = [null]], attributes = map['org.springframework.test.context.web.ServletTestExecutionListener.activateListener' -> true, 'org.springframework.test.context.web.ServletTestExecutionListener.populatedRequestContextHolder' -> true, 'org.springframework.test.context.web.ServletTestExecutionListener.resetRequestContextHolder' -> true, 'org.springframework.test.context.event.ApplicationEventsTestExecutionListener.recordApplicationEvents' -> false]].
2021-03-05 13:20:28.207 DEBUG 21816 --- [    Test worker] c.DefaultCacheAwareContextLoaderDelegate : Retrieved ApplicationContext [1472248491] from cache with key [[WebMergedContextConfiguration@46a25ddf testClass = SchedulleApplicationTests, locations = '{}', classes = '{class com.example.Schedulle.SchedulleApplication}', contextInitializerClasses = '[]', activeProfiles = '{}', propertySourceLocations = '{}', propertySourceProperties = '{org.springframework.boot.test.context.SpringBootTestContextBootstrapper=true}', contextCustomizers = set[org.springframework.boot.test.autoconfigure.actuate.metrics.MetricsExportContextCustomizerFactory$DisableMetricExportContextCustomizer@1d9d76af, org.springframework.boot.test.autoconfigure.properties.PropertyMappingContextCustomizer@0, org.springframework.boot.test.autoconfigure.web.servlet.WebDriverContextCustomizerFactory$Customizer@260e1381, org.springframework.boot.test.context.filter.ExcludeFilterContextCustomizer@7c86f69, org.springframework.boot.test.json.DuplicateJsonObjectContextCustomizerFactory$DuplicateJsonObjectContextCustomizer@cde4049, org.springframework.boot.test.mock.mockito.MockitoContextCustomizer@0, org.springframework.boot.test.web.client.TestRestTemplateContextCustomizer@43dae147, org.springframework.boot.test.context.SpringBootTestArgs@1, org.springframework.boot.test.context.SpringBootTestWebEnvironment@1f4456ac], resourceBasePath = 'src/main/webapp', contextLoader = 'org.springframework.boot.test.context.SpringBootContextLoader', parent = [null]]]
2021-03-05 13:20:28.207 DEBUG 21816 --- [    Test worker] org.springframework.test.context.cache   : Spring test ApplicationContext cache statistics: [DefaultContextCache@1b0efee6 size = 1, maxSize = 32, parentContextCount = 0, hitCount = 12, missCount = 1]
2021-03-05 13:20:28.208 DEBUG 21816 --- [    Test worker] tractDirtiesContextTestExecutionListener : After test class: context [DefaultTestContext@20e9477f testClass = SchedulleApplicationTests, testInstance = [null], testMethod = [null], testException = [null], mergedContextConfiguration = [WebMergedContextConfiguration@46a25ddf testClass = SchedulleApplicationTests, locations = '{}', classes = '{class com.example.Schedulle.SchedulleApplication}', contextInitializerClasses = '[]', activeProfiles = '{}', propertySourceLocations = '{}', propertySourceProperties = '{org.springframework.boot.test.context.SpringBootTestContextBootstrapper=true}', contextCustomizers = set[org.springframework.boot.test.autoconfigure.actuate.metrics.MetricsExportContextCustomizerFactory$DisableMetricExportContextCustomizer@1d9d76af, org.springframework.boot.test.autoconfigure.properties.PropertyMappingContextCustomizer@0, org.springframework.boot.test.autoconfigure.web.servlet.WebDriverContextCustomizerFactory$Customizer@260e1381, org.springframework.boot.test.context.filter.ExcludeFilterContextCustomizer@7c86f69, org.springframework.boot.test.json.DuplicateJsonObjectContextCustomizerFactory$DuplicateJsonObjectContextCustomizer@cde4049, org.springframework.boot.test.mock.mockito.MockitoContextCustomizer@0, org.springframework.boot.test.web.client.TestRestTemplateContextCustomizer@43dae147, org.springframework.boot.test.context.SpringBootTestArgs@1, org.springframework.boot.test.context.SpringBootTestWebEnvironment@1f4456ac], resourceBasePath = 'src/main/webapp', contextLoader = 'org.springframework.boot.test.context.SpringBootContextLoader', parent = [null]], attributes = map['org.springframework.test.context.web.ServletTestExecutionListener.activateListener' -> true, 'org.springframework.test.context.event.ApplicationEventsTestExecutionListener.recordApplicationEvents' -> false, 'org.springframework.test.context.support.DependencyInjectionTestExecutionListener.reinjectDependencies' -> true]], class annotated with @DirtiesContext [false] with mode [null].
]]></system-out>
  <system-err><![CDATA[]]></system-err>
</testsuite>
