<?xml version="1.0" encoding="UTF-8"?>
<testsuite name="com.example.Schedulle.SchedulleApplicationTests" tests="1" skipped="0" failures="0" errors="0" timestamp="2021-03-14T13:46:10" hostname="DESKTOP-1EUIVHN" time="0.52">
  <properties/>
  <testcase name="contextLoads()" classname="com.example.Schedulle.SchedulleApplicationTests" time="0.52"/>
  <system-out><![CDATA[22:45:55.471 [Test worker] DEBUG org.springframework.test.context.BootstrapUtils - Instantiating CacheAwareContextLoaderDelegate from class [org.springframework.test.context.cache.DefaultCacheAwareContextLoaderDelegate]
22:45:55.518 [Test worker] DEBUG org.springframework.test.context.BootstrapUtils - Instantiating BootstrapContext using constructor [public org.springframework.test.context.support.DefaultBootstrapContext(java.lang.Class,org.springframework.test.context.CacheAwareContextLoaderDelegate)]
22:45:55.602 [Test worker] DEBUG org.springframework.test.context.BootstrapUtils - Instantiating TestContextBootstrapper for test class [com.example.Schedulle.SchedulleApplicationTests] from class [org.springframework.boot.test.context.SpringBootTestContextBootstrapper]
22:45:55.635 [Test worker] INFO org.springframework.boot.test.context.SpringBootTestContextBootstrapper - Neither @ContextConfiguration nor @ContextHierarchy found for test class [com.example.Schedulle.SchedulleApplicationTests], using SpringBootContextLoader
22:45:55.649 [Test worker] DEBUG org.springframework.test.context.support.AbstractContextLoader - Did not detect default resource location for test class [com.example.Schedulle.SchedulleApplicationTests]: class path resource [com/example/Schedulle/SchedulleApplicationTests-context.xml] does not exist
22:45:55.653 [Test worker] DEBUG org.springframework.test.context.support.AbstractContextLoader - Did not detect default resource location for test class [com.example.Schedulle.SchedulleApplicationTests]: class path resource [com/example/Schedulle/SchedulleApplicationTestsContext.groovy] does not exist
22:45:55.658 [Test worker] INFO org.springframework.test.context.support.AbstractContextLoader - Could not detect default resource locations for test class [com.example.Schedulle.SchedulleApplicationTests]: no resource found for suffixes {-context.xml, Context.groovy}.
22:45:55.661 [Test worker] INFO org.springframework.test.context.support.AnnotationConfigContextLoaderUtils - Could not detect default configuration classes for test class [com.example.Schedulle.SchedulleApplicationTests]: SchedulleApplicationTests does not declare any static, non-private, non-final, nested classes annotated with @Configuration.
22:45:55.801 [Test worker] DEBUG org.springframework.test.context.support.ActiveProfilesUtils - Could not find an 'annotation declaring class' for annotation type [org.springframework.test.context.ActiveProfiles] and class [com.example.Schedulle.SchedulleApplicationTests]
22:45:55.980 [Test worker] DEBUG org.springframework.context.annotation.ClassPathScanningCandidateComponentProvider - Identified candidate component class: file [C:\WorkSpace\workspace_eclipse\SpringBoot\ShiftManager\build\classes\java\main\com\example\Schedulle\SchedulleApplication.class]
22:45:55.984 [Test worker] INFO org.springframework.boot.test.context.SpringBootTestContextBootstrapper - Found @SpringBootConfiguration com.example.Schedulle.SchedulleApplication for test class com.example.Schedulle.SchedulleApplicationTests
22:45:56.329 [Test worker] DEBUG org.springframework.boot.test.context.SpringBootTestContextBootstrapper - @TestExecutionListeners is not present for class [com.example.Schedulle.SchedulleApplicationTests]: using defaults.
22:45:56.331 [Test worker] INFO org.springframework.boot.test.context.SpringBootTestContextBootstrapper - Loaded default TestExecutionListener class names from location [META-INF/spring.factories]: [org.springframework.security.test.context.support.WithSecurityContextTestExecutionListener, org.springframework.security.test.context.support.ReactorContextTestExecutionListener, org.springframework.boot.test.autoconfigure.restdocs.RestDocsTestExecutionListener, org.springframework.boot.test.autoconfigure.web.client.MockRestServiceServerResetTestExecutionListener, org.springframework.boot.test.autoconfigure.web.servlet.MockMvcPrintOnlyOnFailureTestExecutionListener, org.springframework.boot.test.autoconfigure.web.servlet.WebDriverTestExecutionListener, org.springframework.boot.test.autoconfigure.webservices.client.MockWebServiceServerTestExecutionListener, org.springframework.boot.test.mock.mockito.MockitoTestExecutionListener, org.springframework.boot.test.mock.mockito.ResetMocksTestExecutionListener, org.springframework.test.context.web.ServletTestExecutionListener, org.springframework.test.context.support.DirtiesContextBeforeModesTestExecutionListener, org.springframework.test.context.event.ApplicationEventsTestExecutionListener, org.springframework.test.context.support.DependencyInjectionTestExecutionListener, org.springframework.test.context.support.DirtiesContextTestExecutionListener, org.springframework.test.context.transaction.TransactionalTestExecutionListener, org.springframework.test.context.jdbc.SqlScriptsTestExecutionListener, org.springframework.test.context.event.EventPublishingTestExecutionListener]
22:45:56.394 [Test worker] INFO org.springframework.boot.test.context.SpringBootTestContextBootstrapper - Using TestExecutionListeners: [org.springframework.test.context.web.ServletTestExecutionListener@1d17935f, org.springframework.test.context.support.DirtiesContextBeforeModesTestExecutionListener@15354184, org.springframework.test.context.event.ApplicationEventsTestExecutionListener@54f105a1, org.springframework.boot.test.mock.mockito.MockitoTestExecutionListener@313f6dca, org.springframework.boot.test.autoconfigure.SpringBootDependencyInjectionTestExecutionListener@10939dd9, org.springframework.test.context.support.DirtiesContextTestExecutionListener@2f15d72e, org.springframework.test.context.transaction.TransactionalTestExecutionListener@73150360, org.springframework.test.context.jdbc.SqlScriptsTestExecutionListener@390e71f5, org.springframework.security.test.context.support.WithSecurityContextTestExecutionListener@357f4e58, org.springframework.test.context.event.EventPublishingTestExecutionListener@3452537e, org.springframework.security.test.context.support.ReactorContextTestExecutionListener@6f075897, org.springframework.boot.test.autoconfigure.restdocs.RestDocsTestExecutionListener@254c0d5b, org.springframework.boot.test.autoconfigure.web.client.MockRestServiceServerResetTestExecutionListener@6a0e9a24, org.springframework.boot.test.autoconfigure.web.servlet.MockMvcPrintOnlyOnFailureTestExecutionListener@4c61edb8, org.springframework.boot.test.autoconfigure.web.servlet.WebDriverTestExecutionListener@19f7c743, org.springframework.boot.test.autoconfigure.webservices.client.MockWebServiceServerTestExecutionListener@5c1437f3, org.springframework.boot.test.mock.mockito.ResetMocksTestExecutionListener@425549ef]
22:45:56.402 [Test worker] DEBUG org.springframework.test.context.support.AbstractDirtiesContextTestExecutionListener - Before test class: context [DefaultTestContext@7dd05235 testClass = SchedulleApplicationTests, testInstance = [null], testMethod = [null], testException = [null], mergedContextConfiguration = [WebMergedContextConfiguration@a7a137b testClass = SchedulleApplicationTests, locations = '{}', classes = '{class com.example.Schedulle.SchedulleApplication}', contextInitializerClasses = '[]', activeProfiles = '{}', propertySourceLocations = '{}', propertySourceProperties = '{org.springframework.boot.test.context.SpringBootTestContextBootstrapper=true}', contextCustomizers = set[org.springframework.boot.test.autoconfigure.actuate.metrics.MetricsExportContextCustomizerFactory$DisableMetricExportContextCustomizer@586e936f, org.springframework.boot.test.autoconfigure.properties.PropertyMappingContextCustomizer@0, org.springframework.boot.test.autoconfigure.web.servlet.WebDriverContextCustomizerFactory$Customizer@17b4ab04, org.springframework.boot.test.context.filter.ExcludeFilterContextCustomizer@3d53040c, org.springframework.boot.test.json.DuplicateJsonObjectContextCustomizerFactory$DuplicateJsonObjectContextCustomizer@443c06d7, org.springframework.boot.test.mock.mockito.MockitoContextCustomizer@0, org.springframework.boot.test.web.client.TestRestTemplateContextCustomizer@c8b218d, org.springframework.boot.test.context.SpringBootTestArgs@1, org.springframework.boot.test.context.SpringBootTestWebEnvironment@35b75873], resourceBasePath = 'src/main/webapp', contextLoader = 'org.springframework.boot.test.context.SpringBootContextLoader', parent = [null]], attributes = map['org.springframework.test.context.web.ServletTestExecutionListener.activateListener' -> true]], class annotated with @DirtiesContext [false] with mode [null].
22:45:56.506 [Test worker] DEBUG org.springframework.test.context.support.TestPropertySourceUtils - Adding inlined properties to environment: {spring.jmx.enabled=false, org.springframework.boot.test.context.SpringBootTestContextBootstrapper=true}

  .   ____          _            __ _ _
 /\\ / ___'_ __ _ _(_)_ __  __ _ \ \ \ \
( ( )\___ | '_ | '_| | '_ \/ _` | \ \ \ \
 \\/  ___)| |_)| | | | | || (_| |  ) ) ) )
  '  |____| .__|_| |_|_| |_\__, | / / / /
 =========|_|==============|___/=/_/_/_/
 :: Spring Boot ::                (v2.4.3)

2021-03-14 22:45:57.347  INFO 6824 --- [    Test worker] c.e.Schedulle.SchedulleApplicationTests  : Starting SchedulleApplicationTests using Java 14.0.1 on DESKTOP-1EUIVHN with PID 6824 (started by 馨 in C:\WorkSpace\workspace_eclipse\SpringBoot\ShiftManager)
2021-03-14 22:45:57.349 DEBUG 6824 --- [    Test worker] c.e.Schedulle.SchedulleApplicationTests  : Running with Spring Boot v2.4.3, Spring v5.3.4
2021-03-14 22:45:57.353  INFO 6824 --- [    Test worker] c.e.Schedulle.SchedulleApplicationTests  : No active profile set, falling back to default profiles: default
2021-03-14 22:45:57.354 DEBUG 6824 --- [    Test worker] o.s.boot.SpringApplication               : Loading source class com.example.Schedulle.SchedulleApplication
2021-03-14 22:45:57.464 DEBUG 6824 --- [    Test worker] o.s.w.c.s.GenericWebApplicationContext   : Refreshing org.springframework.web.context.support.GenericWebApplicationContext@7ed24826
2021-03-14 22:45:57.568 DEBUG 6824 --- [    Test worker] o.s.b.f.s.DefaultListableBeanFactory     : Creating shared instance of singleton bean 'org.springframework.context.annotation.internalConfigurationAnnotationProcessor'
2021-03-14 22:45:57.642 DEBUG 6824 --- [    Test worker] o.s.b.f.s.DefaultListableBeanFactory     : Creating shared instance of singleton bean 'org.springframework.boot.autoconfigure.internalCachingMetadataReaderFactory'
2021-03-14 22:45:57.848 DEBUG 6824 --- [    Test worker] o.s.c.a.ClassPathBeanDefinitionScanner   : Identified candidate component class: file [C:\WorkSpace\workspace_eclipse\SpringBoot\ShiftManager\build\classes\java\main\com\example\Schedulle\APi\ApiConfig.class]
2021-03-14 22:45:57.880 DEBUG 6824 --- [    Test worker] o.s.c.a.ClassPathBeanDefinitionScanner   : Identified candidate component class: file [C:\WorkSpace\workspace_eclipse\SpringBoot\ShiftManager\build\classes\java\main\com\example\Schedulle\APi\JobController.class]
2021-03-14 22:45:57.898 DEBUG 6824 --- [    Test worker] o.s.c.a.ClassPathBeanDefinitionScanner   : Identified candidate component class: file [C:\WorkSpace\workspace_eclipse\SpringBoot\ShiftManager\build\classes\java\main\com\example\Schedulle\APi\JobService.class]
2021-03-14 22:45:57.919 DEBUG 6824 --- [    Test worker] o.s.c.a.ClassPathBeanDefinitionScanner   : Identified candidate component class: file [C:\WorkSpace\workspace_eclipse\SpringBoot\ShiftManager\build\classes\java\main\com\example\Schedulle\Config\SchedulleRegistController.class]
2021-03-14 22:45:57.921 DEBUG 6824 --- [    Test worker] o.s.c.a.ClassPathBeanDefinitionScanner   : Identified candidate component class: file [C:\WorkSpace\workspace_eclipse\SpringBoot\ShiftManager\build\classes\java\main\com\example\Schedulle\Config\WebSecurityConfig.class]
2021-03-14 22:45:57.933 DEBUG 6824 --- [    Test worker] o.s.c.a.ClassPathBeanDefinitionScanner   : Identified candidate component class: file [C:\WorkSpace\workspace_eclipse\SpringBoot\ShiftManager\build\classes\java\main\com\example\Schedulle\auth\LoginController.class]
2021-03-14 22:45:57.949 DEBUG 6824 --- [    Test worker] o.s.c.a.ClassPathBeanDefinitionScanner   : Identified candidate component class: file [C:\WorkSpace\workspace_eclipse\SpringBoot\ShiftManager\build\classes\java\main\com\example\Schedulle\auth\UserService.class]
2021-03-14 22:45:57.952 DEBUG 6824 --- [    Test worker] o.s.c.a.ClassPathBeanDefinitionScanner   : Identified candidate component class: file [C:\WorkSpace\workspace_eclipse\SpringBoot\ShiftManager\build\classes\java\main\com\example\Schedulle\auth\account\ProfileEditController.class]
2021-03-14 22:45:57.961 DEBUG 6824 --- [    Test worker] o.s.c.a.ClassPathBeanDefinitionScanner   : Identified candidate component class: file [C:\WorkSpace\workspace_eclipse\SpringBoot\ShiftManager\build\classes\java\main\com\example\Schedulle\auth\account\ProfileService.class]
2021-03-14 22:45:57.965 DEBUG 6824 --- [    Test worker] o.s.c.a.ClassPathBeanDefinitionScanner   : Identified candidate component class: file [C:\WorkSpace\workspace_eclipse\SpringBoot\ShiftManager\build\classes\java\main\com\example\Schedulle\common\MypageController.class]
2021-03-14 22:45:57.986 DEBUG 6824 --- [    Test worker] o.s.c.a.ClassPathBeanDefinitionScanner   : Identified candidate component class: file [C:\WorkSpace\workspace_eclipse\SpringBoot\ShiftManager\build\classes\java\main\com\example\Schedulle\common\schedulle\MonthMapService.class]
2021-03-14 22:45:58.016 DEBUG 6824 --- [    Test worker] o.s.c.a.ClassPathBeanDefinitionScanner   : Identified candidate component class: file [C:\WorkSpace\workspace_eclipse\SpringBoot\ShiftManager\build\classes\java\main\com\example\Schedulle\common\schedulle\SchedulleService.class]
2021-03-14 22:45:58.765 DEBUG 6824 --- [    Test worker] o.s.c.e.PropertySourcesPropertyResolver  : Found key 'spring.jmx.enabled' in PropertySource 'configurationProperties' with value of type String
2021-03-14 22:45:58.982 DEBUG 6824 --- [    Test worker] o.s.c.e.PropertySourcesPropertyResolver  : Found key 'spring.jmx.enabled' in PropertySource 'configurationProperties' with value of type String
2021-03-14 22:45:58.984 DEBUG 6824 --- [    Test worker] o.s.c.e.PropertySourcesPropertyResolver  : Found key 'spring.datasource.url' in PropertySource 'configurationProperties' with value of type String
2021-03-14 22:45:59.855  INFO 6824 --- [    Test worker] .s.d.r.c.RepositoryConfigurationDelegate : Bootstrapping Spring Data JPA repositories in DEFAULT mode.
2021-03-14 22:45:59.872 DEBUG 6824 --- [    Test worker] o.s.b.f.s.DefaultListableBeanFactory     : Creating shared instance of singleton bean 'org.springframework.boot.autoconfigure.AutoConfigurationPackages'
2021-03-14 22:45:59.878 DEBUG 6824 --- [    Test worker] .s.d.r.c.RepositoryConfigurationDelegate : Scanning for JPA repositories in packages com.example.Schedulle.
2021-03-14 22:45:59.911 DEBUG 6824 --- [    Test worker] o.s.d.r.c.RepositoryComponentProvider    : Identified candidate component class: file [C:\WorkSpace\workspace_eclipse\SpringBoot\ShiftManager\build\classes\java\main\com\example\Schedulle\auth\UserRepostitory.class]
2021-03-14 22:45:59.915 DEBUG 6824 --- [    Test worker] o.s.d.r.c.RepositoryComponentProvider    : Identified candidate component class: file [C:\WorkSpace\workspace_eclipse\SpringBoot\ShiftManager\build\classes\java\main\com\example\Schedulle\common\schedulle\SchedulleRepository.class]
2021-03-14 22:46:00.048  INFO 6824 --- [    Test worker] .s.d.r.c.RepositoryConfigurationDelegate : Finished Spring Data repository scanning in 168 ms. Found 2 JPA repository interfaces.
2021-03-14 22:46:00.556 DEBUG 6824 --- [    Test worker] o.s.b.f.s.DefaultListableBeanFactory     : Creating shared instance of singleton bean 'propertySourcesPlaceholderConfigurer'
2021-03-14 22:46:00.569 DEBUG 6824 --- [    Test worker] o.s.b.f.s.DefaultListableBeanFactory     : Creating shared instance of singleton bean 'org.springframework.boot.test.mock.mockito.MockitoPostProcessor'
2021-03-14 22:46:00.586 DEBUG 6824 --- [    Test worker] o.s.b.f.s.DefaultListableBeanFactory     : Creating shared instance of singleton bean 'emBeanDefinitionRegistrarPostProcessor'
2021-03-14 22:46:00.660 DEBUG 6824 --- [    Test worker] o.s.b.f.s.DefaultListableBeanFactory     : Creating shared instance of singleton bean 'org.springframework.context.event.internalEventListenerProcessor'
2021-03-14 22:46:00.665 DEBUG 6824 --- [    Test worker] o.s.b.f.s.DefaultListableBeanFactory     : Creating shared instance of singleton bean 'preserveErrorControllerTargetClassPostProcessor'
2021-03-14 22:46:00.665 DEBUG 6824 --- [    Test worker] o.s.b.f.s.DefaultListableBeanFactory     : Creating shared instance of singleton bean 'conversionServicePostProcessor'
2021-03-14 22:46:00.670 DEBUG 6824 --- [    Test worker] o.s.b.f.s.DefaultListableBeanFactory     : Creating shared instance of singleton bean 'org.springframework.context.event.internalEventListenerFactory'
2021-03-14 22:46:00.670 DEBUG 6824 --- [    Test worker] o.s.b.f.s.DefaultListableBeanFactory     : Creating shared instance of singleton bean 'org.springframework.transaction.config.internalTransactionalEventListenerFactory'
2021-03-14 22:46:00.701 DEBUG 6824 --- [    Test worker] o.s.b.f.s.DefaultListableBeanFactory     : Creating shared instance of singleton bean 'org.springframework.boot.test.mock.mockito.MockitoPostProcessor$SpyPostProcessor'
2021-03-14 22:46:00.703 DEBUG 6824 --- [    Test worker] o.s.b.f.s.DefaultListableBeanFactory     : Creating shared instance of singleton bean 'org.springframework.context.annotation.internalAutowiredAnnotationProcessor'
2021-03-14 22:46:00.706 DEBUG 6824 --- [    Test worker] o.s.b.f.s.DefaultListableBeanFactory     : Creating shared instance of singleton bean 'org.springframework.context.annotation.internalCommonAnnotationProcessor'
2021-03-14 22:46:00.718 DEBUG 6824 --- [    Test worker] o.s.b.f.s.DefaultListableBeanFactory     : Creating shared instance of singleton bean 'org.springframework.context.annotation.internalPersistenceAnnotationProcessor'
2021-03-14 22:46:00.719 DEBUG 6824 --- [    Test worker] o.s.b.f.s.DefaultListableBeanFactory     : Creating shared instance of singleton bean 'org.springframework.boot.context.properties.ConfigurationPropertiesBindingPostProcessor'
2021-03-14 22:46:00.719 DEBUG 6824 --- [    Test worker] o.s.b.f.s.DefaultListableBeanFactory     : Creating shared instance of singleton bean 'org.springframework.boot.context.internalConfigurationPropertiesBinder'
2021-03-14 22:46:00.719 DEBUG 6824 --- [    Test worker] o.s.b.f.s.DefaultListableBeanFactory     : Creating shared instance of singleton bean 'org.springframework.boot.context.internalConfigurationPropertiesBinderFactory'
2021-03-14 22:46:00.726 DEBUG 6824 --- [    Test worker] o.s.b.f.s.DefaultListableBeanFactory     : Creating shared instance of singleton bean 'org.springframework.aop.config.internalAutoProxyCreator'
2021-03-14 22:46:00.818 DEBUG 6824 --- [    Test worker] o.s.b.f.s.DefaultListableBeanFactory     : Creating shared instance of singleton bean 'dataSourceInitializerPostProcessor'
2021-03-14 22:46:00.829 DEBUG 6824 --- [    Test worker] o.s.b.f.s.DefaultListableBeanFactory     : Creating shared instance of singleton bean 'persistenceExceptionTranslationPostProcessor'
2021-03-14 22:46:00.854 DEBUG 6824 --- [    Test worker] o.s.b.f.s.DefaultListableBeanFactory     : Autowiring by type from bean name 'persistenceExceptionTranslationPostProcessor' via factory method to bean named 'environment'
2021-03-14 22:46:00.882 DEBUG 6824 --- [    Test worker] o.s.b.f.s.DefaultListableBeanFactory     : Creating shared instance of singleton bean 'webServerFactoryCustomizerBeanPostProcessor'
2021-03-14 22:46:00.887 DEBUG 6824 --- [    Test worker] o.s.b.f.s.DefaultListableBeanFactory     : Creating shared instance of singleton bean 'errorPageRegistrarBeanPostProcessor'
2021-03-14 22:46:00.897 DEBUG 6824 --- [    Test worker] o.s.b.f.s.DefaultListableBeanFactory     : Creating shared instance of singleton bean 'dataSourceInitializedPublisher'
2021-03-14 22:46:00.905 DEBUG 6824 --- [    Test worker] o.s.b.f.s.DefaultListableBeanFactory     : Creating shared instance of singleton bean 'projectingArgumentResolverBeanPostProcessor'
2021-03-14 22:46:00.915 DEBUG 6824 --- [    Test worker] o.s.b.f.s.DefaultListableBeanFactory     : Creating shared instance of singleton bean 'org.springframework.transaction.config.internalTransactionAdvisor'
2021-03-14 22:46:00.916 DEBUG 6824 --- [    Test worker] o.s.b.f.s.DefaultListableBeanFactory     : Creating shared instance of singleton bean 'org.springframework.transaction.annotation.ProxyTransactionManagementConfiguration'
2021-03-14 22:46:00.954 DEBUG 6824 --- [    Test worker] o.s.b.f.s.DefaultListableBeanFactory     : Creating shared instance of singleton bean 'transactionAttributeSource'
2021-03-14 22:46:00.970 DEBUG 6824 --- [    Test worker] o.s.b.f.s.DefaultListableBeanFactory     : Creating shared instance of singleton bean 'transactionInterceptor'
2021-03-14 22:46:00.972 DEBUG 6824 --- [    Test worker] o.s.b.f.s.DefaultListableBeanFactory     : Autowiring by type from bean name 'transactionInterceptor' via factory method to bean named 'transactionAttributeSource'
2021-03-14 22:46:01.014 DEBUG 6824 --- [    Test worker] o.s.b.f.s.DefaultListableBeanFactory     : Autowiring by type from bean name 'org.springframework.transaction.config.internalTransactionAdvisor' via factory method to bean named 'transactionAttributeSource'
2021-03-14 22:46:01.015 DEBUG 6824 --- [    Test worker] o.s.b.f.s.DefaultListableBeanFactory     : Autowiring by type from bean name 'org.springframework.transaction.config.internalTransactionAdvisor' via factory method to bean named 'transactionInterceptor'
2021-03-14 22:46:01.149 DEBUG 6824 --- [    Test worker] o.s.u.c.s.UiApplicationContextUtils      : Unable to locate ThemeSource with name 'themeSource': using default [org.springframework.ui.context.support.ResourceBundleThemeSource@6b83dfac]
2021-03-14 22:46:01.151 DEBUG 6824 --- [    Test worker] o.s.b.f.s.DefaultListableBeanFactory     : Creating shared instance of singleton bean 'entityManagerFactory'
2021-03-14 22:46:01.152 DEBUG 6824 --- [    Test worker] o.s.b.f.s.DefaultListableBeanFactory     : Creating shared instance of singleton bean 'org.springframework.boot.autoconfigure.orm.jpa.HibernateJpaConfiguration'
2021-03-14 22:46:01.153 DEBUG 6824 --- [    Test worker] o.s.b.f.s.DefaultListableBeanFactory     : Creating shared instance of singleton bean 'dataSource'
2021-03-14 22:46:01.154 DEBUG 6824 --- [    Test worker] o.s.b.f.s.DefaultListableBeanFactory     : Creating shared instance of singleton bean 'org.springframework.boot.autoconfigure.jdbc.DataSourceConfiguration$Hikari'
2021-03-14 22:46:01.167 DEBUG 6824 --- [    Test worker] o.s.b.f.s.DefaultListableBeanFactory     : Creating shared instance of singleton bean 'spring.datasource-org.springframework.boot.autoconfigure.jdbc.DataSourceProperties'
2021-03-14 22:46:01.196 DEBUG 6824 --- [    Test worker] o.s.b.f.s.DefaultListableBeanFactory     : Creating shared instance of singleton bean 'org.springframework.boot.context.properties.BoundConfigurationProperties'
2021-03-14 22:46:01.236 DEBUG 6824 --- [    Test worker] o.s.b.f.s.DefaultListableBeanFactory     : Autowiring by type from bean name 'dataSource' via factory method to bean named 'spring.datasource-org.springframework.boot.autoconfigure.jdbc.DataSourceProperties'
2021-03-14 22:46:01.285 DEBUG 6824 --- [    Test worker] com.zaxxer.hikari.HikariConfig           : Driver class org.postgresql.Driver found in Thread context class loader jdk.internal.loader.ClassLoaders$AppClassLoader@15db9742
2021-03-14 22:46:01.354 DEBUG 6824 --- [    Test worker] o.s.b.f.s.DefaultListableBeanFactory     : Creating shared instance of singleton bean 'org.springframework.boot.autoconfigure.jdbc.DataSourceInitializerInvoker'
2021-03-14 22:46:01.360 DEBUG 6824 --- [    Test worker] o.s.b.f.s.DefaultListableBeanFactory     : Autowiring by type from bean name 'org.springframework.boot.autoconfigure.jdbc.DataSourceInitializerInvoker' via constructor to bean named 'spring.datasource-org.springframework.boot.autoconfigure.jdbc.DataSourceProperties'
2021-03-14 22:46:01.361 DEBUG 6824 --- [    Test worker] o.s.b.f.s.DefaultListableBeanFactory     : Autowiring by type from bean name 'org.springframework.boot.autoconfigure.jdbc.DataSourceInitializerInvoker' via constructor to bean named 'org.springframework.web.context.support.GenericWebApplicationContext@7ed24826'
2021-03-14 22:46:01.385 DEBUG 6824 --- [    Test worker] o.s.b.f.s.DefaultListableBeanFactory     : Creating shared instance of singleton bean 'spring.jpa-org.springframework.boot.autoconfigure.orm.jpa.JpaProperties'
2021-03-14 22:46:01.405 DEBUG 6824 --- [    Test worker] o.s.b.f.s.DefaultListableBeanFactory     : Creating shared instance of singleton bean 'spring.jpa.hibernate-org.springframework.boot.autoconfigure.orm.jpa.HibernateProperties'
2021-03-14 22:46:01.418 DEBUG 6824 --- [    Test worker] o.s.b.f.s.DefaultListableBeanFactory     : Autowiring by type from bean name 'org.springframework.boot.autoconfigure.orm.jpa.HibernateJpaConfiguration' via constructor to bean named 'dataSource'
2021-03-14 22:46:01.418 DEBUG 6824 --- [    Test worker] o.s.b.f.s.DefaultListableBeanFactory     : Autowiring by type from bean name 'org.springframework.boot.autoconfigure.orm.jpa.HibernateJpaConfiguration' via constructor to bean named 'spring.jpa-org.springframework.boot.autoconfigure.orm.jpa.JpaProperties'
2021-03-14 22:46:01.419 DEBUG 6824 --- [    Test worker] o.s.b.f.s.DefaultListableBeanFactory     : Autowiring by type from bean name 'org.springframework.boot.autoconfigure.orm.jpa.HibernateJpaConfiguration' via constructor to bean named 'org.springframework.beans.factory.support.DefaultListableBeanFactory@205f3a18'
2021-03-14 22:46:01.419 DEBUG 6824 --- [    Test worker] o.s.b.f.s.DefaultListableBeanFactory     : Autowiring by type from bean name 'org.springframework.boot.autoconfigure.orm.jpa.HibernateJpaConfiguration' via constructor to bean named 'spring.jpa.hibernate-org.springframework.boot.autoconfigure.orm.jpa.HibernateProperties'
2021-03-14 22:46:01.422 DEBUG 6824 --- [    Test worker] o.s.b.f.s.DefaultListableBeanFactory     : Creating shared instance of singleton bean 'hikariPoolDataSourceMetadataProvider'
2021-03-14 22:46:01.422 DEBUG 6824 --- [    Test worker] o.s.b.f.s.DefaultListableBeanFactory     : Creating shared instance of singleton bean 'org.springframework.boot.autoconfigure.jdbc.metadata.DataSourcePoolMetadataProvidersConfiguration$HikariPoolDataSourceMetadataProviderConfiguration'
2021-03-14 22:46:01.459 DEBUG 6824 --- [    Test worker] o.s.b.f.s.DefaultListableBeanFactory     : Creating shared instance of singleton bean 'entityManagerFactoryBuilder'
2021-03-14 22:46:01.466 DEBUG 6824 --- [    Test worker] o.s.b.f.s.DefaultListableBeanFactory     : Creating shared instance of singleton bean 'jpaVendorAdapter'
2021-03-14 22:46:01.600 DEBUG 6824 --- [    Test worker] org.jboss.logging                        : Logging Provider: org.jboss.logging.Log4j2LoggerProvider
2021-03-14 22:46:01.618 DEBUG 6824 --- [    Test worker] o.s.b.f.s.DefaultListableBeanFactory     : Autowiring by type from bean name 'entityManagerFactoryBuilder' via factory method to bean named 'jpaVendorAdapter'
2021-03-14 22:46:01.627 DEBUG 6824 --- [    Test worker] o.s.b.f.s.DefaultListableBeanFactory     : Autowiring by type from bean name 'entityManagerFactory' via factory method to bean named 'entityManagerFactoryBuilder'
2021-03-14 22:46:01.752 DEBUG 6824 --- [    Test worker] j.LocalContainerEntityManagerFactoryBean : Building JPA container EntityManagerFactory for persistence unit 'default'
2021-03-14 22:46:01.805 DEBUG 6824 --- [    Test worker] o.hibernate.jpa.internal.util.LogHelper  : PersistenceUnitInfo [
	name: default
	persistence provider classname: null
	classloader: jdk.internal.loader.ClassLoaders$AppClassLoader@15db9742
	excludeUnlistedClasses: true
	JTA datasource: null
	Non JTA datasource: HikariDataSource (null)
	Transaction type: RESOURCE_LOCAL
	PU root URL: file:/C:/WorkSpace/workspace_eclipse/SpringBoot/ShiftManager/build/classes/java/test/
	Shared Cache Mode: UNSPECIFIED
	Validation Mode: AUTO
	Jar files URLs []
	Managed classes names [
		com.example.Schedulle.BaseEntity
		com.example.Schedulle.auth.UserEntity
		com.example.Schedulle.common.schedulle.SchedulleEntity]
	Mapping files names []
	Properties []
2021-03-14 22:46:01.836 DEBUG 6824 --- [    Test worker] o.h.i.internal.IntegratorServiceImpl     : Adding Integrator [org.hibernate.cfg.beanvalidation.BeanValidationIntegrator].
2021-03-14 22:46:01.840 DEBUG 6824 --- [    Test worker] o.h.i.internal.IntegratorServiceImpl     : Adding Integrator [org.hibernate.secure.spi.JaccIntegrator].
2021-03-14 22:46:01.849 DEBUG 6824 --- [    Test worker] o.h.i.internal.IntegratorServiceImpl     : Adding Integrator [org.hibernate.cache.internal.CollectionCacheInvalidator].
2021-03-14 22:46:01.937  INFO 6824 --- [    Test worker] org.hibernate.Version                    : HHH000412: Hibernate ORM core version 5.4.28.Final
2021-03-14 22:46:01.941 DEBUG 6824 --- [    Test worker] org.hibernate.cfg.Environment            : HHH000206: hibernate.properties not found
2021-03-14 22:46:02.205 DEBUG 6824 --- [    Test worker] o.hibernate.service.spi.ServiceBinding   : Overriding existing service binding [org.hibernate.secure.spi.JaccService]
2021-03-14 22:46:02.236 DEBUG 6824 --- [    Test worker] o.h.c.internal.RegionFactoryInitiator    : Cannot default RegionFactory based on registered strategies as `[]` RegionFactory strategies were registered
2021-03-14 22:46:02.238 DEBUG 6824 --- [    Test worker] o.h.c.internal.RegionFactoryInitiator    : Cache region factory : org.hibernate.cache.internal.NoCachingRegionFactory
2021-03-14 22:46:02.276  INFO 6824 --- [    Test worker] o.hibernate.annotations.common.Version   : HCANN000001: Hibernate Commons Annotations {5.1.2.Final}
2021-03-14 22:46:02.370 DEBUG 6824 --- [    Test worker] org.hibernate.type.BasicTypeRegistry     : Adding type registration boolean -> org.hibernate.type.BooleanType@40ad273c
2021-03-14 22:46:02.371 DEBUG 6824 --- [    Test worker] org.hibernate.type.BasicTypeRegistry     : Adding type registration boolean -> org.hibernate.type.BooleanType@40ad273c
2021-03-14 22:46:02.372 DEBUG 6824 --- [    Test worker] org.hibernate.type.BasicTypeRegistry     : Adding type registration java.lang.Boolean -> org.hibernate.type.BooleanType@40ad273c
2021-03-14 22:46:02.374 DEBUG 6824 --- [    Test worker] org.hibernate.type.BasicTypeRegistry     : Adding type registration numeric_boolean -> org.hibernate.type.NumericBooleanType@22222498
2021-03-14 22:46:02.375 DEBUG 6824 --- [    Test worker] org.hibernate.type.BasicTypeRegistry     : Adding type registration true_false -> org.hibernate.type.TrueFalseType@7565a61
2021-03-14 22:46:02.380 DEBUG 6824 --- [    Test worker] org.hibernate.type.BasicTypeRegistry     : Adding type registration yes_no -> org.hibernate.type.YesNoType@4411c5e6
2021-03-14 22:46:02.384 DEBUG 6824 --- [    Test worker] org.hibernate.type.BasicTypeRegistry     : Adding type registration byte -> org.hibernate.type.ByteType@5dc9d2bc
2021-03-14 22:46:02.385 DEBUG 6824 --- [    Test worker] org.hibernate.type.BasicTypeRegistry     : Adding type registration byte -> org.hibernate.type.ByteType@5dc9d2bc
2021-03-14 22:46:02.386 DEBUG 6824 --- [    Test worker] org.hibernate.type.BasicTypeRegistry     : Adding type registration java.lang.Byte -> org.hibernate.type.ByteType@5dc9d2bc
2021-03-14 22:46:02.388 DEBUG 6824 --- [    Test worker] org.hibernate.type.BasicTypeRegistry     : Adding type registration character -> org.hibernate.type.CharacterType@63fa199c
2021-03-14 22:46:02.389 DEBUG 6824 --- [    Test worker] org.hibernate.type.BasicTypeRegistry     : Adding type registration char -> org.hibernate.type.CharacterType@63fa199c
2021-03-14 22:46:02.390 DEBUG 6824 --- [    Test worker] org.hibernate.type.BasicTypeRegistry     : Adding type registration java.lang.Character -> org.hibernate.type.CharacterType@63fa199c
2021-03-14 22:46:02.396 DEBUG 6824 --- [    Test worker] org.hibernate.type.BasicTypeRegistry     : Adding type registration short -> org.hibernate.type.ShortType@7817bb9e
2021-03-14 22:46:02.398 DEBUG 6824 --- [    Test worker] org.hibernate.type.BasicTypeRegistry     : Adding type registration short -> org.hibernate.type.ShortType@7817bb9e
2021-03-14 22:46:02.399 DEBUG 6824 --- [    Test worker] org.hibernate.type.BasicTypeRegistry     : Adding type registration java.lang.Short -> org.hibernate.type.ShortType@7817bb9e
2021-03-14 22:46:02.401 DEBUG 6824 --- [    Test worker] org.hibernate.type.BasicTypeRegistry     : Adding type registration integer -> org.hibernate.type.IntegerType@bb83b6
2021-03-14 22:46:02.401 DEBUG 6824 --- [    Test worker] org.hibernate.type.BasicTypeRegistry     : Adding type registration int -> org.hibernate.type.IntegerType@bb83b6
2021-03-14 22:46:02.402 DEBUG 6824 --- [    Test worker] org.hibernate.type.BasicTypeRegistry     : Adding type registration java.lang.Integer -> org.hibernate.type.IntegerType@bb83b6
2021-03-14 22:46:02.404 DEBUG 6824 --- [    Test worker] org.hibernate.type.BasicTypeRegistry     : Adding type registration long -> org.hibernate.type.LongType@4b92eb26
2021-03-14 22:46:02.405 DEBUG 6824 --- [    Test worker] org.hibernate.type.BasicTypeRegistry     : Adding type registration long -> org.hibernate.type.LongType@4b92eb26
2021-03-14 22:46:02.405 DEBUG 6824 --- [    Test worker] org.hibernate.type.BasicTypeRegistry     : Adding type registration java.lang.Long -> org.hibernate.type.LongType@4b92eb26
2021-03-14 22:46:02.407 DEBUG 6824 --- [    Test worker] org.hibernate.type.BasicTypeRegistry     : Adding type registration float -> org.hibernate.type.FloatType@2b05b54c
2021-03-14 22:46:02.407 DEBUG 6824 --- [    Test worker] org.hibernate.type.BasicTypeRegistry     : Adding type registration float -> org.hibernate.type.FloatType@2b05b54c
2021-03-14 22:46:02.407 DEBUG 6824 --- [    Test worker] org.hibernate.type.BasicTypeRegistry     : Adding type registration java.lang.Float -> org.hibernate.type.FloatType@2b05b54c
2021-03-14 22:46:02.411 DEBUG 6824 --- [    Test worker] org.hibernate.type.BasicTypeRegistry     : Adding type registration double -> org.hibernate.type.DoubleType@5ee32b5b
2021-03-14 22:46:02.412 DEBUG 6824 --- [    Test worker] org.hibernate.type.BasicTypeRegistry     : Adding type registration double -> org.hibernate.type.DoubleType@5ee32b5b
2021-03-14 22:46:02.413 DEBUG 6824 --- [    Test worker] org.hibernate.type.BasicTypeRegistry     : Adding type registration java.lang.Double -> org.hibernate.type.DoubleType@5ee32b5b
2021-03-14 22:46:02.417 DEBUG 6824 --- [    Test worker] org.hibernate.type.BasicTypeRegistry     : Adding type registration big_decimal -> org.hibernate.type.BigDecimalType@6d245e8
2021-03-14 22:46:02.418 DEBUG 6824 --- [    Test worker] org.hibernate.type.BasicTypeRegistry     : Adding type registration java.math.BigDecimal -> org.hibernate.type.BigDecimalType@6d245e8
2021-03-14 22:46:02.420 DEBUG 6824 --- [    Test worker] org.hibernate.type.BasicTypeRegistry     : Adding type registration big_integer -> org.hibernate.type.BigIntegerType@1272f323
2021-03-14 22:46:02.420 DEBUG 6824 --- [    Test worker] org.hibernate.type.BasicTypeRegistry     : Adding type registration java.math.BigInteger -> org.hibernate.type.BigIntegerType@1272f323
2021-03-14 22:46:02.421 DEBUG 6824 --- [    Test worker] org.hibernate.type.BasicTypeRegistry     : Adding type registration string -> org.hibernate.type.StringType@7fe49030
2021-03-14 22:46:02.422 DEBUG 6824 --- [    Test worker] org.hibernate.type.BasicTypeRegistry     : Adding type registration java.lang.String -> org.hibernate.type.StringType@7fe49030
2021-03-14 22:46:02.423 DEBUG 6824 --- [    Test worker] org.hibernate.type.BasicTypeRegistry     : Adding type registration nstring -> org.hibernate.type.StringNVarcharType@5767539d
2021-03-14 22:46:02.424 DEBUG 6824 --- [    Test worker] org.hibernate.type.BasicTypeRegistry     : Adding type registration ncharacter -> org.hibernate.type.CharacterNCharType@71beec03
2021-03-14 22:46:02.426 DEBUG 6824 --- [    Test worker] org.hibernate.type.BasicTypeRegistry     : Adding type registration url -> org.hibernate.type.UrlType@2dafd906
2021-03-14 22:46:02.426 DEBUG 6824 --- [    Test worker] org.hibernate.type.BasicTypeRegistry     : Adding type registration java.net.URL -> org.hibernate.type.UrlType@2dafd906
2021-03-14 22:46:02.430 DEBUG 6824 --- [    Test worker] org.hibernate.type.BasicTypeRegistry     : Adding type registration Duration -> org.hibernate.type.DurationType@49071343
2021-03-14 22:46:02.431 DEBUG 6824 --- [    Test worker] org.hibernate.type.BasicTypeRegistry     : Adding type registration java.time.Duration -> org.hibernate.type.DurationType@49071343
2021-03-14 22:46:02.433 DEBUG 6824 --- [    Test worker] org.hibernate.type.BasicTypeRegistry     : Adding type registration Instant -> org.hibernate.type.InstantType@32259796
2021-03-14 22:46:02.434 DEBUG 6824 --- [    Test worker] org.hibernate.type.BasicTypeRegistry     : Adding type registration java.time.Instant -> org.hibernate.type.InstantType@32259796
2021-03-14 22:46:02.435 DEBUG 6824 --- [    Test worker] org.hibernate.type.BasicTypeRegistry     : Adding type registration LocalDateTime -> org.hibernate.type.LocalDateTimeType@58e294a6
2021-03-14 22:46:02.436 DEBUG 6824 --- [    Test worker] org.hibernate.type.BasicTypeRegistry     : Adding type registration java.time.LocalDateTime -> org.hibernate.type.LocalDateTimeType@58e294a6
2021-03-14 22:46:02.437 DEBUG 6824 --- [    Test worker] org.hibernate.type.BasicTypeRegistry     : Adding type registration LocalDate -> org.hibernate.type.LocalDateType@463620c8
2021-03-14 22:46:02.438 DEBUG 6824 --- [    Test worker] org.hibernate.type.BasicTypeRegistry     : Adding type registration java.time.LocalDate -> org.hibernate.type.LocalDateType@463620c8
2021-03-14 22:46:02.439 DEBUG 6824 --- [    Test worker] org.hibernate.type.BasicTypeRegistry     : Adding type registration LocalTime -> org.hibernate.type.LocalTimeType@27d0551f
2021-03-14 22:46:02.440 DEBUG 6824 --- [    Test worker] org.hibernate.type.BasicTypeRegistry     : Adding type registration java.time.LocalTime -> org.hibernate.type.LocalTimeType@27d0551f
2021-03-14 22:46:02.446 DEBUG 6824 --- [    Test worker] org.hibernate.type.BasicTypeRegistry     : Adding type registration OffsetDateTime -> org.hibernate.type.OffsetDateTimeType@6b29f8bf
2021-03-14 22:46:02.448 DEBUG 6824 --- [    Test worker] org.hibernate.type.BasicTypeRegistry     : Adding type registration java.time.OffsetDateTime -> org.hibernate.type.OffsetDateTimeType@6b29f8bf
2021-03-14 22:46:02.450 DEBUG 6824 --- [    Test worker] org.hibernate.type.BasicTypeRegistry     : Adding type registration OffsetTime -> org.hibernate.type.OffsetTimeType@1d4a126b
2021-03-14 22:46:02.451 DEBUG 6824 --- [    Test worker] org.hibernate.type.BasicTypeRegistry     : Adding type registration java.time.OffsetTime -> org.hibernate.type.OffsetTimeType@1d4a126b
2021-03-14 22:46:02.463 DEBUG 6824 --- [    Test worker] org.hibernate.type.BasicTypeRegistry     : Adding type registration ZonedDateTime -> org.hibernate.type.ZonedDateTimeType@2c627091
2021-03-14 22:46:02.464 DEBUG 6824 --- [    Test worker] org.hibernate.type.BasicTypeRegistry     : Adding type registration java.time.ZonedDateTime -> org.hibernate.type.ZonedDateTimeType@2c627091
2021-03-14 22:46:02.466 DEBUG 6824 --- [    Test worker] org.hibernate.type.BasicTypeRegistry     : Adding type registration date -> org.hibernate.type.DateType@42080e73
2021-03-14 22:46:02.466 DEBUG 6824 --- [    Test worker] org.hibernate.type.BasicTypeRegistry     : Adding type registration java.sql.Date -> org.hibernate.type.DateType@42080e73
2021-03-14 22:46:02.468 DEBUG 6824 --- [    Test worker] org.hibernate.type.BasicTypeRegistry     : Adding type registration time -> org.hibernate.type.TimeType@1c1ba98a
2021-03-14 22:46:02.469 DEBUG 6824 --- [    Test worker] org.hibernate.type.BasicTypeRegistry     : Adding type registration java.sql.Time -> org.hibernate.type.TimeType@1c1ba98a
2021-03-14 22:46:02.470 DEBUG 6824 --- [    Test worker] org.hibernate.type.BasicTypeRegistry     : Adding type registration timestamp -> org.hibernate.type.TimestampType@116bc5e7
2021-03-14 22:46:02.471 DEBUG 6824 --- [    Test worker] org.hibernate.type.BasicTypeRegistry     : Adding type registration java.sql.Timestamp -> org.hibernate.type.TimestampType@116bc5e7
2021-03-14 22:46:02.471 DEBUG 6824 --- [    Test worker] org.hibernate.type.BasicTypeRegistry     : Adding type registration java.util.Date -> org.hibernate.type.TimestampType@116bc5e7
2021-03-14 22:46:02.473 DEBUG 6824 --- [    Test worker] org.hibernate.type.BasicTypeRegistry     : Adding type registration dbtimestamp -> org.hibernate.type.DbTimestampType@71228b08
2021-03-14 22:46:02.478 DEBUG 6824 --- [    Test worker] org.hibernate.type.BasicTypeRegistry     : Adding type registration calendar -> org.hibernate.type.CalendarType@12b4ee5c
2021-03-14 22:46:02.479 DEBUG 6824 --- [    Test worker] org.hibernate.type.BasicTypeRegistry     : Adding type registration java.util.Calendar -> org.hibernate.type.CalendarType@12b4ee5c
2021-03-14 22:46:02.482 DEBUG 6824 --- [    Test worker] org.hibernate.type.BasicTypeRegistry     : Adding type registration java.util.GregorianCalendar -> org.hibernate.type.CalendarType@12b4ee5c
2021-03-14 22:46:02.484 DEBUG 6824 --- [    Test worker] org.hibernate.type.BasicTypeRegistry     : Adding type registration calendar_date -> org.hibernate.type.CalendarDateType@4e394140
2021-03-14 22:46:02.486 DEBUG 6824 --- [    Test worker] org.hibernate.type.BasicTypeRegistry     : Adding type registration calendar_time -> org.hibernate.type.CalendarTimeType@739f95e9
2021-03-14 22:46:02.488 DEBUG 6824 --- [    Test worker] org.hibernate.type.BasicTypeRegistry     : Adding type registration locale -> org.hibernate.type.LocaleType@45742119
2021-03-14 22:46:02.488 DEBUG 6824 --- [    Test worker] org.hibernate.type.BasicTypeRegistry     : Adding type registration java.util.Locale -> org.hibernate.type.LocaleType@45742119
2021-03-14 22:46:02.490 DEBUG 6824 --- [    Test worker] org.hibernate.type.BasicTypeRegistry     : Adding type registration currency -> org.hibernate.type.CurrencyType@7a3124f4
2021-03-14 22:46:02.491 DEBUG 6824 --- [    Test worker] org.hibernate.type.BasicTypeRegistry     : Adding type registration java.util.Currency -> org.hibernate.type.CurrencyType@7a3124f4
2021-03-14 22:46:02.495 DEBUG 6824 --- [    Test worker] org.hibernate.type.BasicTypeRegistry     : Adding type registration timezone -> org.hibernate.type.TimeZoneType@160b4d1e
2021-03-14 22:46:02.496 DEBUG 6824 --- [    Test worker] org.hibernate.type.BasicTypeRegistry     : Adding type registration java.util.TimeZone -> org.hibernate.type.TimeZoneType@160b4d1e
2021-03-14 22:46:02.499 DEBUG 6824 --- [    Test worker] org.hibernate.type.BasicTypeRegistry     : Adding type registration class -> org.hibernate.type.ClassType@15a6fe71
2021-03-14 22:46:02.500 DEBUG 6824 --- [    Test worker] org.hibernate.type.BasicTypeRegistry     : Adding type registration java.lang.Class -> org.hibernate.type.ClassType@15a6fe71
2021-03-14 22:46:02.502 DEBUG 6824 --- [    Test worker] org.hibernate.type.BasicTypeRegistry     : Adding type registration uuid-binary -> org.hibernate.type.UUIDBinaryType@6d2d6e22
2021-03-14 22:46:02.502 DEBUG 6824 --- [    Test worker] org.hibernate.type.BasicTypeRegistry     : Adding type registration java.util.UUID -> org.hibernate.type.UUIDBinaryType@6d2d6e22
2021-03-14 22:46:02.503 DEBUG 6824 --- [    Test worker] org.hibernate.type.BasicTypeRegistry     : Adding type registration uuid-char -> org.hibernate.type.UUIDCharType@73f143d4
2021-03-14 22:46:02.506 DEBUG 6824 --- [    Test worker] org.hibernate.type.BasicTypeRegistry     : Adding type registration binary -> org.hibernate.type.BinaryType@4849b157
2021-03-14 22:46:02.506 DEBUG 6824 --- [    Test worker] org.hibernate.type.BasicTypeRegistry     : Adding type registration byte[] -> org.hibernate.type.BinaryType@4849b157
2021-03-14 22:46:02.506 DEBUG 6824 --- [    Test worker] org.hibernate.type.BasicTypeRegistry     : Adding type registration [B -> org.hibernate.type.BinaryType@4849b157
2021-03-14 22:46:02.508 DEBUG 6824 --- [    Test worker] org.hibernate.type.BasicTypeRegistry     : Adding type registration wrapper-binary -> org.hibernate.type.WrapperBinaryType@573b2a70
2021-03-14 22:46:02.509 DEBUG 6824 --- [    Test worker] org.hibernate.type.BasicTypeRegistry     : Adding type registration Byte[] -> org.hibernate.type.WrapperBinaryType@573b2a70
2021-03-14 22:46:02.511 DEBUG 6824 --- [    Test worker] org.hibernate.type.BasicTypeRegistry     : Adding type registration [Ljava.lang.Byte; -> org.hibernate.type.WrapperBinaryType@573b2a70
2021-03-14 22:46:02.515 DEBUG 6824 --- [    Test worker] org.hibernate.type.BasicTypeRegistry     : Adding type registration row_version -> org.hibernate.type.RowVersionType@4bf0d8f
2021-03-14 22:46:02.516 DEBUG 6824 --- [    Test worker] org.hibernate.type.BasicTypeRegistry     : Adding type registration image -> org.hibernate.type.ImageType@38015752
2021-03-14 22:46:02.518 DEBUG 6824 --- [    Test worker] org.hibernate.type.BasicTypeRegistry     : Adding type registration characters -> org.hibernate.type.CharArrayType@1dd6679d
2021-03-14 22:46:02.518 DEBUG 6824 --- [    Test worker] org.hibernate.type.BasicTypeRegistry     : Adding type registration char[] -> org.hibernate.type.CharArrayType@1dd6679d
2021-03-14 22:46:02.519 DEBUG 6824 --- [    Test worker] org.hibernate.type.BasicTypeRegistry     : Adding type registration [C -> org.hibernate.type.CharArrayType@1dd6679d
2021-03-14 22:46:02.521 DEBUG 6824 --- [    Test worker] org.hibernate.type.BasicTypeRegistry     : Adding type registration wrapper-characters -> org.hibernate.type.CharacterArrayType@30dc08df
2021-03-14 22:46:02.522 DEBUG 6824 --- [    Test worker] org.hibernate.type.BasicTypeRegistry     : Adding type registration [Ljava.lang.Character; -> org.hibernate.type.CharacterArrayType@30dc08df
2021-03-14 22:46:02.522 DEBUG 6824 --- [    Test worker] org.hibernate.type.BasicTypeRegistry     : Adding type registration Character[] -> org.hibernate.type.CharacterArrayType@30dc08df
2021-03-14 22:46:02.523 DEBUG 6824 --- [    Test worker] org.hibernate.type.BasicTypeRegistry     : Adding type registration text -> org.hibernate.type.TextType@58e99572
2021-03-14 22:46:02.525 DEBUG 6824 --- [    Test worker] org.hibernate.type.BasicTypeRegistry     : Adding type registration ntext -> org.hibernate.type.NTextType@6f935433
2021-03-14 22:46:02.532 DEBUG 6824 --- [    Test worker] org.hibernate.type.BasicTypeRegistry     : Adding type registration blob -> org.hibernate.type.BlobType@7e83d138
2021-03-14 22:46:02.533 DEBUG 6824 --- [    Test worker] org.hibernate.type.BasicTypeRegistry     : Adding type registration java.sql.Blob -> org.hibernate.type.BlobType@7e83d138
2021-03-14 22:46:02.534 DEBUG 6824 --- [    Test worker] org.hibernate.type.BasicTypeRegistry     : Adding type registration materialized_blob -> org.hibernate.type.MaterializedBlobType@766fe0fc
2021-03-14 22:46:02.537 DEBUG 6824 --- [    Test worker] org.hibernate.type.BasicTypeRegistry     : Adding type registration clob -> org.hibernate.type.ClobType@5121aa1c
2021-03-14 22:46:02.537 DEBUG 6824 --- [    Test worker] org.hibernate.type.BasicTypeRegistry     : Adding type registration java.sql.Clob -> org.hibernate.type.ClobType@5121aa1c
2021-03-14 22:46:02.540 DEBUG 6824 --- [    Test worker] org.hibernate.type.BasicTypeRegistry     : Adding type registration nclob -> org.hibernate.type.NClobType@3ab864a9
2021-03-14 22:46:02.540 DEBUG 6824 --- [    Test worker] org.hibernate.type.BasicTypeRegistry     : Adding type registration java.sql.NClob -> org.hibernate.type.NClobType@3ab864a9
2021-03-14 22:46:02.541 DEBUG 6824 --- [    Test worker] org.hibernate.type.BasicTypeRegistry     : Adding type registration materialized_clob -> org.hibernate.type.MaterializedClobType@49eb3ed
2021-03-14 22:46:02.543 DEBUG 6824 --- [    Test worker] org.hibernate.type.BasicTypeRegistry     : Adding type registration materialized_nclob -> org.hibernate.type.MaterializedNClobType@5d23c2fb
2021-03-14 22:46:02.547 DEBUG 6824 --- [    Test worker] org.hibernate.type.BasicTypeRegistry     : Adding type registration serializable -> org.hibernate.type.SerializableType@6b1ed733
2021-03-14 22:46:02.552 DEBUG 6824 --- [    Test worker] org.hibernate.type.BasicTypeRegistry     : Adding type registration object -> org.hibernate.type.ObjectType@1f18282b
2021-03-14 22:46:02.553 DEBUG 6824 --- [    Test worker] org.hibernate.type.BasicTypeRegistry     : Adding type registration java.lang.Object -> org.hibernate.type.ObjectType@1f18282b
2021-03-14 22:46:02.554 DEBUG 6824 --- [    Test worker] org.hibernate.type.BasicTypeRegistry     : Adding type registration imm_date -> org.hibernate.type.AdaptedImmutableType@1e97d5bb
2021-03-14 22:46:02.554 DEBUG 6824 --- [    Test worker] org.hibernate.type.BasicTypeRegistry     : Adding type registration imm_time -> org.hibernate.type.AdaptedImmutableType@3bea47c0
2021-03-14 22:46:02.555 DEBUG 6824 --- [    Test worker] org.hibernate.type.BasicTypeRegistry     : Adding type registration imm_timestamp -> org.hibernate.type.AdaptedImmutableType@3608fcc4
2021-03-14 22:46:02.555 DEBUG 6824 --- [    Test worker] org.hibernate.type.BasicTypeRegistry     : Adding type registration imm_dbtimestamp -> org.hibernate.type.AdaptedImmutableType@7178b903
2021-03-14 22:46:02.555 DEBUG 6824 --- [    Test worker] org.hibernate.type.BasicTypeRegistry     : Adding type registration imm_calendar -> org.hibernate.type.AdaptedImmutableType@5162809a
2021-03-14 22:46:02.555 DEBUG 6824 --- [    Test worker] org.hibernate.type.BasicTypeRegistry     : Adding type registration imm_calendar_date -> org.hibernate.type.AdaptedImmutableType@385f1931
2021-03-14 22:46:02.556 DEBUG 6824 --- [    Test worker] org.hibernate.type.BasicTypeRegistry     : Adding type registration imm_binary -> org.hibernate.type.AdaptedImmutableType@49403c22
2021-03-14 22:46:02.557 DEBUG 6824 --- [    Test worker] org.hibernate.type.BasicTypeRegistry     : Adding type registration imm_serializable -> org.hibernate.type.AdaptedImmutableType@7d4424a8
2021-03-14 22:46:02.599 DEBUG 6824 --- [    Test worker] o.h.boot.internal.BootstrapContextImpl   : Injecting JPA temp ClassLoader [org.springframework.instrument.classloading.SimpleThrowawayClassLoader@446fceb2] into BootstrapContext; was [null]
2021-03-14 22:46:02.601 DEBUG 6824 --- [    Test worker] o.h.boot.internal.ClassLoaderAccessImpl  : ClassLoaderAccessImpl#injectTempClassLoader(org.springframework.instrument.classloading.SimpleThrowawayClassLoader@446fceb2) [was null]
2021-03-14 22:46:02.607 DEBUG 6824 --- [    Test worker] o.h.boot.internal.BootstrapContextImpl   : Injecting ScanEnvironment [org.hibernate.jpa.boot.internal.StandardJpaScanEnvironmentImpl@12d47ea9] into BootstrapContext; was [null]
2021-03-14 22:46:02.607 DEBUG 6824 --- [    Test worker] o.h.boot.internal.BootstrapContextImpl   : Injecting ScanOptions [org.hibernate.boot.archive.scan.internal.StandardScanOptions@7ddc1fa9] into BootstrapContext; was [org.hibernate.boot.archive.scan.internal.StandardScanOptions@470d3a30]
2021-03-14 22:46:02.654 DEBUG 6824 --- [    Test worker] o.h.boot.internal.BootstrapContextImpl   : Injecting JPA temp ClassLoader [null] into BootstrapContext; was [org.springframework.instrument.classloading.SimpleThrowawayClassLoader@446fceb2]
2021-03-14 22:46:02.658 DEBUG 6824 --- [    Test worker] o.h.boot.internal.ClassLoaderAccessImpl  : ClassLoaderAccessImpl#injectTempClassLoader(null) [was org.springframework.instrument.classloading.SimpleThrowawayClassLoader@446fceb2]
2021-03-14 22:46:02.700 DEBUG 6824 --- [    Test worker] .i.f.i.DefaultIdentifierGeneratorFactory : Registering IdentifierGenerator strategy [uuid2] -> [org.hibernate.id.UUIDGenerator]
2021-03-14 22:46:02.704 DEBUG 6824 --- [    Test worker] .i.f.i.DefaultIdentifierGeneratorFactory : Registering IdentifierGenerator strategy [guid] -> [org.hibernate.id.GUIDGenerator]
2021-03-14 22:46:02.713 DEBUG 6824 --- [    Test worker] .i.f.i.DefaultIdentifierGeneratorFactory : Registering IdentifierGenerator strategy [uuid] -> [org.hibernate.id.UUIDHexGenerator]
2021-03-14 22:46:02.721 DEBUG 6824 --- [    Test worker] .i.f.i.DefaultIdentifierGeneratorFactory : Registering IdentifierGenerator strategy [uuid.hex] -> [org.hibernate.id.UUIDHexGenerator]
2021-03-14 22:46:02.723 DEBUG 6824 --- [    Test worker] .i.f.i.DefaultIdentifierGeneratorFactory : Registering IdentifierGenerator strategy [assigned] -> [org.hibernate.id.Assigned]
2021-03-14 22:46:02.741 DEBUG 6824 --- [    Test worker] .i.f.i.DefaultIdentifierGeneratorFactory : Registering IdentifierGenerator strategy [identity] -> [org.hibernate.id.IdentityGenerator]
2021-03-14 22:46:02.745 DEBUG 6824 --- [    Test worker] .i.f.i.DefaultIdentifierGeneratorFactory : Registering IdentifierGenerator strategy [select] -> [org.hibernate.id.SelectGenerator]
2021-03-14 22:46:02.750 DEBUG 6824 --- [    Test worker] .i.f.i.DefaultIdentifierGeneratorFactory : Registering IdentifierGenerator strategy [sequence] -> [org.hibernate.id.enhanced.SequenceStyleGenerator]
2021-03-14 22:46:02.751 DEBUG 6824 --- [    Test worker] .i.f.i.DefaultIdentifierGeneratorFactory : Registering IdentifierGenerator strategy [seqhilo] -> [org.hibernate.id.SequenceHiLoGenerator]
2021-03-14 22:46:02.753 DEBUG 6824 --- [    Test worker] .i.f.i.DefaultIdentifierGeneratorFactory : Registering IdentifierGenerator strategy [increment] -> [org.hibernate.id.IncrementGenerator]
2021-03-14 22:46:02.754 DEBUG 6824 --- [    Test worker] .i.f.i.DefaultIdentifierGeneratorFactory : Registering IdentifierGenerator strategy [foreign] -> [org.hibernate.id.ForeignGenerator]
2021-03-14 22:46:02.755 DEBUG 6824 --- [    Test worker] .i.f.i.DefaultIdentifierGeneratorFactory : Registering IdentifierGenerator strategy [sequence-identity] -> [org.hibernate.id.SequenceIdentityGenerator]
2021-03-14 22:46:02.755 DEBUG 6824 --- [    Test worker] .i.f.i.DefaultIdentifierGeneratorFactory : Registering IdentifierGenerator strategy [enhanced-sequence] -> [org.hibernate.id.enhanced.SequenceStyleGenerator]
2021-03-14 22:46:02.757 DEBUG 6824 --- [    Test worker] .i.f.i.DefaultIdentifierGeneratorFactory : Registering IdentifierGenerator strategy [enhanced-table] -> [org.hibernate.id.enhanced.TableGenerator]
2021-03-14 22:46:02.772 DEBUG 6824 --- [    Test worker] com.zaxxer.hikari.HikariConfig           : HikariPool-1 - configuration:
2021-03-14 22:46:02.775 DEBUG 6824 --- [    Test worker] com.zaxxer.hikari.HikariConfig           : allowPoolSuspension.............false
2021-03-14 22:46:02.776 DEBUG 6824 --- [    Test worker] com.zaxxer.hikari.HikariConfig           : autoCommit......................true
2021-03-14 22:46:02.776 DEBUG 6824 --- [    Test worker] com.zaxxer.hikari.HikariConfig           : catalog.........................none
2021-03-14 22:46:02.776 DEBUG 6824 --- [    Test worker] com.zaxxer.hikari.HikariConfig           : connectionInitSql...............none
2021-03-14 22:46:02.777 DEBUG 6824 --- [    Test worker] com.zaxxer.hikari.HikariConfig           : connectionTestQuery.............none
2021-03-14 22:46:02.777 DEBUG 6824 --- [    Test worker] com.zaxxer.hikari.HikariConfig           : connectionTimeout...............30000
2021-03-14 22:46:02.778 DEBUG 6824 --- [    Test worker] com.zaxxer.hikari.HikariConfig           : dataSource......................none
2021-03-14 22:46:02.782 DEBUG 6824 --- [    Test worker] com.zaxxer.hikari.HikariConfig           : dataSourceClassName.............none
2021-03-14 22:46:02.783 DEBUG 6824 --- [    Test worker] com.zaxxer.hikari.HikariConfig           : dataSourceJNDI..................none
2021-03-14 22:46:02.785 DEBUG 6824 --- [    Test worker] com.zaxxer.hikari.HikariConfig           : dataSourceProperties............{password=<masked>}
2021-03-14 22:46:02.785 DEBUG 6824 --- [    Test worker] com.zaxxer.hikari.HikariConfig           : driverClassName................."org.postgresql.Driver"
2021-03-14 22:46:02.786 DEBUG 6824 --- [    Test worker] com.zaxxer.hikari.HikariConfig           : exceptionOverrideClassName......none
2021-03-14 22:46:02.787 DEBUG 6824 --- [    Test worker] com.zaxxer.hikari.HikariConfig           : healthCheckProperties...........{}
2021-03-14 22:46:02.787 DEBUG 6824 --- [    Test worker] com.zaxxer.hikari.HikariConfig           : healthCheckRegistry.............none
2021-03-14 22:46:02.787 DEBUG 6824 --- [    Test worker] com.zaxxer.hikari.HikariConfig           : idleTimeout.....................600000
2021-03-14 22:46:02.788 DEBUG 6824 --- [    Test worker] com.zaxxer.hikari.HikariConfig           : initializationFailTimeout.......1
2021-03-14 22:46:02.788 DEBUG 6824 --- [    Test worker] com.zaxxer.hikari.HikariConfig           : isolateInternalQueries..........false
2021-03-14 22:46:02.789 DEBUG 6824 --- [    Test worker] com.zaxxer.hikari.HikariConfig           : jdbcUrl.........................jdbc:postgresql://localhost:5432/Schedulle
2021-03-14 22:46:02.790 DEBUG 6824 --- [    Test worker] com.zaxxer.hikari.HikariConfig           : leakDetectionThreshold..........0
2021-03-14 22:46:02.790 DEBUG 6824 --- [    Test worker] com.zaxxer.hikari.HikariConfig           : maxLifetime.....................1800000
2021-03-14 22:46:02.791 DEBUG 6824 --- [    Test worker] com.zaxxer.hikari.HikariConfig           : maximumPoolSize.................10
2021-03-14 22:46:02.791 DEBUG 6824 --- [    Test worker] com.zaxxer.hikari.HikariConfig           : metricRegistry..................none
2021-03-14 22:46:02.791 DEBUG 6824 --- [    Test worker] com.zaxxer.hikari.HikariConfig           : metricsTrackerFactory...........none
2021-03-14 22:46:02.792 DEBUG 6824 --- [    Test worker] com.zaxxer.hikari.HikariConfig           : minimumIdle.....................10
2021-03-14 22:46:02.792 DEBUG 6824 --- [    Test worker] com.zaxxer.hikari.HikariConfig           : password........................<masked>
2021-03-14 22:46:02.792 DEBUG 6824 --- [    Test worker] com.zaxxer.hikari.HikariConfig           : poolName........................"HikariPool-1"
2021-03-14 22:46:02.792 DEBUG 6824 --- [    Test worker] com.zaxxer.hikari.HikariConfig           : readOnly........................false
2021-03-14 22:46:02.794 DEBUG 6824 --- [    Test worker] com.zaxxer.hikari.HikariConfig           : registerMbeans..................false
2021-03-14 22:46:02.797 DEBUG 6824 --- [    Test worker] com.zaxxer.hikari.HikariConfig           : scheduledExecutor...............none
2021-03-14 22:46:02.798 DEBUG 6824 --- [    Test worker] com.zaxxer.hikari.HikariConfig           : schema..........................none
2021-03-14 22:46:02.799 DEBUG 6824 --- [    Test worker] com.zaxxer.hikari.HikariConfig           : threadFactory...................internal
2021-03-14 22:46:02.800 DEBUG 6824 --- [    Test worker] com.zaxxer.hikari.HikariConfig           : transactionIsolation............default
2021-03-14 22:46:02.800 DEBUG 6824 --- [    Test worker] com.zaxxer.hikari.HikariConfig           : username........................"postgres"
2021-03-14 22:46:02.800 DEBUG 6824 --- [    Test worker] com.zaxxer.hikari.HikariConfig           : validationTimeout...............5000
2021-03-14 22:46:02.801  INFO 6824 --- [    Test worker] com.zaxxer.hikari.HikariDataSource       : HikariPool-1 - Starting...
2021-03-14 22:46:02.827 DEBUG 6824 --- [    Test worker] org.postgresql.Driver                    : Loading driver configuration via classloader jdk.internal.loader.ClassLoaders$AppClassLoader@15db9742
2021-03-14 22:46:02.829 DEBUG 6824 --- [    Test worker] org.postgresql.Driver                    : Connecting with URL: jdbc:postgresql://localhost:5432/Schedulle
2021-03-14 22:46:02.840 DEBUG 6824 --- [    Test worker] org.postgresql.jdbc.PgConnection         : PostgreSQL JDBC Driver 42.2.18
2021-03-14 22:46:02.842 DEBUG 6824 --- [    Test worker] org.postgresql.jdbc.PgConnection         :   setDefaultFetchSize = 0
2021-03-14 22:46:02.842 DEBUG 6824 --- [    Test worker] org.postgresql.jdbc.PgConnection         :   setPrepareThreshold = 5
2021-03-14 22:46:02.854 DEBUG 6824 --- [    Test worker] o.p.core.v3.ConnectionFactoryImpl        : Trying to establish a protocol version 3 connection to localhost:5432
2021-03-14 22:46:02.875 DEBUG 6824 --- [    Test worker] o.p.core.v3.ConnectionFactoryImpl        : Receive Buffer Size is 65,536
2021-03-14 22:46:02.877 DEBUG 6824 --- [    Test worker] o.p.core.v3.ConnectionFactoryImpl        : Send Buffer Size is 65,536
2021-03-14 22:46:03.067 DEBUG 6824 --- [    Test worker] com.zaxxer.hikari.pool.HikariPool        : HikariPool-1 - Added connection org.postgresql.jdbc.PgConnection@454b378a
2021-03-14 22:46:03.070  INFO 6824 --- [    Test worker] com.zaxxer.hikari.HikariDataSource       : HikariPool-1 - Start completed.
2021-03-14 22:46:03.086 DEBUG 6824 --- [    Test worker] o.h.e.j.e.i.JdbcEnvironmentInitiator     : Database ->
       name : PostgreSQL
    version : 11.2
      major : 11
      minor : 2
2021-03-14 22:46:03.086 DEBUG 6824 --- [    Test worker] o.h.e.j.e.i.JdbcEnvironmentInitiator     : Driver ->
       name : PostgreSQL JDBC Driver
    version : 42.2.18
      major : 42
      minor : 2
2021-03-14 22:46:03.088 DEBUG 6824 --- [    Test worker] o.h.e.j.e.i.JdbcEnvironmentInitiator     : JDBC version : 4.2
2021-03-14 22:46:03.109  INFO 6824 --- [    Test worker] org.hibernate.dialect.Dialect            : HHH000400: Using dialect: org.hibernate.dialect.PostgreSQL95Dialect
2021-03-14 22:46:03.140 DEBUG 6824 --- [    Test worker] o.h.e.j.env.spi.IdentifierHelperBuilder  : JDBC driver metadata reported database stores quoted identifiers in neither upper, lower nor mixed case
2021-03-14 22:46:03.183 DEBUG 6824 --- [l-1 housekeeper] com.zaxxer.hikari.pool.HikariPool        : HikariPool-1 - Pool stats (total=1, active=1, idle=0, waiting=0)
2021-03-14 22:46:03.186 DEBUG 6824 --- [onnection adder] org.postgresql.Driver                    : Connecting with URL: jdbc:postgresql://localhost:5432/Schedulle
2021-03-14 22:46:03.189 DEBUG 6824 --- [onnection adder] org.postgresql.jdbc.PgConnection         : PostgreSQL JDBC Driver 42.2.18
2021-03-14 22:46:03.200 DEBUG 6824 --- [onnection adder] org.postgresql.jdbc.PgConnection         :   setDefaultFetchSize = 0
2021-03-14 22:46:03.219 DEBUG 6824 --- [onnection adder] org.postgresql.jdbc.PgConnection         :   setPrepareThreshold = 5
2021-03-14 22:46:03.219 DEBUG 6824 --- [onnection adder] o.p.core.v3.ConnectionFactoryImpl        : Trying to establish a protocol version 3 connection to localhost:5432
2021-03-14 22:46:03.222 DEBUG 6824 --- [onnection adder] o.p.core.v3.ConnectionFactoryImpl        : Receive Buffer Size is 65,536
2021-03-14 22:46:03.222 DEBUG 6824 --- [onnection adder] o.p.core.v3.ConnectionFactoryImpl        : Send Buffer Size is 65,536
2021-03-14 22:46:03.297 DEBUG 6824 --- [    Test worker] o.h.boot.model.relational.Namespace      : Created database namespace [logicalName=Name{catalog=null, schema=null}, physicalName=Name{catalog=null, schema=null}]
2021-03-14 22:46:03.303 DEBUG 6824 --- [    Test worker] org.hibernate.type.BasicTypeRegistry     : Adding type registration pg-uuid -> org.hibernate.type.PostgresUUIDType@68ed6f81
2021-03-14 22:46:03.303 DEBUG 6824 --- [    Test worker] org.hibernate.type.BasicTypeRegistry     : Adding type registration java.util.UUID -> org.hibernate.type.PostgresUUIDType@68ed6f81
2021-03-14 22:46:03.304 DEBUG 6824 --- [    Test worker] org.hibernate.type.BasicTypeRegistry     : HHH000270: Type registration [java.util.UUID] overrides previous : org.hibernate.type.UUIDBinaryType@6d2d6e22
2021-03-14 22:46:03.311 DEBUG 6824 --- [    Test worker] o.h.type.spi.TypeConfiguration$Scope     : Scoping TypeConfiguration [org.hibernate.type.spi.TypeConfiguration@6807f47f] to MetadataBuildingContext [org.hibernate.boot.internal.MetadataBuildingContextRootImpl@25fc7d34]
2021-03-14 22:46:03.393 DEBUG 6824 --- [onnection adder] com.zaxxer.hikari.pool.HikariPool        : HikariPool-1 - Added connection org.postgresql.jdbc.PgConnection@45e039ce
2021-03-14 22:46:03.393 DEBUG 6824 --- [onnection adder] org.postgresql.Driver                    : Connecting with URL: jdbc:postgresql://localhost:5432/Schedulle
2021-03-14 22:46:03.393 DEBUG 6824 --- [onnection adder] org.postgresql.jdbc.PgConnection         : PostgreSQL JDBC Driver 42.2.18
2021-03-14 22:46:03.394 DEBUG 6824 --- [onnection adder] org.postgresql.jdbc.PgConnection         :   setDefaultFetchSize = 0
2021-03-14 22:46:03.395 DEBUG 6824 --- [onnection adder] org.postgresql.jdbc.PgConnection         :   setPrepareThreshold = 5
2021-03-14 22:46:03.396 DEBUG 6824 --- [onnection adder] o.p.core.v3.ConnectionFactoryImpl        : Trying to establish a protocol version 3 connection to localhost:5432
2021-03-14 22:46:03.400 DEBUG 6824 --- [onnection adder] o.p.core.v3.ConnectionFactoryImpl        : Receive Buffer Size is 65,536
2021-03-14 22:46:03.400 DEBUG 6824 --- [onnection adder] o.p.core.v3.ConnectionFactoryImpl        : Send Buffer Size is 65,536
2021-03-14 22:46:03.484 DEBUG 6824 --- [    Test worker] org.hibernate.cfg.AnnotationBinder       : Binding entity from annotated class: com.example.Schedulle.auth.UserEntity
2021-03-14 22:46:03.532 DEBUG 6824 --- [onnection adder] com.zaxxer.hikari.pool.HikariPool        : HikariPool-1 - Added connection org.postgresql.jdbc.PgConnection@4b27df02
2021-03-14 22:46:03.533 DEBUG 6824 --- [onnection adder] org.postgresql.Driver                    : Connecting with URL: jdbc:postgresql://localhost:5432/Schedulle
2021-03-14 22:46:03.533 DEBUG 6824 --- [onnection adder] org.postgresql.jdbc.PgConnection         : PostgreSQL JDBC Driver 42.2.18
2021-03-14 22:46:03.533 DEBUG 6824 --- [onnection adder] org.postgresql.jdbc.PgConnection         :   setDefaultFetchSize = 0
2021-03-14 22:46:03.533 DEBUG 6824 --- [onnection adder] org.postgresql.jdbc.PgConnection         :   setPrepareThreshold = 5
2021-03-14 22:46:03.533 DEBUG 6824 --- [onnection adder] o.p.core.v3.ConnectionFactoryImpl        : Trying to establish a protocol version 3 connection to localhost:5432
2021-03-14 22:46:03.534 DEBUG 6824 --- [    Test worker] org.hibernate.cfg.Ejb3Column             : Binding column: Ejb3DiscriminatorColumn{logicalColumnName'DTYPE', discriminatorTypeName='string'}
2021-03-14 22:46:03.534 DEBUG 6824 --- [onnection adder] o.p.core.v3.ConnectionFactoryImpl        : Receive Buffer Size is 65,536
2021-03-14 22:46:03.535 DEBUG 6824 --- [onnection adder] o.p.core.v3.ConnectionFactoryImpl        : Send Buffer Size is 65,536
2021-03-14 22:46:03.551 DEBUG 6824 --- [    Test worker] o.h.cfg.annotations.EntityBinder         : Import with entity name UserEntity
2021-03-14 22:46:03.554 DEBUG 6824 --- [    Test worker] o.h.boot.model.relational.Namespace      : Created database namespace [logicalName=Name{catalog=null, schema=public}, physicalName=Name{catalog=null, schema=public}]
2021-03-14 22:46:03.567 DEBUG 6824 --- [    Test worker] o.h.cfg.annotations.EntityBinder         : Bind entity com.example.Schedulle.auth.UserEntity on table user
2021-03-14 22:46:03.633 DEBUG 6824 --- [    Test worker] org.hibernate.cfg.Ejb3Column             : Binding column: Ejb3Column{table=org.hibernate.mapping.Table(public.user), mappingColumn=id, insertable=true, updatable=true, unique=false}
2021-03-14 22:46:03.641 DEBUG 6824 --- [onnection adder] com.zaxxer.hikari.pool.HikariPool        : HikariPool-1 - Added connection org.postgresql.jdbc.PgConnection@4f1852be
2021-03-14 22:46:03.642 DEBUG 6824 --- [onnection adder] org.postgresql.Driver                    : Connecting with URL: jdbc:postgresql://localhost:5432/Schedulle
2021-03-14 22:46:03.642 DEBUG 6824 --- [onnection adder] org.postgresql.jdbc.PgConnection         : PostgreSQL JDBC Driver 42.2.18
2021-03-14 22:46:03.642 DEBUG 6824 --- [onnection adder] org.postgresql.jdbc.PgConnection         :   setDefaultFetchSize = 0
2021-03-14 22:46:03.642 DEBUG 6824 --- [onnection adder] org.postgresql.jdbc.PgConnection         :   setPrepareThreshold = 5
2021-03-14 22:46:03.643 DEBUG 6824 --- [onnection adder] o.p.core.v3.ConnectionFactoryImpl        : Trying to establish a protocol version 3 connection to localhost:5432
2021-03-14 22:46:03.644 DEBUG 6824 --- [onnection adder] o.p.core.v3.ConnectionFactoryImpl        : Receive Buffer Size is 65,536
2021-03-14 22:46:03.644 DEBUG 6824 --- [onnection adder] o.p.core.v3.ConnectionFactoryImpl        : Send Buffer Size is 65,536
2021-03-14 22:46:03.647 DEBUG 6824 --- [    Test worker] o.h.boot.internal.ClassLoaderAccessImpl  : Not known whether passed class name [com.example.Schedulle.auth.UserEntity] is safe
2021-03-14 22:46:03.647 DEBUG 6824 --- [    Test worker] o.h.boot.internal.ClassLoaderAccessImpl  : No temp ClassLoader provided; using live ClassLoader for loading potentially unsafe class : com.example.Schedulle.auth.UserEntity
2021-03-14 22:46:03.650 DEBUG 6824 --- [    Test worker] o.h.cfg.annotations.PropertyBinder       : MetadataSourceProcessor property id with lazy=false
2021-03-14 22:46:03.654 DEBUG 6824 --- [    Test worker] o.hibernate.cfg.AbstractPropertyHolder   : Attempting to locate auto-apply AttributeConverter for property [com.example.Schedulle.auth.UserEntity:id]
2021-03-14 22:46:03.657 DEBUG 6824 --- [    Test worker] o.h.cfg.annotations.SimpleValueBinder    : building SimpleValue for id
2021-03-14 22:46:03.666 DEBUG 6824 --- [    Test worker] o.h.cfg.annotations.PropertyBinder       : Building property id
2021-03-14 22:46:03.672 DEBUG 6824 --- [    Test worker] org.hibernate.cfg.BinderHelper           : #makeIdGenerator(org.hibernate.mapping.SimpleValue([org.hibernate.mapping.Column(id)]), id, identity, , ...)
2021-03-14 22:46:03.673 DEBUG 6824 --- [    Test worker] org.hibernate.cfg.Ejb3Column             : Binding column: Ejb3Column{table=org.hibernate.mapping.Table(public.user), mappingColumn=created_at, insertable=true, updatable=true, unique=false}
2021-03-14 22:46:03.674 DEBUG 6824 --- [    Test worker] o.h.cfg.annotations.PropertyBinder       : MetadataSourceProcessor property createdAt with lazy=false
2021-03-14 22:46:03.674 DEBUG 6824 --- [    Test worker] o.hibernate.cfg.AbstractPropertyHolder   : Attempting to locate auto-apply AttributeConverter for property [com.example.Schedulle.auth.UserEntity:createdAt]
2021-03-14 22:46:03.675 DEBUG 6824 --- [    Test worker] o.h.cfg.annotations.SimpleValueBinder    : building SimpleValue for createdAt
2021-03-14 22:46:03.675 DEBUG 6824 --- [    Test worker] o.h.cfg.annotations.PropertyBinder       : Building property createdAt
2021-03-14 22:46:03.677 DEBUG 6824 --- [    Test worker] org.hibernate.cfg.Ejb3Column             : Binding column: Ejb3Column{table=org.hibernate.mapping.Table(public.user), mappingColumn=file_name, insertable=true, updatable=true, unique=false}
2021-03-14 22:46:03.678 DEBUG 6824 --- [    Test worker] o.h.cfg.annotations.PropertyBinder       : MetadataSourceProcessor property fileName with lazy=false
2021-03-14 22:46:03.678 DEBUG 6824 --- [    Test worker] o.hibernate.cfg.AbstractPropertyHolder   : Attempting to locate auto-apply AttributeConverter for property [com.example.Schedulle.auth.UserEntity:fileName]
2021-03-14 22:46:03.678 DEBUG 6824 --- [    Test worker] o.h.cfg.annotations.SimpleValueBinder    : building SimpleValue for fileName
2021-03-14 22:46:03.678 DEBUG 6824 --- [    Test worker] o.h.cfg.annotations.PropertyBinder       : Building property fileName
2021-03-14 22:46:03.679 DEBUG 6824 --- [    Test worker] org.hibernate.cfg.Ejb3Column             : Binding column: Ejb3Column{table=org.hibernate.mapping.Table(public.user), mappingColumn=mail, insertable=true, updatable=true, unique=false}
2021-03-14 22:46:03.680 DEBUG 6824 --- [    Test worker] o.h.cfg.annotations.PropertyBinder       : MetadataSourceProcessor property mail with lazy=false
2021-03-14 22:46:03.681 DEBUG 6824 --- [    Test worker] o.hibernate.cfg.AbstractPropertyHolder   : Attempting to locate auto-apply AttributeConverter for property [com.example.Schedulle.auth.UserEntity:mail]
2021-03-14 22:46:03.681 DEBUG 6824 --- [    Test worker] o.h.cfg.annotations.SimpleValueBinder    : building SimpleValue for mail
2021-03-14 22:46:03.681 DEBUG 6824 --- [    Test worker] o.h.cfg.annotations.PropertyBinder       : Building property mail
2021-03-14 22:46:03.683 DEBUG 6824 --- [    Test worker] org.hibernate.cfg.Ejb3Column             : Binding column: Ejb3Column{table=org.hibernate.mapping.Table(public.user), mappingColumn=name, insertable=true, updatable=true, unique=false}
2021-03-14 22:46:03.684 DEBUG 6824 --- [    Test worker] o.h.cfg.annotations.PropertyBinder       : MetadataSourceProcessor property name with lazy=false
2021-03-14 22:46:03.685 DEBUG 6824 --- [    Test worker] o.hibernate.cfg.AbstractPropertyHolder   : Attempting to locate auto-apply AttributeConverter for property [com.example.Schedulle.auth.UserEntity:name]
2021-03-14 22:46:03.697 DEBUG 6824 --- [    Test worker] o.h.cfg.annotations.SimpleValueBinder    : building SimpleValue for name
2021-03-14 22:46:03.698 DEBUG 6824 --- [    Test worker] o.h.cfg.annotations.PropertyBinder       : Building property name
2021-03-14 22:46:03.699 DEBUG 6824 --- [    Test worker] org.hibernate.cfg.Ejb3Column             : Binding column: Ejb3Column{table=org.hibernate.mapping.Table(public.user), mappingColumn=password, insertable=true, updatable=true, unique=false}
2021-03-14 22:46:03.699 DEBUG 6824 --- [    Test worker] o.h.cfg.annotations.PropertyBinder       : MetadataSourceProcessor property password with lazy=false
2021-03-14 22:46:03.701 DEBUG 6824 --- [    Test worker] o.hibernate.cfg.AbstractPropertyHolder   : Attempting to locate auto-apply AttributeConverter for property [com.example.Schedulle.auth.UserEntity:password]
2021-03-14 22:46:03.702 DEBUG 6824 --- [    Test worker] o.h.cfg.annotations.SimpleValueBinder    : building SimpleValue for password
2021-03-14 22:46:03.703 DEBUG 6824 --- [    Test worker] o.h.cfg.annotations.PropertyBinder       : Building property password
2021-03-14 22:46:03.706 DEBUG 6824 --- [    Test worker] org.hibernate.cfg.AnnotationBinder       : Binding entity from annotated class: com.example.Schedulle.common.schedulle.SchedulleEntity
2021-03-14 22:46:03.706 DEBUG 6824 --- [    Test worker] org.hibernate.cfg.Ejb3Column             : Binding column: Ejb3DiscriminatorColumn{logicalColumnName'DTYPE', discriminatorTypeName='string'}
2021-03-14 22:46:03.707 DEBUG 6824 --- [    Test worker] o.h.cfg.annotations.EntityBinder         : Import with entity name SchedulleEntity
2021-03-14 22:46:03.707 DEBUG 6824 --- [    Test worker] o.h.cfg.annotations.EntityBinder         : Bind entity com.example.Schedulle.common.schedulle.SchedulleEntity on table schedulle
2021-03-14 22:46:03.734 DEBUG 6824 --- [    Test worker] org.hibernate.cfg.Ejb3Column             : Binding column: Ejb3Column{table=org.hibernate.mapping.Table(public.schedulle), mappingColumn=id, insertable=true, updatable=true, unique=false}
2021-03-14 22:46:03.735 DEBUG 6824 --- [    Test worker] o.h.boot.internal.ClassLoaderAccessImpl  : Not known whether passed class name [com.example.Schedulle.common.schedulle.SchedulleEntity] is safe
2021-03-14 22:46:03.738 DEBUG 6824 --- [    Test worker] o.h.boot.internal.ClassLoaderAccessImpl  : No temp ClassLoader provided; using live ClassLoader for loading potentially unsafe class : com.example.Schedulle.common.schedulle.SchedulleEntity
2021-03-14 22:46:03.740 DEBUG 6824 --- [    Test worker] o.h.cfg.annotations.PropertyBinder       : MetadataSourceProcessor property id with lazy=false
2021-03-14 22:46:03.740 DEBUG 6824 --- [    Test worker] o.hibernate.cfg.AbstractPropertyHolder   : Attempting to locate auto-apply AttributeConverter for property [com.example.Schedulle.common.schedulle.SchedulleEntity:id]
2021-03-14 22:46:03.742 DEBUG 6824 --- [    Test worker] o.h.cfg.annotations.SimpleValueBinder    : building SimpleValue for id
2021-03-14 22:46:03.775 DEBUG 6824 --- [    Test worker] o.h.cfg.annotations.PropertyBinder       : Building property id
2021-03-14 22:46:03.775 DEBUG 6824 --- [    Test worker] org.hibernate.cfg.BinderHelper           : #makeIdGenerator(org.hibernate.mapping.SimpleValue([org.hibernate.mapping.Column(id)]), id, identity, , ...)
2021-03-14 22:46:03.780 DEBUG 6824 --- [    Test worker] org.hibernate.cfg.Ejb3Column             : Binding column: Ejb3Column{table=org.hibernate.mapping.Table(public.schedulle), mappingColumn=date, insertable=true, updatable=true, unique=false}
2021-03-14 22:46:03.782 DEBUG 6824 --- [    Test worker] o.h.cfg.annotations.PropertyBinder       : MetadataSourceProcessor property date with lazy=false
2021-03-14 22:46:03.783 DEBUG 6824 --- [    Test worker] o.hibernate.cfg.AbstractPropertyHolder   : Attempting to locate auto-apply AttributeConverter for property [com.example.Schedulle.common.schedulle.SchedulleEntity:date]
2021-03-14 22:46:03.784 DEBUG 6824 --- [    Test worker] o.h.cfg.annotations.SimpleValueBinder    : building SimpleValue for date
2021-03-14 22:46:03.784 DEBUG 6824 --- [    Test worker] o.h.cfg.annotations.PropertyBinder       : Building property date
2021-03-14 22:46:03.785 DEBUG 6824 --- [    Test worker] org.hibernate.cfg.Ejb3Column             : Binding column: Ejb3Column{table=org.hibernate.mapping.Table(public.schedulle), mappingColumn=e_date, insertable=true, updatable=true, unique=false}
2021-03-14 22:46:03.785 DEBUG 6824 --- [    Test worker] o.h.cfg.annotations.PropertyBinder       : MetadataSourceProcessor property eDate with lazy=false
2021-03-14 22:46:03.785 DEBUG 6824 --- [    Test worker] o.hibernate.cfg.AbstractPropertyHolder   : Attempting to locate auto-apply AttributeConverter for property [com.example.Schedulle.common.schedulle.SchedulleEntity:eDate]
2021-03-14 22:46:03.785 DEBUG 6824 --- [    Test worker] o.h.cfg.annotations.SimpleValueBinder    : building SimpleValue for eDate
2021-03-14 22:46:03.786 DEBUG 6824 --- [    Test worker] o.h.cfg.annotations.PropertyBinder       : Building property eDate
2021-03-14 22:46:03.786 DEBUG 6824 --- [    Test worker] org.hibernate.cfg.Ejb3Column             : Binding column: Ejb3Column{table=org.hibernate.mapping.Table(public.schedulle), mappingColumn=month_value, insertable=true, updatable=true, unique=false}
2021-03-14 22:46:03.786 DEBUG 6824 --- [    Test worker] o.h.cfg.annotations.PropertyBinder       : MetadataSourceProcessor property monthValue with lazy=false
2021-03-14 22:46:03.787 DEBUG 6824 --- [    Test worker] o.hibernate.cfg.AbstractPropertyHolder   : Attempting to locate auto-apply AttributeConverter for property [com.example.Schedulle.common.schedulle.SchedulleEntity:monthValue]
2021-03-14 22:46:03.787 DEBUG 6824 --- [    Test worker] o.h.cfg.annotations.SimpleValueBinder    : building SimpleValue for monthValue
[...]
2021-03-14 22:46:11.318 DEBUG 6824 --- [    Test worker] org.springframework.test.context.cache   : Spring test ApplicationContext cache statistics: [DefaultContextCache@5c87a09b size = 1, maxSize = 32, parentContextCount = 0, hitCount = 5, missCount = 1]
2021-03-14 22:46:11.329 DEBUG 6824 --- [    Test worker] c.DefaultCacheAwareContextLoaderDelegate : Retrieved ApplicationContext [2127710246] from cache with key [[WebMergedContextConfiguration@a7a137b testClass = SchedulleApplicationTests, locations = '{}', classes = '{class com.example.Schedulle.SchedulleApplication}', contextInitializerClasses = '[]', activeProfiles = '{}', propertySourceLocations = '{}', propertySourceProperties = '{org.springframework.boot.test.context.SpringBootTestContextBootstrapper=true}', contextCustomizers = set[org.springframework.boot.test.autoconfigure.actuate.metrics.MetricsExportContextCustomizerFactory$DisableMetricExportContextCustomizer@586e936f, org.springframework.boot.test.autoconfigure.properties.PropertyMappingContextCustomizer@0, org.springframework.boot.test.autoconfigure.web.servlet.WebDriverContextCustomizerFactory$Customizer@17b4ab04, org.springframework.boot.test.context.filter.ExcludeFilterContextCustomizer@3d53040c, org.springframework.boot.test.json.DuplicateJsonObjectContextCustomizerFactory$DuplicateJsonObjectContextCustomizer@443c06d7, org.springframework.boot.test.mock.mockito.MockitoContextCustomizer@0, org.springframework.boot.test.web.client.TestRestTemplateContextCustomizer@c8b218d, org.springframework.boot.test.context.SpringBootTestArgs@1, org.springframework.boot.test.context.SpringBootTestWebEnvironment@35b75873], resourceBasePath = 'src/main/webapp', contextLoader = 'org.springframework.boot.test.context.SpringBootContextLoader', parent = [null]]]
2021-03-14 22:46:11.329 DEBUG 6824 --- [    Test worker] org.springframework.test.context.cache   : Spring test ApplicationContext cache statistics: [DefaultContextCache@5c87a09b size = 1, maxSize = 32, parentContextCount = 0, hitCount = 6, missCount = 1]
2021-03-14 22:46:11.365 DEBUG 6824 --- [    Test worker] c.DefaultCacheAwareContextLoaderDelegate : Retrieved ApplicationContext [2127710246] from cache with key [[WebMergedContextConfiguration@a7a137b testClass = SchedulleApplicationTests, locations = '{}', classes = '{class com.example.Schedulle.SchedulleApplication}', contextInitializerClasses = '[]', activeProfiles = '{}', propertySourceLocations = '{}', propertySourceProperties = '{org.springframework.boot.test.context.SpringBootTestContextBootstrapper=true}', contextCustomizers = set[org.springframework.boot.test.autoconfigure.actuate.metrics.MetricsExportContextCustomizerFactory$DisableMetricExportContextCustomizer@586e936f, org.springframework.boot.test.autoconfigure.properties.PropertyMappingContextCustomizer@0, org.springframework.boot.test.autoconfigure.web.servlet.WebDriverContextCustomizerFactory$Customizer@17b4ab04, org.springframework.boot.test.context.filter.ExcludeFilterContextCustomizer@3d53040c, org.springframework.boot.test.json.DuplicateJsonObjectContextCustomizerFactory$DuplicateJsonObjectContextCustomizer@443c06d7, org.springframework.boot.test.mock.mockito.MockitoContextCustomizer@0, org.springframework.boot.test.web.client.TestRestTemplateContextCustomizer@c8b218d, org.springframework.boot.test.context.SpringBootTestArgs@1, org.springframework.boot.test.context.SpringBootTestWebEnvironment@35b75873], resourceBasePath = 'src/main/webapp', contextLoader = 'org.springframework.boot.test.context.SpringBootContextLoader', parent = [null]]]
2021-03-14 22:46:11.366 DEBUG 6824 --- [    Test worker] org.springframework.test.context.cache   : Spring test ApplicationContext cache statistics: [DefaultContextCache@5c87a09b size = 1, maxSize = 32, parentContextCount = 0, hitCount = 7, missCount = 1]
2021-03-14 22:46:11.374 DEBUG 6824 --- [    Test worker] c.DefaultCacheAwareContextLoaderDelegate : Retrieved ApplicationContext [2127710246] from cache with key [[WebMergedContextConfiguration@a7a137b testClass = SchedulleApplicationTests, locations = '{}', classes = '{class com.example.Schedulle.SchedulleApplication}', contextInitializerClasses = '[]', activeProfiles = '{}', propertySourceLocations = '{}', propertySourceProperties = '{org.springframework.boot.test.context.SpringBootTestContextBootstrapper=true}', contextCustomizers = set[org.springframework.boot.test.autoconfigure.actuate.metrics.MetricsExportContextCustomizerFactory$DisableMetricExportContextCustomizer@586e936f, org.springframework.boot.test.autoconfigure.properties.PropertyMappingContextCustomizer@0, org.springframework.boot.test.autoconfigure.web.servlet.WebDriverContextCustomizerFactory$Customizer@17b4ab04, org.springframework.boot.test.context.filter.ExcludeFilterContextCustomizer@3d53040c, org.springframework.boot.test.json.DuplicateJsonObjectContextCustomizerFactory$DuplicateJsonObjectContextCustomizer@443c06d7, org.springframework.boot.test.mock.mockito.MockitoContextCustomizer@0, org.springframework.boot.test.web.client.TestRestTemplateContextCustomizer@c8b218d, org.springframework.boot.test.context.SpringBootTestArgs@1, org.springframework.boot.test.context.SpringBootTestWebEnvironment@35b75873], resourceBasePath = 'src/main/webapp', contextLoader = 'org.springframework.boot.test.context.SpringBootContextLoader', parent = [null]]]
2021-03-14 22:46:11.374 DEBUG 6824 --- [    Test worker] org.springframework.test.context.cache   : Spring test ApplicationContext cache statistics: [DefaultContextCache@5c87a09b size = 1, maxSize = 32, parentContextCount = 0, hitCount = 8, missCount = 1]
2021-03-14 22:46:11.375 DEBUG 6824 --- [    Test worker] c.DefaultCacheAwareContextLoaderDelegate : Retrieved ApplicationContext [2127710246] from cache with key [[WebMergedContextConfiguration@a7a137b testClass = SchedulleApplicationTests, locations = '{}', classes = '{class com.example.Schedulle.SchedulleApplication}', contextInitializerClasses = '[]', activeProfiles = '{}', propertySourceLocations = '{}', propertySourceProperties = '{org.springframework.boot.test.context.SpringBootTestContextBootstrapper=true}', contextCustomizers = set[org.springframework.boot.test.autoconfigure.actuate.metrics.MetricsExportContextCustomizerFactory$DisableMetricExportContextCustomizer@586e936f, org.springframework.boot.test.autoconfigure.properties.PropertyMappingContextCustomizer@0, org.springframework.boot.test.autoconfigure.web.servlet.WebDriverContextCustomizerFactory$Customizer@17b4ab04, org.springframework.boot.test.context.filter.ExcludeFilterContextCustomizer@3d53040c, org.springframework.boot.test.json.DuplicateJsonObjectContextCustomizerFactory$DuplicateJsonObjectContextCustomizer@443c06d7, org.springframework.boot.test.mock.mockito.MockitoContextCustomizer@0, org.springframework.boot.test.web.client.TestRestTemplateContextCustomizer@c8b218d, org.springframework.boot.test.context.SpringBootTestArgs@1, org.springframework.boot.test.context.SpringBootTestWebEnvironment@35b75873], resourceBasePath = 'src/main/webapp', contextLoader = 'org.springframework.boot.test.context.SpringBootContextLoader', parent = [null]]]
2021-03-14 22:46:11.375 DEBUG 6824 --- [    Test worker] org.springframework.test.context.cache   : Spring test ApplicationContext cache statistics: [DefaultContextCache@5c87a09b size = 1, maxSize = 32, parentContextCount = 0, hitCount = 9, missCount = 1]
2021-03-14 22:46:11.376 DEBUG 6824 --- [    Test worker] c.DefaultCacheAwareContextLoaderDelegate : Retrieved ApplicationContext [2127710246] from cache with key [[WebMergedContextConfiguration@a7a137b testClass = SchedulleApplicationTests, locations = '{}', classes = '{class com.example.Schedulle.SchedulleApplication}', contextInitializerClasses = '[]', activeProfiles = '{}', propertySourceLocations = '{}', propertySourceProperties = '{org.springframework.boot.test.context.SpringBootTestContextBootstrapper=true}', contextCustomizers = set[org.springframework.boot.test.autoconfigure.actuate.metrics.MetricsExportContextCustomizerFactory$DisableMetricExportContextCustomizer@586e936f, org.springframework.boot.test.autoconfigure.properties.PropertyMappingContextCustomizer@0, org.springframework.boot.test.autoconfigure.web.servlet.WebDriverContextCustomizerFactory$Customizer@17b4ab04, org.springframework.boot.test.context.filter.ExcludeFilterContextCustomizer@3d53040c, org.springframework.boot.test.json.DuplicateJsonObjectContextCustomizerFactory$DuplicateJsonObjectContextCustomizer@443c06d7, org.springframework.boot.test.mock.mockito.MockitoContextCustomizer@0, org.springframework.boot.test.web.client.TestRestTemplateContextCustomizer@c8b218d, org.springframework.boot.test.context.SpringBootTestArgs@1, org.springframework.boot.test.context.SpringBootTestWebEnvironment@35b75873], resourceBasePath = 'src/main/webapp', contextLoader = 'org.springframework.boot.test.context.SpringBootContextLoader', parent = [null]]]
2021-03-14 22:46:11.377 DEBUG 6824 --- [    Test worker] org.springframework.test.context.cache   : Spring test ApplicationContext cache statistics: [DefaultContextCache@5c87a09b size = 1, maxSize = 32, parentContextCount = 0, hitCount = 10, missCount = 1]
2021-03-14 22:46:11.380 DEBUG 6824 --- [    Test worker] c.DefaultCacheAwareContextLoaderDelegate : Retrieved ApplicationContext [2127710246] from cache with key [[WebMergedContextConfiguration@a7a137b testClass = SchedulleApplicationTests, locations = '{}', classes = '{class com.example.Schedulle.SchedulleApplication}', contextInitializerClasses = '[]', activeProfiles = '{}', propertySourceLocations = '{}', propertySourceProperties = '{org.springframework.boot.test.context.SpringBootTestContextBootstrapper=true}', contextCustomizers = set[org.springframework.boot.test.autoconfigure.actuate.metrics.MetricsExportContextCustomizerFactory$DisableMetricExportContextCustomizer@586e936f, org.springframework.boot.test.autoconfigure.properties.PropertyMappingContextCustomizer@0, org.springframework.boot.test.autoconfigure.web.servlet.WebDriverContextCustomizerFactory$Customizer@17b4ab04, org.springframework.boot.test.context.filter.ExcludeFilterContextCustomizer@3d53040c, org.springframework.boot.test.json.DuplicateJsonObjectContextCustomizerFactory$DuplicateJsonObjectContextCustomizer@443c06d7, org.springframework.boot.test.mock.mockito.MockitoContextCustomizer@0, org.springframework.boot.test.web.client.TestRestTemplateContextCustomizer@c8b218d, org.springframework.boot.test.context.SpringBootTestArgs@1, org.springframework.boot.test.context.SpringBootTestWebEnvironment@35b75873], resourceBasePath = 'src/main/webapp', contextLoader = 'org.springframework.boot.test.context.SpringBootContextLoader', parent = [null]]]
2021-03-14 22:46:11.380 DEBUG 6824 --- [    Test worker] org.springframework.test.context.cache   : Spring test ApplicationContext cache statistics: [DefaultContextCache@5c87a09b size = 1, maxSize = 32, parentContextCount = 0, hitCount = 11, missCount = 1]
2021-03-14 22:46:11.387 DEBUG 6824 --- [    Test worker] tractDirtiesContextTestExecutionListener : After test method: context [DefaultTestContext@7dd05235 testClass = SchedulleApplicationTests, testInstance = com.example.Schedulle.SchedulleApplicationTests@2972c56e, testMethod = contextLoads@SchedulleApplicationTests, testException = [null], mergedContextConfiguration = [WebMergedContextConfiguration@a7a137b testClass = SchedulleApplicationTests, locations = '{}', classes = '{class com.example.Schedulle.SchedulleApplication}', contextInitializerClasses = '[]', activeProfiles = '{}', propertySourceLocations = '{}', propertySourceProperties = '{org.springframework.boot.test.context.SpringBootTestContextBootstrapper=true}', contextCustomizers = set[org.springframework.boot.test.autoconfigure.actuate.metrics.MetricsExportContextCustomizerFactory$DisableMetricExportContextCustomizer@586e936f, org.springframework.boot.test.autoconfigure.properties.PropertyMappingContextCustomizer@0, org.springframework.boot.test.autoconfigure.web.servlet.WebDriverContextCustomizerFactory$Customizer@17b4ab04, org.springframework.boot.test.context.filter.ExcludeFilterContextCustomizer@3d53040c, org.springframework.boot.test.json.DuplicateJsonObjectContextCustomizerFactory$DuplicateJsonObjectContextCustomizer@443c06d7, org.springframework.boot.test.mock.mockito.MockitoContextCustomizer@0, org.springframework.boot.test.web.client.TestRestTemplateContextCustomizer@c8b218d, org.springframework.boot.test.context.SpringBootTestArgs@1, org.springframework.boot.test.context.SpringBootTestWebEnvironment@35b75873], resourceBasePath = 'src/main/webapp', contextLoader = 'org.springframework.boot.test.context.SpringBootContextLoader', parent = [null]], attributes = map['org.springframework.test.context.web.ServletTestExecutionListener.activateListener' -> true, 'org.springframework.test.context.web.ServletTestExecutionListener.populatedRequestContextHolder' -> true, 'org.springframework.test.context.web.ServletTestExecutionListener.resetRequestContextHolder' -> true, 'org.springframework.test.context.event.ApplicationEventsTestExecutionListener.recordApplicationEvents' -> false]], class annotated with @DirtiesContext [false] with mode [null], method annotated with @DirtiesContext [false] with mode [null].
2021-03-14 22:46:11.388 DEBUG 6824 --- [    Test worker] o.s.t.c.w.ServletTestExecutionListener   : Resetting RequestContextHolder for test context [DefaultTestContext@7dd05235 testClass = SchedulleApplicationTests, testInstance = com.example.Schedulle.SchedulleApplicationTests@2972c56e, testMethod = contextLoads@SchedulleApplicationTests, testException = [null], mergedContextConfiguration = [WebMergedContextConfiguration@a7a137b testClass = SchedulleApplicationTests, locations = '{}', classes = '{class com.example.Schedulle.SchedulleApplication}', contextInitializerClasses = '[]', activeProfiles = '{}', propertySourceLocations = '{}', propertySourceProperties = '{org.springframework.boot.test.context.SpringBootTestContextBootstrapper=true}', contextCustomizers = set[org.springframework.boot.test.autoconfigure.actuate.metrics.MetricsExportContextCustomizerFactory$DisableMetricExportContextCustomizer@586e936f, org.springframework.boot.test.autoconfigure.properties.PropertyMappingContextCustomizer@0, org.springframework.boot.test.autoconfigure.web.servlet.WebDriverContextCustomizerFactory$Customizer@17b4ab04, org.springframework.boot.test.context.filter.ExcludeFilterContextCustomizer@3d53040c, org.springframework.boot.test.json.DuplicateJsonObjectContextCustomizerFactory$DuplicateJsonObjectContextCustomizer@443c06d7, org.springframework.boot.test.mock.mockito.MockitoContextCustomizer@0, org.springframework.boot.test.web.client.TestRestTemplateContextCustomizer@c8b218d, org.springframework.boot.test.context.SpringBootTestArgs@1, org.springframework.boot.test.context.SpringBootTestWebEnvironment@35b75873], resourceBasePath = 'src/main/webapp', contextLoader = 'org.springframework.boot.test.context.SpringBootContextLoader', parent = [null]], attributes = map['org.springframework.test.context.web.ServletTestExecutionListener.activateListener' -> true, 'org.springframework.test.context.web.ServletTestExecutionListener.populatedRequestContextHolder' -> true, 'org.springframework.test.context.web.ServletTestExecutionListener.resetRequestContextHolder' -> true, 'org.springframework.test.context.event.ApplicationEventsTestExecutionListener.recordApplicationEvents' -> false]].
2021-03-14 22:46:11.406 DEBUG 6824 --- [    Test worker] c.DefaultCacheAwareContextLoaderDelegate : Retrieved ApplicationContext [2127710246] from cache with key [[WebMergedContextConfiguration@a7a137b testClass = SchedulleApplicationTests, locations = '{}', classes = '{class com.example.Schedulle.SchedulleApplication}', contextInitializerClasses = '[]', activeProfiles = '{}', propertySourceLocations = '{}', propertySourceProperties = '{org.springframework.boot.test.context.SpringBootTestContextBootstrapper=true}', contextCustomizers = set[org.springframework.boot.test.autoconfigure.actuate.metrics.MetricsExportContextCustomizerFactory$DisableMetricExportContextCustomizer@586e936f, org.springframework.boot.test.autoconfigure.properties.PropertyMappingContextCustomizer@0, org.springframework.boot.test.autoconfigure.web.servlet.WebDriverContextCustomizerFactory$Customizer@17b4ab04, org.springframework.boot.test.context.filter.ExcludeFilterContextCustomizer@3d53040c, org.springframework.boot.test.json.DuplicateJsonObjectContextCustomizerFactory$DuplicateJsonObjectContextCustomizer@443c06d7, org.springframework.boot.test.mock.mockito.MockitoContextCustomizer@0, org.springframework.boot.test.web.client.TestRestTemplateContextCustomizer@c8b218d, org.springframework.boot.test.context.SpringBootTestArgs@1, org.springframework.boot.test.context.SpringBootTestWebEnvironment@35b75873], resourceBasePath = 'src/main/webapp', contextLoader = 'org.springframework.boot.test.context.SpringBootContextLoader', parent = [null]]]
2021-03-14 22:46:11.406 DEBUG 6824 --- [    Test worker] org.springframework.test.context.cache   : Spring test ApplicationContext cache statistics: [DefaultContextCache@5c87a09b size = 1, maxSize = 32, parentContextCount = 0, hitCount = 12, missCount = 1]
2021-03-14 22:46:11.407 DEBUG 6824 --- [    Test worker] tractDirtiesContextTestExecutionListener : After test class: context [DefaultTestContext@7dd05235 testClass = SchedulleApplicationTests, testInstance = [null], testMethod = [null], testException = [null], mergedContextConfiguration = [WebMergedContextConfiguration@a7a137b testClass = SchedulleApplicationTests, locations = '{}', classes = '{class com.example.Schedulle.SchedulleApplication}', contextInitializerClasses = '[]', activeProfiles = '{}', propertySourceLocations = '{}', propertySourceProperties = '{org.springframework.boot.test.context.SpringBootTestContextBootstrapper=true}', contextCustomizers = set[org.springframework.boot.test.autoconfigure.actuate.metrics.MetricsExportContextCustomizerFactory$DisableMetricExportContextCustomizer@586e936f, org.springframework.boot.test.autoconfigure.properties.PropertyMappingContextCustomizer@0, org.springframework.boot.test.autoconfigure.web.servlet.WebDriverContextCustomizerFactory$Customizer@17b4ab04, org.springframework.boot.test.context.filter.ExcludeFilterContextCustomizer@3d53040c, org.springframework.boot.test.json.DuplicateJsonObjectContextCustomizerFactory$DuplicateJsonObjectContextCustomizer@443c06d7, org.springframework.boot.test.mock.mockito.MockitoContextCustomizer@0, org.springframework.boot.test.web.client.TestRestTemplateContextCustomizer@c8b218d, org.springframework.boot.test.context.SpringBootTestArgs@1, org.springframework.boot.test.context.SpringBootTestWebEnvironment@35b75873], resourceBasePath = 'src/main/webapp', contextLoader = 'org.springframework.boot.test.context.SpringBootContextLoader', parent = [null]], attributes = map['org.springframework.test.context.web.ServletTestExecutionListener.activateListener' -> true, 'org.springframework.test.context.event.ApplicationEventsTestExecutionListener.recordApplicationEvents' -> false, 'org.springframework.test.context.support.DependencyInjectionTestExecutionListener.reinjectDependencies' -> true]], class annotated with @DirtiesContext [false] with mode [null].
]]></system-out>
  <system-err><![CDATA[]]></system-err>
</testsuite>
